VPR FPGA Placement and Routing.
Version: 8.1.0-dev+dadca7ecf
Revision: v8.0.0-rc2-2894-gdadca7ecf
Compiled: 2021-01-14T13:13:16
Compiler: GNU 9.3.0 on Linux-5.4.0-faked aarch64
Build Info: release IPO VTR_ASSERT_LEVEL=2

University of Toronto
verilogtorouting.org
vtr-users@googlegroups.com
This is free open source code under MIT license.

VPR was run with the following command-line:
vpr /root/symbiflow/quicklogic-arch-defs/share/arch/ql-eos-s3_wlcsp/arch.timing.xml helloworldfpga.eblif --device ql-eos-s3 --max_router_iterations 500 --routing_failure_predictor off --router_high_fanout_threshold -1 --constant_net_method route --route_chan_width 100 --clock_modeling route --place_delay_model delta_override --router_lookahead map --check_route quick --strict_checks off --allow_dangling_combinational_nodes on --disable_errors check_unbuffered_edges:check_route --congested_routing_iteration_threshold 0.8 --incremental_reroute_delay_ripup off --base_cost_type delay_normalized_length_bounded --bb_factor 10 --initial_pres_fac 4.0 --check_rr_graph off --suppress_warnings ,sum_pin_class:check_unbuffered_edges:load_rr_indexed_data_T_values:check_rr_node:trans_per_R:check_route:set_rr_graph_tool_comment:warn_model_missing_timing --read_rr_graph /root/symbiflow/quicklogic-arch-defs/share/arch/ql-eos-s3_wlcsp/rr_graph_ql-eos-s3_wlcsp.rr_graph.real.bin --read_placement_delay_lookup /root/symbiflow/quicklogic-arch-defs/share/arch/ql-eos-s3_wlcsp/rr_graph_ql-eos-s3_wlcsp.place_delay.bin --sdc_file /storage/emulated/0/github/pygmy/setup/codes/blink/build/helloworldfpga_dummy.sdc --fix_clusters helloworldfpga_constraints.place --place


Architecture file: /root/symbiflow/quicklogic-arch-defs/share/arch/ql-eos-s3_wlcsp/arch.timing.xml
Circuit name: helloworldfpga

# Loading Architecture Description
# Loading Architecture Description took 0.41 seconds (max_rss 27.2 MiB, delta_rss +23.8 MiB)
# Building complex block graph
# Building complex block graph took 0.09 seconds (max_rss 34.0 MiB, delta_rss +6.7 MiB)
# Load circuit
# Load circuit took 0.01 seconds (max_rss 34.8 MiB, delta_rss +0.8 MiB)
# Clean circuit
Absorbed 708 LUT buffers
Inferred  106 additional primitive pins as constant generators since they have no combinationally connected inputs
Inferred   37 additional primitive pins as constant generators due to constant inputs
Inferred    0 additional primitive pins as constant generators since they have no combinationally connected inputs
Inferred    0 additional primitive pins as constant generators due to constant inputs
Inferred    0 additional primitive pins as constant generators since they have no combinationally connected inputs
Inferred    0 additional primitive pins as constant generators due to constant inputs
Swept input(s)      : 0
Swept output(s)     : 0 (0 dangling, 0 constant)
Swept net(s)        : 141
Swept block(s)      : 1
Constant Pins Marked: 143
# Clean circuit took 0.00 seconds (max_rss 35.0 MiB, delta_rss +0.3 MiB)
# Compress circuit
# Compress circuit took 0.00 seconds (max_rss 35.0 MiB, delta_rss +0.0 MiB)
# Verify circuit
# Verify circuit took 0.00 seconds (max_rss 35.0 MiB, delta_rss +0.0 MiB)
Circuit Statistics:
  Blocks: 101
    .output   :       3
    ASSP      :       1
    BIDIR_CELL:       3
    C_FRAG    :      13
    F_FRAG    :       2
    GND       :       1
    Q_FRAG    :      28
    T_FRAG    :      49
    VCC       :       1
  Nets  : 98
    Avg Fanout:     9.1
    Max Fanout:   394.0
    Min Fanout:     1.0
  Netlist Clocks: 1
# Build Timing Graph
  Timing Graph Nodes: 985
  Timing Graph Edges: 1551
  Timing Graph Levels: 24
# Build Timing Graph took 0.00 seconds (max_rss 35.0 MiB, delta_rss +0.0 MiB)
Netlist contains 1 clocks
  Netlist Clock 'clk' Fanout: 28 pins (2.8%), 28 blocks (27.7%)
# Load Timing Constraints

SDC file '/storage/emulated/0/github/pygmy/setup/codes/blink/build/helloworldfpga_dummy.sdc' contained no SDC commands
Setting default timing constraints:
   * constrain all primay inputs and primary outputs on netlist clock 'clk'
   * optimize netlist clock to run as fast as possible
Timing constraints created 1 clocks
  Constrained Clock 'clk' Source: 'u_qlal4s3b_cell_macro.Sys_Clk0[0]'

# Load Timing Constraints took 0.00 seconds (max_rss 35.0 MiB, delta_rss +0.0 MiB)
Timing analysis: ON
Circuit netlist file: helloworldfpga.net
Circuit placement file: helloworldfpga.place
Circuit routing file: helloworldfpga.route
Circuit SDC file: /storage/emulated/0/github/pygmy/setup/codes/blink/build/helloworldfpga_dummy.sdc

Packer: ENABLED
Placer: ENABLED
Router: DISABLED
Analysis: DISABLED

NetlistOpts.abosrb_buffer_luts            : true
NetlistOpts.sweep_dangling_primary_ios    : true
NetlistOpts.sweep_dangling_nets           : true
NetlistOpts.sweep_dangling_blocks         : true
NetlistOpts.sweep_constant_primary_outputs: false
NetlistOpts.netlist_verbosity             : 1
NetlistOpts.const_gen_inference           : COMB_SEQ

PackerOpts.allow_unrelated_clustering: auto
PackerOpts.alpha_clustering: 0.750000
PackerOpts.beta_clustering: 0.900000
PackerOpts.cluster_seed_type: BLEND2
PackerOpts.connection_driven: true
PackerOpts.global_clocks: true
PackerOpts.hill_climbing_flag: false
PackerOpts.inter_cluster_net_delay: 1.000000
PackerOpts.timing_driven: true
PackerOpts.target_external_pin_util: auto

PlacerOpts.place_freq: PLACE_ONCE
PlacerOpts.place_algorithm: CRITICALITY_TIMING_PLACE
PlacerOpts.pad_loc_type: FREE
PlacerOpts.constraints_file: Using constraints file 'helloworldfpga_constraints.place'
PlacerOpts.place_cost_exp: 1.000000
PlacerOpts.place_chan_width: 100
PlacerOpts.inner_loop_recompute_divider: 0
PlacerOpts.recompute_crit_iter: 1
PlacerOpts.timing_tradeoff: 0.500000
PlacerOpts.td_place_exp_first: 1.000000
PlacerOpts.td_place_exp_last: 8.000000
PlacerOpts.delay_offset: 0.000000
PlacerOpts.delay_ramp_delta_threshold: -1
PlacerOpts.delay_ramp_slope: 0.000000
PlacerOpts.tsu_rel_margin: 1.000000
PlacerOpts.tsu_abs_margin: 0.000000
PlacerOpts.post_place_timing_report_file: 
PlacerOpts.allowed_tiles_for_delay_model: 
PlacerOpts.delay_model_reducer: MIN
PlacerOpts.delay_model_type: DELTA_OVERRIDE
PlacerOpts.rlim_escape_fraction: 0.000000
PlacerOpts.move_stats_file: 
PlacerOpts.placement_saves_per_temperature: 0
PlacerOpts.effort_scaling: CIRCUIT
PlacerOpts.place_delta_delay_matrix_calculation_method: ASTAR_ROUTE
PlaceOpts.seed: 1
AnnealSched.type: AUTO_SCHED
AnnealSched.inner_num: 1.000000

RoutingArch.directionality: BI_DIRECTIONAL
RoutingArch.switch_block_type: WILTON
RoutingArch.Fs: 3

# Load Packing
Begin loading packed FPGA netlist file.
Netlist generated from file 'helloworldfpga.net'.
Detected 2 constant generators (to see names run with higher pack verbosity)
Finished loading packed FPGA netlist file (took 0.023058 seconds).
# Load Packing took 0.02 seconds (max_rss 35.8 MiB, delta_rss +0.8 MiB)
Warning 1: Netlist contains 0 global net to non-global architecture pin connections
Warning 2: Logic block #42 ($false) has only 1 output pin '$false.GND0_GND[0]'. It may be a constant generator.
Warning 3: Logic block #43 ($true) has only 1 output pin '$true.VCC0_VCC[0]'. It may be a constant generator.

Netlist num_nets: 72
Netlist num_blocks: 44
Netlist EMPTY blocks: 0.
Netlist PB-GMUX blocks: 0.
Netlist PB-LOGIC blocks: 38.
Netlist PB-CLOCK blocks: 0.
Netlist PB-MULT blocks: 0.
Netlist PB-SDIOMUX blocks: 0.
Netlist PB-RAM blocks: 0.
Netlist PB-SYN_VCC blocks: 1.
Netlist PB-BIDIR blocks: 3.
Netlist PB-SYN_GND blocks: 1.
Netlist PB-ASSP blocks: 1.
Netlist inputs pins: 0
Netlist output pins: 9


Pb types usage...
  PB-LOGIC          : 38
   LOGIC            : 38
    FRAGS           : 38
     c_frag_modes   : 38
      SINGLE        : 13
       c_frag       : 13
      SPLIT         : 25
       b_frag       : 25
       t_frag       : 24
     f_frag         : 2
     q_frag_modes   : 28
      INT           : 23
       q_frag       : 23
      EXT           : 5
       q_frag       : 5
  PB-SYN_VCC        : 1
   VCC              : 1
  PB-BIDIR          : 3
   BIDIR            : 3
    OUTPUT          : 3
     bidir          : 3
     outpad         : 3
  PB-SYN_GND        : 1
   GND              : 1
  PB-ASSP           : 1
   ASSP             : 1

# Create Device
## Build Device Grid
FPGA sized to 39 x 35: 1365 grid tiles (ql-eos-s3)

Resource usage...
	Netlist
		0	blocks of type: PB-GMUX
	Architecture
		5	blocks of type: TL-GMUX
	Netlist
		38	blocks of type: PB-LOGIC
	Architecture
		891	blocks of type: TL-LOGIC
	Netlist
		0	blocks of type: PB-CLOCK
	Architecture
		5	blocks of type: TL-CLOCK
	Netlist
		0	blocks of type: PB-MULT
	Architecture
		2	blocks of type: TL-MULT
	Netlist
		0	blocks of type: PB-SDIOMUX
	Architecture
		14	blocks of type: TL-SDIOMUX
	Netlist
		0	blocks of type: PB-RAM
	Architecture
		4	blocks of type: TL-RAM
	Netlist
		1	blocks of type: PB-SYN_VCC
	Architecture
		1	blocks of type: TL-SYN_VCC
	Netlist
		3	blocks of type: PB-BIDIR
	Architecture
		32	blocks of type: TL-BIDIR
	Netlist
		1	blocks of type: PB-SYN_GND
	Architecture
		1	blocks of type: TL-SYN_GND
	Netlist
		1	blocks of type: PB-ASSP
	Architecture
		1	blocks of type: TL-ASSP

Device Utilization: 0.03 (target 1.00)
	Physical Tile TL-LOGIC:
	Block Utilization: 0.04 Logical Block: PB-LOGIC
	Physical Tile TL-RAM:
	Block Utilization: 0.00 Logical Block: PB-RAM
	Physical Tile TL-MULT:
	Block Utilization: 0.00 Logical Block: PB-MULT
	Physical Tile TL-BIDIR:
	Block Utilization: 0.09 Logical Block: PB-BIDIR
	Physical Tile TL-CLOCK:
	Block Utilization: 0.00 Logical Block: PB-CLOCK
	Physical Tile TL-SDIOMUX:
	Block Utilization: 0.00 Logical Block: PB-SDIOMUX
	Physical Tile TL-GMUX:
	Block Utilization: 0.00 Logical Block: PB-GMUX
	Physical Tile TL-ASSP:
	Block Utilization: 1.00 Logical Block: PB-ASSP
	Physical Tile TL-SYN_VCC:
	Block Utilization: 1.00 Logical Block: PB-SYN_VCC
	Physical Tile TL-SYN_GND:
	Block Utilization: 1.00 Logical Block: PB-SYN_GND

## Build Device Grid took 0.01 seconds (max_rss 35.9 MiB, delta_rss +0.0 MiB)
## Loading routing resource graph


## Loading routing resource graph took 0.56 seconds (max_rss 343.7 MiB, delta_rss +307.7 MiB)
  RR Graph Nodes: 1396446
  RR Graph Edges: 2337988
# Create Device took 1.78 seconds (max_rss 391.3 MiB, delta_rss +355.4 MiB)

# Computing router lookahead map
## Computing wire lookahead
Warning 4: Unable to find any sample location for segment CHANX type 'generic' (length 1)
Warning 5: Unable to find any sample location for segment CHANY type 'generic' (length 1)
Warning 6: Unable to find any sample location for segment CHANX type 'pad' (length 1)
Warning 7: Unable to find any sample location for segment CHANY type 'pad' (length 1)
## Computing wire lookahead took 25.67 seconds (max_rss 391.3 MiB, delta_rss +0.0 MiB)
## Computing src/opin lookahead
## Computing src/opin lookahead took 0.00 seconds (max_rss 391.3 MiB, delta_rss +0.0 MiB)
# Computing router lookahead map took 25.67 seconds (max_rss 391.3 MiB, delta_rss +0.0 MiB)
# Placement
## Computing placement delta delay look-up
  RR Graph Nodes: 1396446
  RR Graph Edges: 2337988
## Computing placement delta delay look-up took 1.12 seconds (max_rss 449.3 MiB, delta_rss +58.0 MiB)
Warning 8: CHANX place cost fac is 0 at 2 2
Warning 9: CHANX place cost fac is 0 at 34 34
Warning 10: CHANY place cost fac is 0 at 38 38
## Initial Placement
Reading helloworldfpga_constraints.place.

Successfully read helloworldfpga_constraints.place.

## Initial Placement took 0.00 seconds (max_rss 449.3 MiB, delta_rss +0.0 MiB)

There are 837 point to point connections in this circuit.


BB estimate of min-dist (placement) wire length: 3334

Completed placement consistency check successfully.
Initial placement cost: 1 bb_cost: 4.94907 td_cost: 1.24605e-06
Initial placement estimated Critical Path Delay (CPD): 105.566 ns
Initial placement estimated setup Total Negative Slack (sTNS): -1791.25 ns
Initial placement estimated setup Worst Negative Slack (sWNS): -105.566 ns

Initial placement estimated setup slack histogram:
[ -1.1e-07: -9.6e-08) 4 ( 13.3%) |**********************
[ -9.6e-08: -8.6e-08) 9 ( 30.0%) |*************************************************
[ -8.6e-08: -7.7e-08) 0 (  0.0%) |
[ -7.7e-08: -6.7e-08) 1 (  3.3%) |*****
[ -6.7e-08: -5.8e-08) 2 (  6.7%) |***********
[ -5.8e-08: -4.8e-08) 0 (  0.0%) |
[ -4.8e-08: -3.9e-08) 1 (  3.3%) |*****
[ -3.9e-08: -2.9e-08) 7 ( 23.3%) |**************************************
[ -2.9e-08: -1.9e-08) 2 (  6.7%) |***********
[ -1.9e-08: -9.8e-09) 4 ( 13.3%) |**********************
Placement contains 0 placement macros involving 0 blocks (average macro size nan)

Moves per temperature: 155
Warning 11: Starting t: 42 of 44 configurations accepted.

---- ------ ------- ------- ---------- ---------- ------- ---------- -------- ------- ------- ------ -------- --------- ------
Tnum   Time       T Av Cost Av BB Cost Av TD Cost     CPD       sTNS     sWNS Ac Rate Std Dev  R lim Crit Exp Tot Moves  Alpha
      (sec)                                          (ns)       (ns)     (ns)                                                 
---- ------ ------- ------- ---------- ---------- ------- ---------- -------- ------- ------- ------ -------- --------- ------
   1    0.0 4.9e-01   1.003       5.20 1.2323e-06 106.865  -1.87e+03 -106.865   0.903  0.0384   38.0     1.00       155  0.200
   2    0.0 4.4e-01   0.989       5.13 1.172e-06  108.661  -1.93e+03 -108.661   0.923  0.0425   38.0     1.00       310  0.900
   3    0.0 4.0e-01   1.025       5.22 1.2129e-06 109.156  -1.96e+03 -109.156   0.903  0.0210   38.0     1.00       465  0.900
   4    0.0 3.6e-01   1.049       5.37 1.2738e-06 105.156  -1.82e+03 -105.156   0.903  0.0429   38.0     1.00       620  0.900
   5    0.0 3.2e-01   0.944       5.26 1.1735e-06 120.714  -2.09e+03 -120.714   0.903  0.0284   38.0     1.00       775  0.900
   6    0.0 2.9e-01   1.007       5.38 1.2714e-06 105.903  -1.89e+03 -105.903   0.903  0.0450   38.0     1.00       930  0.900
   7    0.0 2.6e-01   1.015       5.41 1.1813e-06 116.442  -2.12e+03 -116.442   0.884  0.0244   38.0     1.00      1085  0.900
   8    0.0 2.4e-01   1.004       5.36 1.2244e-06 105.258  -1.87e+03 -105.258   0.916  0.0259   38.0     1.00      1240  0.900
   9    0.0 2.1e-01   1.009       5.54 1.2324e-06 119.471  -2.11e+03 -119.471   0.897  0.0290   38.0     1.00      1395  0.900
  10    0.0 1.9e-01   1.043       5.36 1.2196e-06 100.956   -1.8e+03 -100.956   0.923  0.0299   38.0     1.00      1550  0.900
  11    0.0 1.7e-01   1.041       5.42 1.2376e-06 109.726  -1.93e+03 -109.726   0.916  0.0302   38.0     1.00      1705  0.900
  12    0.0 1.5e-01   0.963       5.39 1.2364e-06 117.857  -1.96e+03 -117.857   0.871  0.0210   38.0     1.00      1860  0.900
  13    0.0 1.4e-01   0.968       5.10 1.1973e-06 110.881  -1.86e+03 -110.881   0.903  0.0355   38.0     1.00      2015  0.900
  14    0.0 1.3e-01   1.042       5.25 1.2044e-06 107.241  -1.82e+03 -107.241   0.903  0.0454   38.0     1.00      2170  0.900
  15    0.0 1.1e-01   0.974       5.37 1.2401e-06 119.968  -1.96e+03 -119.968   0.923  0.0276   38.0     1.00      2325  0.900
  16    0.0 1.0e-01   0.976       5.38 1.1964e-06 116.388  -2.03e+03 -116.388   0.942  0.0243   38.0     1.00      2480  0.900
  17    0.0 9.1e-02   0.969       5.26 1.2204e-06 109.031  -1.92e+03 -109.031   0.903  0.0259   38.0     1.00      2635  0.900
  18    0.0 8.2e-02   0.984       5.28 1.1851e-06 111.383  -1.91e+03 -111.383   0.948  0.0260   38.0     1.00      2790  0.900
  19    0.0 7.4e-02   1.020       5.17 1.1311e-06 116.007  -2.05e+03 -116.007   0.897  0.0192   38.0     1.00      2945  0.900
  20    0.0 6.7e-02   0.972       4.99 1.1537e-06 102.792  -1.77e+03 -102.792   0.845  0.0345   38.0     1.00      3100  0.900
  21    0.0 6.0e-02   0.994       5.31 1.2773e-06 100.817  -1.69e+03 -100.817   0.877  0.0384   38.0     1.00      3255  0.900
  22    0.0 5.4e-02   1.044       5.43 1.2614e-06 118.892  -2.01e+03 -118.892   0.871  0.0316   38.0     1.00      3410  0.900
  23    0.0 4.9e-02   1.006       5.22 1.2214e-06 110.033  -1.92e+03 -110.033   0.845  0.0315   38.0     1.00      3565  0.900
  24    0.0 4.4e-02   0.986       5.01 1.1556e-06 109.303  -1.83e+03 -109.303   0.845  0.0259   38.0     1.00      3720  0.900
  25    0.0 3.9e-02   1.035       5.02 1.1296e-06 101.851  -1.67e+03 -101.851   0.832  0.0547   38.0     1.00      3875  0.900
  26    0.0 3.5e-02   0.978       5.21 1.1738e-06 113.817  -2.08e+03 -113.817   0.845  0.0220   38.0     1.00      4030  0.900
  27    0.0 3.2e-02   1.006       5.15 1.1914e-06  98.459  -1.76e+03  -98.459   0.819  0.0406   38.0     1.00      4185  0.900
  28    0.0 2.9e-02   1.008       5.02 1.1449e-06  94.236  -1.76e+03  -94.236   0.787  0.0218   38.0     1.00      4340  0.900
  29    0.0 2.7e-02   1.026       4.98 1.1888e-06 100.084   -1.8e+03 -100.084   0.710  0.0376   38.0     1.00      4495  0.950
  30    0.0 2.6e-02   1.019       4.91 1.1563e-06 107.353  -1.79e+03 -107.353   0.787  0.0306   38.0     1.00      4650  0.950
  31    0.0 2.5e-02   0.981       4.76 1.1216e-06  96.607  -1.74e+03  -96.607   0.723  0.0240   38.0     1.00      4805  0.950
  32    0.0 2.3e-02   1.001       4.86 1.1415e-06  99.768  -1.75e+03  -99.768   0.787  0.0252   38.0     1.00      4960  0.950
  33    0.0 2.2e-02   0.994       5.13 1.1631e-06 101.560  -1.83e+03 -101.560   0.794  0.0207   38.0     1.00      5115  0.950
  34    0.0 2.1e-02   0.991       5.02 1.1407e-06 104.396  -1.87e+03 -104.396   0.716  0.0246   38.0     1.00      5270  0.950
  35    0.0 2.0e-02   0.962       4.91 1.1385e-06  97.840  -1.71e+03  -97.840   0.755  0.0406   38.0     1.00      5425  0.950
  36    0.0 1.9e-02   0.983       4.72 1.0888e-06 101.203  -1.77e+03 -101.203   0.658  0.0297   38.0     1.00      5580  0.950
  37    0.0 1.8e-02   1.050       4.84 1.1053e-06 114.987  -1.84e+03 -114.987   0.703  0.0553   38.0     1.00      5735  0.950
  38    0.0 1.7e-02   0.999       5.00 1.1172e-06 113.489  -1.93e+03 -113.489   0.690  0.0316   38.0     1.00      5890  0.950
  39    0.0 1.6e-02   1.001       5.03 1.1269e-06 116.034  -2.05e+03 -116.034   0.716  0.0379   38.0     1.00      6045  0.950
  40    0.0 1.6e-02   1.052       4.72 1.13e-06   104.253  -1.65e+03 -104.253   0.581  0.0265   38.0     1.00      6200  0.950
  41    0.0 1.5e-02   0.964       4.41 1.0759e-06  97.903  -1.75e+03  -97.903   0.632  0.0175   38.0     1.00      6355  0.950
  42    0.0 1.4e-02   0.992       4.36 1.0733e-06  96.395  -1.69e+03  -96.395   0.594  0.0541   38.0     1.00      6510  0.950
  43    0.0 1.3e-02   1.028       4.48 1.0838e-06  90.619  -1.52e+03  -90.619   0.548  0.0212   38.0     1.00      6665  0.950
  44    0.0 1.3e-02   1.000       4.57 1.0922e-06  98.870  -1.64e+03  -98.870   0.639  0.0322   38.0     1.00      6820  0.950
  45    0.0 1.2e-02   0.956       4.44 9.8961e-07  94.265  -1.66e+03  -94.265   0.568  0.0238   38.0     1.00      6975  0.950
  46    0.0 1.1e-02   0.996       4.49 9.839e-07  101.098  -1.73e+03 -101.098   0.510  0.0153   38.0     1.00      7130  0.950
  47    0.0 1.1e-02   0.980       4.17 1.0151e-06  86.412  -1.48e+03  -86.412   0.503  0.0210   38.0     1.00      7285  0.950
  48    0.0 1.0e-02   0.993       4.35 1.0007e-06  87.036  -1.57e+03  -87.036   0.471  0.0375   38.0     1.00      7440  0.950
  49    0.0 9.8e-03   1.010       4.09 9.7534e-07  88.012  -1.59e+03  -88.012   0.471  0.0193   38.0     1.00      7595  0.950
  50    0.0 9.3e-03   0.992       4.03 9.6742e-07  84.818  -1.47e+03  -84.818   0.426  0.0288   38.0     1.00      7750  0.950
  51    0.0 8.8e-03   1.029       3.92 9.073e-07   89.675   -1.6e+03  -89.675   0.394  0.0248   37.5     1.10      7905  0.950
  52    0.0 8.4e-03   0.967       3.98 8.1122e-07  92.170  -1.61e+03  -92.170   0.458  0.0321   35.7     1.43      8060  0.950
  53    0.0 8.0e-03   0.975       4.02 8.3403e-07  92.212   -1.6e+03  -92.212   0.400  0.0150   36.4     1.31      8215  0.950
  54    0.0 7.6e-03   0.977       4.14 7.7249e-07  87.987  -1.57e+03  -87.987   0.394  0.0165   34.9     1.58      8370  0.950
  55    0.0 7.2e-03   0.983       4.11 7.4385e-07  90.850  -1.57e+03  -90.850   0.348  0.0155   33.3     1.89      8525  0.950
  56    0.0 6.8e-03   1.017       4.08 6.5422e-07  89.640  -1.55e+03  -89.640   0.400  0.0247   30.2     2.47      8680  0.950
  57    0.0 6.5e-03   1.000       4.02 6.2832e-07  82.293  -1.44e+03  -82.293   0.310  0.0212   29.0     2.70      8835  0.950
  58    0.0 6.2e-03   0.950       3.79 4.7218e-07  91.657  -1.52e+03  -91.657   0.323  0.0324   25.2     3.41      8990  0.950
  59    0.0 5.8e-03   0.963       3.55 4.2713e-07  92.614  -1.51e+03  -92.614   0.219  0.0123   22.3     3.97      9145  0.950
  60    0.0 5.6e-03   0.997       3.51 3.6845e-07  81.431  -1.43e+03  -81.431   0.271  0.0221   17.4     4.90      9300  0.950
  61    0.0 5.3e-03   0.978       3.39 3.7307e-07  78.738  -1.43e+03  -78.738   0.310  0.0183   14.4     5.46      9455  0.950
  62    0.0 5.0e-03   0.974       3.29 3.6098e-07  74.610  -1.34e+03  -74.610   0.271  0.0212   12.5     5.81      9610  0.950
  63    0.0 4.8e-03   1.035       3.40 2.8514e-07  71.935  -1.22e+03  -71.935   0.245  0.0223   10.4     6.22      9765  0.950
  64    0.0 4.5e-03   0.987       3.46 2.7897e-07  77.105  -1.35e+03  -77.105   0.426  0.0113    8.4     6.60      9920  0.950
  65    0.0 4.3e-03   0.970       3.39 3.0021e-07  74.681  -1.35e+03  -74.681   0.329  0.0432    8.3     6.62     10075  0.950
  66    0.0 4.1e-03   0.998       3.10 3.0226e-07  68.418  -1.22e+03  -68.418   0.232  0.0111    7.4     6.80     10230  0.950
  67    0.0 3.9e-03   0.998       3.08 3.1799e-07  66.788  -1.22e+03  -66.788   0.394  0.0059    5.8     7.09     10385  0.950
  68    0.0 3.7e-03   1.033       3.24 3.286e-07   64.260  -1.14e+03  -64.260   0.439  0.0205    5.6     7.14     10540  0.950
  69    0.0 3.5e-03   0.945       3.09 3.0458e-07  68.161   -1.2e+03  -68.161   0.465  0.0196    5.6     7.14     10695  0.950
  70    0.0 3.3e-03   0.966       2.88 2.8358e-07  67.608  -1.24e+03  -67.608   0.329  0.0160    5.7     7.11     10850  0.950
  71    0.0 3.2e-03   0.988       2.91 2.7979e-07  65.524  -1.21e+03  -65.524   0.303  0.0098    5.1     7.23     11005  0.950
  72    0.0 3.0e-03   1.002       2.84 2.8322e-07  65.252  -1.22e+03  -65.252   0.400  0.0062    4.4     7.36     11160  0.950
  73    0.0 2.9e-03   1.013       2.87 3.0305e-07  64.294  -1.19e+03  -64.294   0.355  0.0085    4.2     7.40     11315  0.950
  74    0.0 2.7e-03   0.992       2.83 2.9595e-07  62.286  -1.16e+03  -62.286   0.458  0.0122    3.8     7.46     11470  0.950
  75    0.0 2.6e-03   0.999       2.84 2.5698e-07  65.102  -1.17e+03  -65.102   0.316  0.0043    3.9     7.45     11625  0.950
  76    0.0 2.4e-03   0.981       2.78 2.4303e-07  64.718  -1.18e+03  -64.718   0.335  0.0138    3.4     7.54     11780  0.950
  77    0.0 2.3e-03   0.978       2.70 2.7896e-07  60.730   -1.1e+03  -60.730   0.284  0.0079    3.1     7.61     11935  0.950
  78    0.0 2.2e-03   1.004       2.67 2.3741e-07  63.353  -1.15e+03  -63.353   0.400  0.0047    2.6     7.70     12090  0.950
  79    0.0 2.1e-03   0.971       2.60 2.6989e-07  60.824  -1.11e+03  -60.824   0.387  0.0178    2.5     7.72     12245  0.950
  80    0.0 2.0e-03   1.002       2.57 2.5745e-07  59.335  -1.04e+03  -59.335   0.232  0.0075    2.3     7.74     12400  0.950
  81    0.0 1.9e-03   0.988       2.58 2.7313e-07  56.835  -1.03e+03  -56.835   0.419  0.0088    1.9     7.84     12555  0.950
  82    0.0 1.8e-03   0.991       2.59 2.2515e-07  57.991  -1.04e+03  -57.991   0.400  0.0091    1.8     7.84     12710  0.950
  83    0.0 1.7e-03   0.995       2.55 2.3083e-07  56.687  -1.02e+03  -56.687   0.316  0.0046    1.8     7.86     12865  0.950
  84    0.0 1.6e-03   0.981       2.54 2.2796e-07  58.937  -1.06e+03  -58.937   0.355  0.0112    1.5     7.90     13020  0.950
  85    0.0 1.5e-03   0.989       2.48 2.2188e-07  56.232  -1.02e+03  -56.232   0.323  0.0052    1.4     7.92     13175  0.950
  86    0.0 1.5e-03   0.995       2.48 2.118e-07   55.705       -997  -55.705   0.277  0.0056    1.2     7.95     13330  0.950
  87    0.0 1.4e-03   0.975       2.48 2.394e-07   54.923       -995  -54.923   0.219  0.0070    1.0     7.99     13485  0.950
  88    0.0 1.3e-03   0.999       2.50 1.9072e-07  56.397  -1.01e+03  -56.397   0.200  0.0030    1.0     8.00     13640  0.950
  89    0.0 1.3e-03   0.995       2.48 2.2563e-07  56.280  -1.02e+03  -56.280   0.213  0.0065    1.0     8.00     13795  0.950
  90    0.0 1.2e-03   0.998       2.48 1.7414e-07  59.382  -1.05e+03  -59.382   0.213  0.0035    1.0     8.00     13950  0.950
  91    0.0 1.1e-03   1.002       2.49 1.7569e-07  59.074  -1.05e+03  -59.074   0.232  0.0035    1.0     8.00     14105  0.950
  92    0.0 1.1e-03   1.007       2.48 2.0602e-07  58.722  -1.04e+03  -58.722   0.297  0.0020    1.0     8.00     14260  0.950
  93    0.0 1.0e-03   0.991       2.47 1.8143e-07  59.541  -1.05e+03  -59.541   0.181  0.0061    1.0     8.00     14415  0.950
  94    0.0 9.7e-04   0.994       2.45 2.0581e-07  57.909  -1.03e+03  -57.909   0.206  0.0063    1.0     8.00     14570  0.950
  95    0.0 9.2e-04   0.997       2.43 2.2935e-07  54.658       -987  -54.658   0.168  0.0014    1.0     8.00     14725  0.950
  96    0.0 8.8e-04   0.993       2.41 2.0715e-07  55.672       -994  -55.672   0.181  0.0034    1.0     8.00     14880  0.950
  97    0.0 8.3e-04   0.997       2.39 2.0441e-07  55.083       -993  -55.083   0.097  0.0037    1.0     8.00     15035  0.950
  98    0.0 6.7e-04   0.995       2.38 2.0685e-07  55.828       -997  -55.828   0.116  0.0023    1.0     8.00     15190  0.800
  99    0.0 5.3e-04   0.998       2.38 2.0248e-07  56.409     -1e+03  -56.409   0.090  0.0018    1.0     8.00     15345  0.800
 100    0.0 4.3e-04   0.996       2.38 1.9485e-07  56.060       -994  -56.060   0.058  0.0017    1.0     8.00     15500  0.800
 101    0.0 3.4e-04   0.999       2.38 2.1105e-07  54.997       -984  -54.997   0.058  0.0005    1.0     8.00     15655  0.800
 102    0.0 2.7e-04   0.998       2.37 2.2001e-07  54.997       -983  -54.997   0.052  0.0016    1.0     8.00     15810  0.800
 103    0.0 2.2e-04   1.000       2.37 2.1423e-07  54.997       -986  -54.997   0.026  0.0002    1.0     8.00     15965  0.800
 104    0.0 1.7e-04   1.000       2.37 2.1345e-07  55.023       -985  -55.023   0.039  0.0007    1.0     8.00     16120  0.800
 105    0.0 1.4e-04   1.000       2.37 2.1856e-07  54.441       -977  -54.441   0.013  0.0003    1.0     8.00     16275  0.800
 106    0.0 1.1e-04   0.998       2.37 2.1098e-07  54.441       -974  -54.441   0.019  0.0005    1.0     8.00     16430  0.800
 107    0.0 8.9e-05   0.999       2.37 2.1298e-07  54.492       -974  -54.492   0.019  0.0013    1.0     8.00     16585  0.800
 108    0.0 7.2e-05   0.999       2.37 2.1921e-07  53.236       -973  -53.236   0.006  0.0000    1.0     8.00     16740  0.800
 109    0.0 0.0e+00   1.000       2.37 2.1991e-07  53.236       -973  -53.236   0.013  0.0001    1.0     8.00     16895  0.800
## Placement Quench took 0.00 seconds (max_rss 449.3 MiB)

BB estimate of min-dist (placement) wire length: 1570

Completed placement consistency check successfully.

Swaps called: 16939

Aborted Move Reasons:
  No moves aborted

Placement estimated critical path delay (least slack): 53.2358 ns, Fmax: 18.7844 MHz
Placement estimated setup Worst Negative Slack (sWNS): -53.2358 ns
Placement estimated setup Total Negative Slack (sTNS): -972.531 ns

Placement estimated setup slack histogram:
[ -5.3e-08: -4.8e-08) 9 ( 30.0%) |*************************************************
[ -4.8e-08: -4.4e-08) 4 ( 13.3%) |**********************
[ -4.4e-08: -3.9e-08) 1 (  3.3%) |*****
[ -3.9e-08: -3.4e-08) 0 (  0.0%) |
[ -3.4e-08: -2.9e-08) 3 ( 10.0%) |****************
[ -2.9e-08: -2.4e-08) 0 (  0.0%) |
[ -2.4e-08:   -2e-08) 5 ( 16.7%) |***************************
[   -2e-08: -1.5e-08) 2 (  6.7%) |***********
[ -1.5e-08:   -1e-08) 3 ( 10.0%) |****************
[   -1e-08: -5.3e-09) 3 ( 10.0%) |****************

Placement estimated geomean non-virtual intra-domain period: 53.2358 ns (18.7844 MHz)
Placement estimated fanout-weighted geomean non-virtual intra-domain period: 53.2358 ns (18.7844 MHz)

Placement cost: 0.999838, bb_cost: 2.36542, td_cost: 2.19935e-07, 

Placement resource usage:
  PB-LOGIC   implemented as TL-LOGIC  : 38
  PB-SYN_VCC implemented as TL-SYN_VCC: 1
  PB-BIDIR   implemented as TL-BIDIR  : 3
  PB-SYN_GND implemented as TL-SYN_GND: 1
  PB-ASSP    implemented as TL-ASSP   : 1

Placement number of temperatures: 109
Placement total # of swap attempts: 16939
	Swaps accepted:  8419 (49.7 %)
	Swaps rejected:  7281 (43.0 %)
	Swaps aborted :  1239 ( 7.3 %)
Placement Quench timing analysis took 0.000133438 seconds (0.000101511 STA, 3.1927e-05 slack) (1 full updates: 1 setup, 0 hold, 0 combined).
Placement Total  timing analysis took 0.016391 seconds (0.0123678 STA, 0.00402318 slack) (111 full updates: 111 setup, 0 hold, 0 combined).
update_td_costs: connections 0 nets 0 sum_nets 0 total 0
Incr Slack updates 111 in 0.00118323 sec
Full Max Req/Worst Slack updates 79 in 0.000260052 sec
Incr Max Req/Worst Slack updates 32 in 0.000109893 sec
Incr Criticality updates 5 in 7.1512e-05 sec
Full Criticality updates 106 in 0.00161088 sec
# Placement took 1.19 seconds (max_rss 449.3 MiB, delta_rss +58.0 MiB)

Flow timing analysis took 0.016391 seconds (0.0123678 STA, 0.00402318 slack) (111 full updates: 111 setup, 0 hold, 0 combined).
VPR succeeded
The entire flow of VPR took 29.21 seconds (max_rss 449.3 MiB)
