VPR FPGA Placement and Routing.
Version: 8.1.0-dev+dadca7ecf
Revision: v8.0.0-rc2-2894-gdadca7ecf
Compiled: 2021-01-14T13:13:16
Compiler: GNU 9.3.0 on Linux-5.4.0-faked aarch64
Build Info: release IPO VTR_ASSERT_LEVEL=2

University of Toronto
verilogtorouting.org
vtr-users@googlegroups.com
This is free open source code under MIT license.

VPR was run with the following command-line:
vpr /root/symbiflow/quicklogic-arch-defs/share/arch/ql-eos-s3_wlcsp/arch.timing.xml helloworldfpga.eblif --device ql-eos-s3 --max_router_iterations 500 --routing_failure_predictor off --router_high_fanout_threshold -1 --constant_net_method route --route_chan_width 100 --clock_modeling route --place_delay_model delta_override --router_lookahead map --check_route quick --strict_checks off --allow_dangling_combinational_nodes on --disable_errors check_unbuffered_edges:check_route --congested_routing_iteration_threshold 0.8 --incremental_reroute_delay_ripup off --base_cost_type delay_normalized_length_bounded --bb_factor 10 --initial_pres_fac 4.0 --check_rr_graph off --suppress_warnings ,sum_pin_class:check_unbuffered_edges:load_rr_indexed_data_T_values:check_rr_node:trans_per_R:check_route:set_rr_graph_tool_comment:warn_model_missing_timing --read_rr_graph /root/symbiflow/quicklogic-arch-defs/share/arch/ql-eos-s3_wlcsp/rr_graph_ql-eos-s3_wlcsp.rr_graph.real.bin --read_placement_delay_lookup /root/symbiflow/quicklogic-arch-defs/share/arch/ql-eos-s3_wlcsp/rr_graph_ql-eos-s3_wlcsp.place_delay.bin --sdc_file /storage/emulated/0/github/pygmy/setup/codes/blink/build/helloworldfpga_dummy.sdc --route


Architecture file: /root/symbiflow/quicklogic-arch-defs/share/arch/ql-eos-s3_wlcsp/arch.timing.xml
Circuit name: helloworldfpga

# Loading Architecture Description
# Loading Architecture Description took 0.44 seconds (max_rss 27.2 MiB, delta_rss +23.8 MiB)
# Building complex block graph
# Building complex block graph took 0.09 seconds (max_rss 33.9 MiB, delta_rss +6.7 MiB)
# Load circuit
# Load circuit took 0.01 seconds (max_rss 34.7 MiB, delta_rss +0.8 MiB)
# Clean circuit
Absorbed 708 LUT buffers
Inferred  106 additional primitive pins as constant generators since they have no combinationally connected inputs
Inferred   37 additional primitive pins as constant generators due to constant inputs
Inferred    0 additional primitive pins as constant generators since they have no combinationally connected inputs
Inferred    0 additional primitive pins as constant generators due to constant inputs
Inferred    0 additional primitive pins as constant generators since they have no combinationally connected inputs
Inferred    0 additional primitive pins as constant generators due to constant inputs
Swept input(s)      : 0
Swept output(s)     : 0 (0 dangling, 0 constant)
Swept net(s)        : 141
Swept block(s)      : 1
Constant Pins Marked: 143
# Clean circuit took 0.00 seconds (max_rss 35.0 MiB, delta_rss +0.3 MiB)
# Compress circuit
# Compress circuit took 0.00 seconds (max_rss 35.0 MiB, delta_rss +0.0 MiB)
# Verify circuit
# Verify circuit took 0.00 seconds (max_rss 35.0 MiB, delta_rss +0.0 MiB)
Circuit Statistics:
  Blocks: 101
    .output   :       3
    ASSP      :       1
    BIDIR_CELL:       3
    C_FRAG    :      13
    F_FRAG    :       2
    GND       :       1
    Q_FRAG    :      28
    T_FRAG    :      49
    VCC       :       1
  Nets  : 98
    Avg Fanout:     9.1
    Max Fanout:   394.0
    Min Fanout:     1.0
  Netlist Clocks: 1
# Build Timing Graph
  Timing Graph Nodes: 985
  Timing Graph Edges: 1551
  Timing Graph Levels: 24
# Build Timing Graph took 0.00 seconds (max_rss 35.0 MiB, delta_rss +0.0 MiB)
Netlist contains 1 clocks
  Netlist Clock 'clk' Fanout: 28 pins (2.8%), 28 blocks (27.7%)
# Load Timing Constraints

SDC file '/storage/emulated/0/github/pygmy/setup/codes/blink/build/helloworldfpga_dummy.sdc' contained no SDC commands
Setting default timing constraints:
   * constrain all primay inputs and primary outputs on netlist clock 'clk'
   * optimize netlist clock to run as fast as possible
Timing constraints created 1 clocks
  Constrained Clock 'clk' Source: 'u_qlal4s3b_cell_macro.Sys_Clk0[0]'

# Load Timing Constraints took 0.00 seconds (max_rss 35.0 MiB, delta_rss +0.0 MiB)
Timing analysis: ON
Circuit netlist file: helloworldfpga.net
Circuit placement file: helloworldfpga.place
Circuit routing file: helloworldfpga.route
Circuit SDC file: /storage/emulated/0/github/pygmy/setup/codes/blink/build/helloworldfpga_dummy.sdc

Packer: ENABLED
Placer: ENABLED
Router: ENABLED
Analysis: ENABLED

NetlistOpts.abosrb_buffer_luts            : true
NetlistOpts.sweep_dangling_primary_ios    : true
NetlistOpts.sweep_dangling_nets           : true
NetlistOpts.sweep_dangling_blocks         : true
NetlistOpts.sweep_constant_primary_outputs: false
NetlistOpts.netlist_verbosity             : 1
NetlistOpts.const_gen_inference           : COMB_SEQ

PackerOpts.allow_unrelated_clustering: auto
PackerOpts.alpha_clustering: 0.750000
PackerOpts.beta_clustering: 0.900000
PackerOpts.cluster_seed_type: BLEND2
PackerOpts.connection_driven: true
PackerOpts.global_clocks: true
PackerOpts.hill_climbing_flag: false
PackerOpts.inter_cluster_net_delay: 1.000000
PackerOpts.timing_driven: true
PackerOpts.target_external_pin_util: auto

PlacerOpts.place_freq: PLACE_ONCE
PlacerOpts.place_algorithm: CRITICALITY_TIMING_PLACE
PlacerOpts.pad_loc_type: FREE
PlacerOpts.constraints_file: No constraints file given
PlacerOpts.place_cost_exp: 1.000000
PlacerOpts.place_chan_width: 100
PlacerOpts.inner_loop_recompute_divider: 0
PlacerOpts.recompute_crit_iter: 1
PlacerOpts.timing_tradeoff: 0.500000
PlacerOpts.td_place_exp_first: 1.000000
PlacerOpts.td_place_exp_last: 8.000000
PlacerOpts.delay_offset: 0.000000
PlacerOpts.delay_ramp_delta_threshold: -1
PlacerOpts.delay_ramp_slope: 0.000000
PlacerOpts.tsu_rel_margin: 1.000000
PlacerOpts.tsu_abs_margin: 0.000000
PlacerOpts.post_place_timing_report_file: 
PlacerOpts.allowed_tiles_for_delay_model: 
PlacerOpts.delay_model_reducer: MIN
PlacerOpts.delay_model_type: DELTA_OVERRIDE
PlacerOpts.rlim_escape_fraction: 0.000000
PlacerOpts.move_stats_file: 
PlacerOpts.placement_saves_per_temperature: 0
PlacerOpts.effort_scaling: CIRCUIT
PlacerOpts.place_delta_delay_matrix_calculation_method: ASTAR_ROUTE
PlaceOpts.seed: 1
AnnealSched.type: AUTO_SCHED
AnnealSched.inner_num: 1.000000

RouterOpts.route_type: DETAILED
RouterOpts.router_algorithm: TIMING_DRIVEN
RouterOpts.base_cost_type: DELAY_NORMALIZED_LENGTH_BOUNDED
RouterOpts.fixed_channel_width: 100
RouterOpts.check_route: QUICK
RouterOpts.trim_empty_chan: false
RouterOpts.trim_obs_chan: false
RouterOpts.acc_fac: 1.000000
RouterOpts.bb_factor: 10
RouterOpts.bend_cost: 0.000000
RouterOpts.first_iter_pres_fac: 0.000000
RouterOpts.initial_pres_fac: 4.000000
RouterOpts.pres_fac_mult: 1.300000
RouterOpts.max_router_iterations: 500
RouterOpts.min_incremental_reroute_fanout: 16
RouterOpts.do_check_rr_graph: false
RouterOpts.verify_binary_search: false
RouterOpts.min_channel_width_hint: 0
RouterOpts.read_rr_edge_metadata: false
RouterOpts.exit_after_first_routing_iteration: false
RouterOpts.astar_fac: 1.200000
RouterOpts.criticality_exp: 1.000000
RouterOpts.max_criticality: 0.990000
RouterOpts.init_wirelength_abort_threshold: 0.850000
RouterOpts.save_routing_per_iteration: false
RouterOpts.congested_routing_iteration_threshold_frac: 0.800000
RouterOpts.high_fanout_threshold: -1
RouterOpts.router_debug_net: -2
RouterOpts.router_debug_sink_rr: -2
RouterOpts.router_debug_iteration: -2
RouterOpts.max_convergence_count: 1
RouterOpts.reconvergence_cpd_threshold: 0.990000
RouterOpts.update_lower_bound_delays: true
RouterOpts.first_iteration_timing_report_file: 
RouterOpts.incr_reroute_delay_ripup: OFF
RouterOpts.route_bb_update: DYNAMIC
RouterOpts.lookahead_type: MAP
RouterOpts.initial_timing: LOOKAHEAD
RouterOpts.router_heap: BINARY_HEAP
RouterOpts.routing_failure_predictor = OFF
RouterOpts.routing_budgets_algorithm = DISABLE

AnalysisOpts.gen_post_synthesis_netlist: false
AnalysisOpts.timing_report_npaths: 100
AnalysisOpts.timing_report_skew: false
AnalysisOpts.echo_dot_timing_graph_node: -1
AnalysisOpts.timing_report_detail: NETLIST

RoutingArch.directionality: BI_DIRECTIONAL
RoutingArch.switch_block_type: WILTON
RoutingArch.Fs: 3

# Load Packing
Begin loading packed FPGA netlist file.
Netlist generated from file 'helloworldfpga.net'.
Detected 2 constant generators (to see names run with higher pack verbosity)
Finished loading packed FPGA netlist file (took 0.023258 seconds).
# Load Packing took 0.02 seconds (max_rss 35.7 MiB, delta_rss +0.8 MiB)
Warning 1: Netlist contains 0 global net to non-global architecture pin connections
Warning 2: Logic block #42 ($false) has only 1 output pin '$false.GND0_GND[0]'. It may be a constant generator.
Warning 3: Logic block #43 ($true) has only 1 output pin '$true.VCC0_VCC[0]'. It may be a constant generator.

Netlist num_nets: 72
Netlist num_blocks: 44
Netlist EMPTY blocks: 0.
Netlist PB-GMUX blocks: 0.
Netlist PB-LOGIC blocks: 38.
Netlist PB-CLOCK blocks: 0.
Netlist PB-MULT blocks: 0.
Netlist PB-SDIOMUX blocks: 0.
Netlist PB-RAM blocks: 0.
Netlist PB-SYN_VCC blocks: 1.
Netlist PB-BIDIR blocks: 3.
Netlist PB-SYN_GND blocks: 1.
Netlist PB-ASSP blocks: 1.
Netlist inputs pins: 0
Netlist output pins: 9


Pb types usage...
  PB-LOGIC          : 38
   LOGIC            : 38
    FRAGS           : 38
     c_frag_modes   : 38
      SINGLE        : 13
       c_frag       : 13
      SPLIT         : 25
       b_frag       : 25
       t_frag       : 24
     f_frag         : 2
     q_frag_modes   : 28
      INT           : 23
       q_frag       : 23
      EXT           : 5
       q_frag       : 5
  PB-SYN_VCC        : 1
   VCC              : 1
  PB-BIDIR          : 3
   BIDIR            : 3
    OUTPUT          : 3
     bidir          : 3
     outpad         : 3
  PB-SYN_GND        : 1
   GND              : 1
  PB-ASSP           : 1
   ASSP             : 1

# Create Device
## Build Device Grid
FPGA sized to 39 x 35: 1365 grid tiles (ql-eos-s3)

Resource usage...
	Netlist
		0	blocks of type: PB-GMUX
	Architecture
		5	blocks of type: TL-GMUX
	Netlist
		38	blocks of type: PB-LOGIC
	Architecture
		891	blocks of type: TL-LOGIC
	Netlist
		0	blocks of type: PB-CLOCK
	Architecture
		5	blocks of type: TL-CLOCK
	Netlist
		0	blocks of type: PB-MULT
	Architecture
		2	blocks of type: TL-MULT
	Netlist
		0	blocks of type: PB-SDIOMUX
	Architecture
		14	blocks of type: TL-SDIOMUX
	Netlist
		0	blocks of type: PB-RAM
	Architecture
		4	blocks of type: TL-RAM
	Netlist
		1	blocks of type: PB-SYN_VCC
	Architecture
		1	blocks of type: TL-SYN_VCC
	Netlist
		3	blocks of type: PB-BIDIR
	Architecture
		32	blocks of type: TL-BIDIR
	Netlist
		1	blocks of type: PB-SYN_GND
	Architecture
		1	blocks of type: TL-SYN_GND
	Netlist
		1	blocks of type: PB-ASSP
	Architecture
		1	blocks of type: TL-ASSP

Device Utilization: 0.03 (target 1.00)
	Physical Tile TL-LOGIC:
	Block Utilization: 0.04 Logical Block: PB-LOGIC
	Physical Tile TL-RAM:
	Block Utilization: 0.00 Logical Block: PB-RAM
	Physical Tile TL-MULT:
	Block Utilization: 0.00 Logical Block: PB-MULT
	Physical Tile TL-BIDIR:
	Block Utilization: 0.09 Logical Block: PB-BIDIR
	Physical Tile TL-CLOCK:
	Block Utilization: 0.00 Logical Block: PB-CLOCK
	Physical Tile TL-SDIOMUX:
	Block Utilization: 0.00 Logical Block: PB-SDIOMUX
	Physical Tile TL-GMUX:
	Block Utilization: 0.00 Logical Block: PB-GMUX
	Physical Tile TL-ASSP:
	Block Utilization: 1.00 Logical Block: PB-ASSP
	Physical Tile TL-SYN_VCC:
	Block Utilization: 1.00 Logical Block: PB-SYN_VCC
	Physical Tile TL-SYN_GND:
	Block Utilization: 1.00 Logical Block: PB-SYN_GND

## Build Device Grid took 0.01 seconds (max_rss 35.8 MiB, delta_rss +0.0 MiB)
## Loading routing resource graph


## Loading routing resource graph took 0.58 seconds (max_rss 343.6 MiB, delta_rss +307.8 MiB)
  RR Graph Nodes: 1396446
  RR Graph Edges: 2337988
# Create Device took 1.81 seconds (max_rss 391.3 MiB, delta_rss +355.4 MiB)

# Load Placement
Reading helloworldfpga.place.

Successfully read helloworldfpga.place.

# Load Placement took 0.00 seconds (max_rss 391.3 MiB, delta_rss +0.0 MiB)

# Computing router lookahead map
## Computing wire lookahead
Warning 4: Unable to find any sample location for segment CHANX type 'generic' (length 1)
Warning 5: Unable to find any sample location for segment CHANY type 'generic' (length 1)
Warning 6: Unable to find any sample location for segment CHANX type 'pad' (length 1)
Warning 7: Unable to find any sample location for segment CHANY type 'pad' (length 1)
## Computing wire lookahead took 26.06 seconds (max_rss 391.3 MiB, delta_rss +0.0 MiB)
## Computing src/opin lookahead
## Computing src/opin lookahead took 0.00 seconds (max_rss 391.3 MiB, delta_rss +0.0 MiB)
# Computing router lookahead map took 26.06 seconds (max_rss 391.3 MiB, delta_rss +0.0 MiB)
# Routing
  RR Graph Nodes: 1396446
  RR Graph Edges: 2337988
Confirming router algorithm: TIMING_DRIVEN.
## Initializing router criticalities
Initial Net Connection Criticality Histogram:
[        0:      0.1) 539 ( 64.4%) |***********************************************
[      0.1:      0.2)   0 (  0.0%) |
[      0.2:      0.3)  33 (  3.9%) |***
[      0.3:      0.4)  27 (  3.2%) |**
[      0.4:      0.5)  29 (  3.5%) |***
[      0.5:      0.6)  35 (  4.2%) |***
[      0.6:      0.7)  40 (  4.8%) |***
[      0.7:      0.8)  31 (  3.7%) |***
[      0.8:      0.9)  35 (  4.2%) |***
[      0.9:        1)  68 (  8.1%) |******
## Initializing router criticalities took 0.00 seconds (max_rss 449.8 MiB, delta_rss +0.0 MiB)
---- ------ ------- ---- ------- ------- ------- ----------------- --------------- -------- ---------- ---------- ---------- ---------- --------
Iter   Time    pres  BBs    Heap  Re-Rtd  Re-Rtd Overused RR Nodes      Wirelength      CPD       sTNS       sWNS       hTNS       hWNS Est Succ
      (sec)     fac Updt    push    Nets   Conns                                       (ns)       (ns)       (ns)       (ns)       (ns)     Iter
---- ------ ------- ---- ------- ------- ------- ----------------- --------------- -------- ---------- ---------- ---------- ---------- --------
   1    8.7     0.0    0 2.5e+07      72     837    1085 ( 0.078%)   20442 ( 1.4%)   58.702     -1074.    -58.702      0.000      0.000      N/A
   2    7.1     4.0    0 1.9e+07      64     533     565 ( 0.040%)   21024 ( 1.5%)   58.702     -1074.    -58.702      0.000      0.000      N/A
   3    6.1     5.2    0 1.6e+07      53     404     349 ( 0.025%)   21182 ( 1.5%)   58.778     -1078.    -58.778      0.000      0.000      N/A
   4    4.4     6.8    0 1.1e+07      46     321     259 ( 0.019%)   21176 ( 1.5%)   58.778     -1080.    -58.778      0.000      0.000      N/A
   5    3.8     8.8    0 1.0e+07      40     287     185 ( 0.013%)   21311 ( 1.5%)   58.740     -1082.    -58.740      0.000      0.000      N/A
   6    3.6    11.4    0 1.0e+07      30     218     136 ( 0.010%)   21393 ( 1.5%)   58.615     -1084.    -58.615      0.000      0.000      N/A
   7    3.1    14.9    0 9014436      23     166     108 ( 0.008%)   21396 ( 1.5%)   58.660     -1084.    -58.660      0.000      0.000      N/A
   8    2.0    19.3    0 6093989      16     117      79 ( 0.006%)   21431 ( 1.5%)   58.660     -1084.    -58.660      0.000      0.000      N/A
   9    2.4    25.1    0 6728534      10      89      45 ( 0.003%)   21559 ( 1.5%)   58.660     -1084.    -58.660      0.000      0.000      N/A
  10    1.5    32.6    0 4578060       9      75      30 ( 0.002%)   21628 ( 1.5%)   58.660     -1084.    -58.660      0.000      0.000       21
  11    1.0    42.4    0 2622602       6      45      15 ( 0.001%)   21667 ( 1.5%)   58.660     -1084.    -58.660      0.000      0.000       19
  12    0.9    55.1    0 2443315       5      38      12 ( 0.001%)   21702 ( 1.5%)   58.660     -1085.    -58.660      0.000      0.000       18
  13    0.6    71.7    0 1732200       6      33      12 ( 0.001%)   21698 ( 1.5%)   58.660     -1085.    -58.660      0.000      0.000       17
  14    0.6    93.2    0 1713965       6      35       8 ( 0.001%)   21686 ( 1.5%)   58.660     -1084.    -58.660      0.000      0.000       18
  15    0.5   121.1    0 1214997       4      11       6 ( 0.000%)   21690 ( 1.5%)   58.660     -1084.    -58.660      0.000      0.000       19
  16    0.3   157.5    0  804127       4      10       0 ( 0.000%)   21752 ( 1.5%)   58.660     -1084.    -58.660      0.000      0.000       20
Restoring best routing
Critical path: 58.6596 ns
Successfully routed after 16 routing iterations.
Final Net Connection Criticality Histogram:
[        0:      0.1) 539 ( 64.4%) |***********************************************
[      0.1:      0.2)   0 (  0.0%) |
[      0.2:      0.3)  24 (  2.9%) |**
[      0.3:      0.4)  19 (  2.3%) |**
[      0.4:      0.5)  34 (  4.1%) |***
[      0.5:      0.6)  20 (  2.4%) |**
[      0.6:      0.7)  58 (  6.9%) |*****
[      0.7:      0.8)  41 (  4.9%) |****
[      0.8:      0.9)  28 (  3.3%) |**
[      0.9:        1)  74 (  8.8%) |******
Router Stats: total_nets_routed: 394 total_connections_routed: 3219 total_heap_pushes: 129597756 total_heap_pops: 115863881
# Routing took 47.72 seconds (max_rss 449.8 MiB, delta_rss +58.5 MiB)

Checking to ensure routing is legal...
Completed routing consistency check successfully.

Serial number (magic cookie) for the routing is: -1077872864
Circuit successfully routed with a channel width factor of 100.

Incr Slack updates 17 in 0.000367602 sec
Full Max Req/Worst Slack updates 4 in 2.3698e-05 sec
Incr Max Req/Worst Slack updates 13 in 5.4064e-05 sec
Incr Criticality updates 9 in 0.000147501 sec
Full Criticality updates 8 in 0.000136769 sec

Average number of bends per net: 250.792  Maximum # of bends: 4822

Number of global nets: 0
Number of routed nets (nonglobal): 72
Wire length results (in units of 1 clb segments)...
	Total wirelength: 21088, average net length: 292.889
	Maximum net length: 6771

Wire length results in terms of physical segments...
	Total wiring segments used: 18563, average wire segments per net: 257.819
	Maximum segments used by a net: 5054
	Total local nets with reserved CLB opins: 0

Routing channel utilization histogram:
[        1:      inf)    0 (  0.0%) |
[      0.9:        1)   62 (  2.4%) |*
[      0.8:      0.9)    0 (  0.0%) |
[      0.7:      0.8)    6 (  0.2%) |
[      0.5:      0.6)    0 (  0.0%) |
[      0.4:      0.5)    0 (  0.0%) |
[      0.3:      0.4)    2 (  0.1%) |
[      0.2:      0.3)   60 (  2.3%) |*
[      0.1:      0.2)   42 (  1.6%) |*
[        0:      0.1) 2412 ( 93.3%) |**********************************************
Maximum routing channel utilization:         1 at (1,3)

X - Directed channels:   j max occ ave occ capacity
                      ---- ------- ------- --------
                         0       2   1.436        2
                         1     161  10.026      221
                         2       0   0.000        0
                         3      83  15.795      635
                         4      66   2.103      623
                         5      70   2.154      658
                         6      77   1.974      623
                         7      76   2.128      623
                         8      28   1.308      623
                         9       9   1.000      623
                        10     175   7.667      665
                        11     172   9.667      623
                        12     162  18.231      647
                        13     207  35.205      623
                        14     227  36.333      623
                        15     221  29.077      623
                        16     219  29.282      623
                        17     244  19.795      623
                        18     142  10.692      725
                        19     210  16.385      623
                        20     175  12.487      623
                        21       0   0.000      623
                        22       7   0.179      623
                        23       0   0.000      623
                        24       0   0.000      623
                        25       0   0.000      657
                        26       7   0.179      634
                        27       0   0.000      623
                        28       0   0.000      623
                        29       0   0.000      624
                        30       7   0.179      625
                        31       0   0.000      626
                        32      30   2.103      786
                        33       0   0.000      269
Y - Directed channels:   i max occ ave occ capacity
                      ---- ------- ------- --------
                         0       0   0.000        2
                         1      47   4.057      287
                         2       1   0.029        4
                         3     177  55.343      848
                         4      36   2.543      874
                         5      46   2.486      819
                         6      23   4.171      760
                         7      46   3.514      761
                         8       6   1.286      761
                         9      46   5.143      761
                        10      16   2.657      757
                        11       6   1.543      775
                        12      31   2.314      757
                        13      41   2.771      761
                        14       6   1.371      761
                        15       6   1.543      761
                        16       6   1.371      761
                        17       6   1.543      761
                        18     185  19.486      761
                        19     202  26.029      816
                        20     208  41.143      761
                        21     237  51.571      883
                        22     218  43.486      761
                        23     189  25.314      761
                        24      25   2.486      761
                        25      17   1.114      761
                        26       0   0.000      757
                        27       0   0.000      775
                        28       0   0.000      757
                        29       0   0.000      761
                        30      25   2.486      761
                        31       0   0.000      761
                        32       0   0.000      761
                        33       0   0.000      763
                        34       0   0.000      762
                        35       0   0.000      764
                        36       0   0.000     1024
                        37       0   0.000      164

Total tracks in x-direction: 19611, in y-direction: 27046

Logic area (in minimum width transistor areas, excludes I/Os and empty grid tiles)...
	Total logic block area (Warning, need to add pitch of routing to blocks with height > 3): 1.3515e+07
	Total used logic block area: 615000

Routing area (in minimum width transistor areas)...
	Assuming no buffer sharing (pessimistic). Total: 1.07847e+09, per logic tile: 790090.
	Assuming buffer sharing (slightly optimistic). Total: 8.38760e+08, per logic tile: 614476.


Segment usage by type (index):    name type utilization
                               ------- ---- -----------
                                  sbox    2      0.0118
                                   vcc    3      0.0839
                                   gnd    4      0.0973
                                  hop1    5      0.0127
                                  hop2    6       0.029
                                  hop3    7           0
                                  hop4    8      0.0104
                                 clock    9           0
                               special   10      0.0828

Segment usage by length: length utilization
                         ------ -----------
                              1      0.0124
                              2       0.029
                              3           0
                              4      0.0104


Final hold Worst Negative Slack (hWNS): 0 ns
Final hold Total Negative Slack (hTNS): 0 ns

Final hold slack histogram:
[  3.7e-09:  6.6e-09) 11 ( 36.7%) |************************************************
[  6.6e-09:  9.4e-09)  9 ( 30.0%) |***************************************
[  9.4e-09:  1.2e-08)  6 ( 20.0%) |**************************
[  1.2e-08:  1.5e-08)  2 (  6.7%) |*********
[  1.5e-08:  1.8e-08)  1 (  3.3%) |****
[  1.8e-08:  2.1e-08)  0 (  0.0%) |
[  2.1e-08:  2.4e-08)  0 (  0.0%) |
[  2.4e-08:  2.7e-08)  0 (  0.0%) |
[  2.7e-08:    3e-08)  0 (  0.0%) |
[    3e-08:  3.2e-08)  1 (  3.3%) |****

Final critical path delay (least slack): 58.6596 ns, Fmax: 17.0475 MHz
Final setup Worst Negative Slack (sWNS): -58.6596 ns
Final setup Total Negative Slack (sTNS): -1084.52 ns

Final setup slack histogram:
[ -5.9e-08: -5.3e-08) 10 ( 33.3%) |*************************************************
[ -5.3e-08: -4.8e-08) 3 ( 10.0%) |***************
[ -4.8e-08: -4.3e-08) 1 (  3.3%) |*****
[ -4.3e-08: -3.8e-08) 0 (  0.0%) |
[ -3.8e-08: -3.3e-08) 3 ( 10.0%) |***************
[ -3.3e-08: -2.7e-08) 0 (  0.0%) |
[ -2.7e-08: -2.2e-08) 5 ( 16.7%) |*************************
[ -2.2e-08: -1.7e-08) 2 (  6.7%) |**********
[ -1.7e-08: -1.2e-08) 2 (  6.7%) |**********
[ -1.2e-08: -6.5e-09) 4 ( 13.3%) |********************

Final geomean non-virtual intra-domain period: 58.6596 ns (17.0475 MHz)
Final fanout-weighted geomean non-virtual intra-domain period: 58.6596 ns (17.0475 MHz)

Incr Slack updates 1 in 2.0209e-05 sec
Full Max Req/Worst Slack updates 1 in 6.094e-06 sec
Incr Max Req/Worst Slack updates 0 in 0 sec
Incr Criticality updates 0 in 0 sec
Full Criticality updates 1 in 1.8385e-05 sec
Flow timing analysis took 0.0101606 seconds (0.00888672 STA, 0.00127385 slack) (18 full updates: 0 setup, 0 hold, 18 combined).
VPR succeeded
The entire flow of VPR took 76.30 seconds (max_rss 449.8 MiB)
