VPR FPGA Placement and Routing.
Version: 8.1.0-dev+dadca7ecf
Revision: v8.0.0-rc2-2894-gdadca7ecf
Compiled: 2021-01-14T13:13:16
Compiler: GNU 9.3.0 on Linux-5.4.0-faked aarch64
Build Info: release IPO VTR_ASSERT_LEVEL=2

University of Toronto
verilogtorouting.org
vtr-users@googlegroups.com
This is free open source code under MIT license.

VPR was run with the following command-line:
vpr /root/symbiflow/quicklogic-arch-defs/share/arch/ql-eos-s3_wlcsp/arch.timing.xml helloworldfpga.eblif --device ql-eos-s3 --max_router_iterations 500 --routing_failure_predictor off --router_high_fanout_threshold -1 --constant_net_method route --route_chan_width 100 --clock_modeling route --place_delay_model delta_override --router_lookahead map --check_route quick --strict_checks off --allow_dangling_combinational_nodes on --disable_errors check_unbuffered_edges:check_route --congested_routing_iteration_threshold 0.8 --incremental_reroute_delay_ripup off --base_cost_type delay_normalized_length_bounded --bb_factor 10 --initial_pres_fac 4.0 --check_rr_graph off --suppress_warnings ,sum_pin_class:check_unbuffered_edges:load_rr_indexed_data_T_values:check_rr_node:trans_per_R:check_route:set_rr_graph_tool_comment:warn_model_missing_timing --read_rr_graph /root/symbiflow/quicklogic-arch-defs/share/arch/ql-eos-s3_wlcsp/rr_graph_ql-eos-s3_wlcsp.rr_graph.real.bin --read_placement_delay_lookup /root/symbiflow/quicklogic-arch-defs/share/arch/ql-eos-s3_wlcsp/rr_graph_ql-eos-s3_wlcsp.place_delay.bin --sdc_file /storage/emulated/0/github/vaman/sevenseg/codes/input/build/helloworldfpga_dummy.sdc --fix_clusters helloworldfpga_constraints.place --place


Architecture file: /root/symbiflow/quicklogic-arch-defs/share/arch/ql-eos-s3_wlcsp/arch.timing.xml
Circuit name: helloworldfpga

# Loading Architecture Description
# Loading Architecture Description took 0.43 seconds (max_rss 27.3 MiB, delta_rss +23.8 MiB)
# Building complex block graph
# Building complex block graph took 0.09 seconds (max_rss 34.1 MiB, delta_rss +6.7 MiB)
# Load circuit
# Load circuit took 0.00 seconds (max_rss 34.1 MiB, delta_rss +0.0 MiB)
# Clean circuit
Absorbed 126 LUT buffers
Inferred    3 additional primitive pins as constant generators since they have no combinationally connected inputs
Inferred    0 additional primitive pins as constant generators due to constant inputs
Inferred    0 additional primitive pins as constant generators since they have no combinationally connected inputs
Inferred    0 additional primitive pins as constant generators due to constant inputs
Inferred    0 additional primitive pins as constant generators since they have no combinationally connected inputs
Inferred    0 additional primitive pins as constant generators due to constant inputs
Swept input(s)      : 0
Swept output(s)     : 0 (0 dangling, 0 constant)
Swept net(s)        : 1
Swept block(s)      : 1
Constant Pins Marked: 3
# Clean circuit took 0.00 seconds (max_rss 34.1 MiB, delta_rss +0.0 MiB)
# Compress circuit
# Compress circuit took 0.00 seconds (max_rss 34.1 MiB, delta_rss +0.0 MiB)
# Verify circuit
# Verify circuit took 0.00 seconds (max_rss 34.1 MiB, delta_rss +0.0 MiB)
Circuit Statistics:
  Blocks: 31
    .input    :       4
    .output   :       7
    BIDIR_CELL:      11
    C_FRAG    :       7
    GND       :       1
    VCC       :       1
  Nets  : 24
    Avg Fanout:     5.5
    Max Fanout:    48.0
    Min Fanout:     1.0
  Netlist Clocks: 0
# Build Timing Graph
  Timing Graph Nodes: 155
  Timing Graph Edges: 244
  Timing Graph Levels: 8
# Build Timing Graph took 0.00 seconds (max_rss 34.1 MiB, delta_rss +0.0 MiB)
Netlist contains 0 clocks
# Load Timing Constraints

SDC file '/storage/emulated/0/github/vaman/sevenseg/codes/input/build/helloworldfpga_dummy.sdc' contained no SDC commands
Setting default timing constraints:
   * constrain all primay inputs and primary outputs on a virtual external clock 'virtual_io_clock'
   * optimize virtual clock to run as fast as possible
Timing constraints created 1 clocks
  Constrained Clock 'virtual_io_clock' (Virtual Clock)

# Load Timing Constraints took 0.00 seconds (max_rss 34.1 MiB, delta_rss +0.0 MiB)
Timing analysis: ON
Circuit netlist file: helloworldfpga.net
Circuit placement file: helloworldfpga.place
Circuit routing file: helloworldfpga.route
Circuit SDC file: /storage/emulated/0/github/vaman/sevenseg/codes/input/build/helloworldfpga_dummy.sdc

Packer: ENABLED
Placer: ENABLED
Router: DISABLED
Analysis: DISABLED

NetlistOpts.abosrb_buffer_luts            : true
NetlistOpts.sweep_dangling_primary_ios    : true
NetlistOpts.sweep_dangling_nets           : true
NetlistOpts.sweep_dangling_blocks         : true
NetlistOpts.sweep_constant_primary_outputs: false
NetlistOpts.netlist_verbosity             : 1
NetlistOpts.const_gen_inference           : COMB_SEQ

PackerOpts.allow_unrelated_clustering: auto
PackerOpts.alpha_clustering: 0.750000
PackerOpts.beta_clustering: 0.900000
PackerOpts.cluster_seed_type: BLEND2
PackerOpts.connection_driven: true
PackerOpts.global_clocks: true
PackerOpts.hill_climbing_flag: false
PackerOpts.inter_cluster_net_delay: 1.000000
PackerOpts.timing_driven: true
PackerOpts.target_external_pin_util: auto

PlacerOpts.place_freq: PLACE_ONCE
PlacerOpts.place_algorithm: CRITICALITY_TIMING_PLACE
PlacerOpts.pad_loc_type: FREE
PlacerOpts.constraints_file: Using constraints file 'helloworldfpga_constraints.place'
PlacerOpts.place_cost_exp: 1.000000
PlacerOpts.place_chan_width: 100
PlacerOpts.inner_loop_recompute_divider: 0
PlacerOpts.recompute_crit_iter: 1
PlacerOpts.timing_tradeoff: 0.500000
PlacerOpts.td_place_exp_first: 1.000000
PlacerOpts.td_place_exp_last: 8.000000
PlacerOpts.delay_offset: 0.000000
PlacerOpts.delay_ramp_delta_threshold: -1
PlacerOpts.delay_ramp_slope: 0.000000
PlacerOpts.tsu_rel_margin: 1.000000
PlacerOpts.tsu_abs_margin: 0.000000
PlacerOpts.post_place_timing_report_file: 
PlacerOpts.allowed_tiles_for_delay_model: 
PlacerOpts.delay_model_reducer: MIN
PlacerOpts.delay_model_type: DELTA_OVERRIDE
PlacerOpts.rlim_escape_fraction: 0.000000
PlacerOpts.move_stats_file: 
PlacerOpts.placement_saves_per_temperature: 0
PlacerOpts.effort_scaling: CIRCUIT
PlacerOpts.place_delta_delay_matrix_calculation_method: ASTAR_ROUTE
PlaceOpts.seed: 1
AnnealSched.type: AUTO_SCHED
AnnealSched.inner_num: 1.000000

RoutingArch.directionality: BI_DIRECTIONAL
RoutingArch.switch_block_type: WILTON
RoutingArch.Fs: 3

# Load Packing
Begin loading packed FPGA netlist file.
Netlist generated from file 'helloworldfpga.net'.
Detected 2 constant generators (to see names run with higher pack verbosity)
Finished loading packed FPGA netlist file (took 0.008893 seconds).
# Load Packing took 0.01 seconds (max_rss 34.2 MiB, delta_rss +0.2 MiB)
Warning 1: Netlist contains 0 global net to non-global architecture pin connections
Warning 2: Logic block #18 ($false) has only 1 output pin '$false.GND0_GND[0]'. It may be a constant generator.
Warning 3: Logic block #19 ($true) has only 1 output pin '$true.VCC0_VCC[0]'. It may be a constant generator.

Netlist num_nets: 13
Netlist num_blocks: 20
Netlist EMPTY blocks: 0.
Netlist PB-GMUX blocks: 0.
Netlist PB-LOGIC blocks: 7.
Netlist PB-CLOCK blocks: 0.
Netlist PB-MULT blocks: 0.
Netlist PB-SDIOMUX blocks: 0.
Netlist PB-RAM blocks: 0.
Netlist PB-SYN_VCC blocks: 1.
Netlist PB-BIDIR blocks: 11.
Netlist PB-SYN_GND blocks: 1.
Netlist PB-ASSP blocks: 0.
Netlist inputs pins: 4
Netlist output pins: 29


Pb types usage...
  PB-LOGIC          : 7
   LOGIC            : 7
    FRAGS           : 7
     c_frag_modes   : 7
      SINGLE        : 7
       c_frag       : 7
  PB-SYN_VCC        : 1
   VCC              : 1
  PB-BIDIR          : 11
   BIDIR            : 11
    INPUT           : 4
     bidir          : 4
     inpad          : 4
    OUTPUT          : 7
     bidir          : 7
     outpad         : 7
  PB-SYN_GND        : 1
   GND              : 1

# Create Device
## Build Device Grid
FPGA sized to 39 x 35: 1365 grid tiles (ql-eos-s3)

Resource usage...
	Netlist
		0	blocks of type: PB-GMUX
	Architecture
		5	blocks of type: TL-GMUX
	Netlist
		7	blocks of type: PB-LOGIC
	Architecture
		891	blocks of type: TL-LOGIC
	Netlist
		0	blocks of type: PB-CLOCK
	Architecture
		5	blocks of type: TL-CLOCK
	Netlist
		0	blocks of type: PB-MULT
	Architecture
		2	blocks of type: TL-MULT
	Netlist
		0	blocks of type: PB-SDIOMUX
	Architecture
		14	blocks of type: TL-SDIOMUX
	Netlist
		0	blocks of type: PB-RAM
	Architecture
		4	blocks of type: TL-RAM
	Netlist
		1	blocks of type: PB-SYN_VCC
	Architecture
		1	blocks of type: TL-SYN_VCC
	Netlist
		11	blocks of type: PB-BIDIR
	Architecture
		32	blocks of type: TL-BIDIR
	Netlist
		1	blocks of type: PB-SYN_GND
	Architecture
		1	blocks of type: TL-SYN_GND
	Netlist
		0	blocks of type: PB-ASSP
	Architecture
		1	blocks of type: TL-ASSP

Device Utilization: 0.01 (target 1.00)
	Physical Tile TL-LOGIC:
	Block Utilization: 0.01 Logical Block: PB-LOGIC
	Physical Tile TL-RAM:
	Block Utilization: 0.00 Logical Block: PB-RAM
	Physical Tile TL-MULT:
	Block Utilization: 0.00 Logical Block: PB-MULT
	Physical Tile TL-BIDIR:
	Block Utilization: 0.34 Logical Block: PB-BIDIR
	Physical Tile TL-CLOCK:
	Block Utilization: 0.00 Logical Block: PB-CLOCK
	Physical Tile TL-SDIOMUX:
	Block Utilization: 0.00 Logical Block: PB-SDIOMUX
	Physical Tile TL-GMUX:
	Block Utilization: 0.00 Logical Block: PB-GMUX
	Physical Tile TL-ASSP:
	Block Utilization: 0.00 Logical Block: PB-ASSP
	Physical Tile TL-SYN_VCC:
	Block Utilization: 1.00 Logical Block: PB-SYN_VCC
	Physical Tile TL-SYN_GND:
	Block Utilization: 1.00 Logical Block: PB-SYN_GND

## Build Device Grid took 0.01 seconds (max_rss 34.3 MiB, delta_rss +0.0 MiB)
## Loading routing resource graph


## Loading routing resource graph took 0.56 seconds (max_rss 342.3 MiB, delta_rss +308.0 MiB)
  RR Graph Nodes: 1396446
  RR Graph Edges: 2337988
# Create Device took 1.75 seconds (max_rss 390.0 MiB, delta_rss +355.6 MiB)

# Computing router lookahead map
## Computing wire lookahead
Warning 4: Unable to find any sample location for segment CHANX type 'generic' (length 1)
Warning 5: Unable to find any sample location for segment CHANY type 'generic' (length 1)
Warning 6: Unable to find any sample location for segment CHANX type 'pad' (length 1)
Warning 7: Unable to find any sample location for segment CHANY type 'pad' (length 1)
## Computing wire lookahead took 25.90 seconds (max_rss 390.0 MiB, delta_rss +0.0 MiB)
## Computing src/opin lookahead
## Computing src/opin lookahead took 0.00 seconds (max_rss 390.0 MiB, delta_rss +0.0 MiB)
# Computing router lookahead map took 25.90 seconds (max_rss 390.0 MiB, delta_rss +0.0 MiB)
# Placement
## Computing placement delta delay look-up
  RR Graph Nodes: 1396446
  RR Graph Edges: 2337988
## Computing placement delta delay look-up took 1.11 seconds (max_rss 448.0 MiB, delta_rss +58.0 MiB)
Warning 8: CHANX place cost fac is 0 at 2 2
Warning 9: CHANX place cost fac is 0 at 34 34
Warning 10: CHANY place cost fac is 0 at 38 38
## Initial Placement
Reading helloworldfpga_constraints.place.

Successfully read helloworldfpga_constraints.place.

## Initial Placement took 0.00 seconds (max_rss 448.0 MiB, delta_rss +0.0 MiB)

There are 120 point to point connections in this circuit.


BB estimate of min-dist (placement) wire length: 767

Completed placement consistency check successfully.
Initial placement cost: 1 bb_cost: 1.12687 td_cost: 4.88316e-07
Initial placement estimated Critical Path Delay (CPD): 45.7023 ns
Initial placement estimated setup Total Negative Slack (sTNS): -293.991 ns
Initial placement estimated setup Worst Negative Slack (sWNS): -45.7023 ns

Initial placement estimated setup slack histogram:
[ -4.6e-08: -4.5e-08) 1 ( 14.3%) |*************************
[ -4.5e-08: -4.4e-08) 0 (  0.0%) |
[ -4.4e-08: -4.4e-08) 1 ( 14.3%) |*************************
[ -4.4e-08: -4.3e-08) 1 ( 14.3%) |*************************
[ -4.3e-08: -4.2e-08) 0 (  0.0%) |
[ -4.2e-08: -4.2e-08) 0 (  0.0%) |
[ -4.2e-08: -4.1e-08) 0 (  0.0%) |
[ -4.1e-08:   -4e-08) 2 ( 28.6%) |*************************************************
[   -4e-08:   -4e-08) 1 ( 14.3%) |*************************
[   -4e-08: -3.9e-08) 1 ( 14.3%) |*************************
Placement contains 0 placement macros involving 0 blocks (average macro size nan)

Moves per temperature: 54
Warning 11: Starting t: 13 of 20 configurations accepted.

---- ------ ------- ------- ---------- ---------- ------- ---------- -------- ------- ------- ------ -------- --------- ------
Tnum   Time       T Av Cost Av BB Cost Av TD Cost     CPD       sTNS     sWNS Ac Rate Std Dev  R lim Crit Exp Tot Moves  Alpha
      (sec)                                          (ns)       (ns)     (ns)                                                 
---- ------ ------- ------- ---------- ---------- ------- ---------- -------- ------- ------- ------ -------- --------- ------
   1    0.0 9.0e-01   1.073       1.14 4.8623e-07  43.091       -285  -43.091   0.833  0.0544   38.0     1.00        54  0.200
   2    0.0 8.1e-01   0.976       1.21 4.9011e-07  48.220       -299  -48.220   0.648  0.0157   38.0     1.00       108  0.900
   3    0.0 7.7e-01   0.950       1.18 4.7985e-07  47.262       -312  -47.262   0.778  0.0338   38.0     1.00       162  0.950
   4    0.0 7.3e-01   0.994       1.18 4.6852e-07  48.509       -309  -48.509   0.685  0.0286   38.0     1.00       216  0.950
   5    0.0 7.0e-01   1.032       1.13 4.3764e-07  49.531       -298  -49.531   0.796  0.0315   38.0     1.00       270  0.950
   6    0.0 6.6e-01   0.973       1.08 4.4421e-07  49.660       -299  -49.660   0.759  0.0436   38.0     1.00       324  0.950
   7    0.0 6.3e-01   0.954       1.14 4.9429e-07  45.163       -300  -45.163   0.796  0.0327   38.0     1.00       378  0.950
   8    0.0 6.0e-01   1.021       1.12 4.616e-07   44.629       -288  -44.629   0.722  0.0410   38.0     1.00       432  0.950
   9    0.0 5.7e-01   1.015       1.21 4.9826e-07  46.882       -306  -46.882   0.759  0.0459   38.0     1.00       486  0.950
  10    0.0 5.4e-01   0.919       1.15 4.7961e-07  48.348       -312  -48.348   0.796  0.0376   38.0     1.00       540  0.950
  11    0.0 5.1e-01   1.033       1.09 4.4068e-07  47.572       -295  -47.572   0.759  0.0274   38.0     1.00       594  0.950
  12    0.0 4.9e-01   1.063       1.13 4.9788e-07  45.490       -295  -45.490   0.722  0.0427   38.0     1.00       648  0.950
  13    0.0 4.6e-01   1.038       1.12 5.0046e-07  43.161       -289  -43.161   0.741  0.0302   38.0     1.00       702  0.950
  14    0.0 4.4e-01   1.015       1.15 4.7102e-07  47.861       -309  -47.861   0.815  0.0411   38.0     1.00       756  0.950
  15    0.0 4.0e-01   0.936       1.10 4.2622e-07  51.048       -295  -51.048   0.759  0.0418   38.0     1.00       810  0.900
  16    0.0 3.8e-01   1.088       1.15 4.7292e-07  45.952       -289  -45.952   0.778  0.0422   38.0     1.00       864  0.950
  17    0.0 3.6e-01   1.011       1.17 4.8739e-07  45.243       -294  -45.243   0.593  0.0407   38.0     1.00       918  0.950
  18    0.0 3.4e-01   1.002       1.13 4.3714e-07  49.045       -295  -49.045   0.778  0.0365   38.0     1.00       972  0.950
  19    0.0 3.2e-01   1.018       1.17 4.7293e-07  47.538       -300  -47.538   0.815  0.0360   38.0     1.00      1026  0.950
  20    0.0 2.9e-01   0.997       1.20 4.7566e-07  46.032       -296  -46.032   0.796  0.0362   38.0     1.00      1080  0.900
  21    0.0 2.8e-01   0.928       1.10 4.7137e-07  47.993       -303  -47.993   0.722  0.0347   38.0     1.00      1134  0.950
  22    0.0 2.6e-01   1.026       1.18 4.4292e-07  49.951       -301  -49.951   0.741  0.0332   38.0     1.00      1188  0.950
  23    0.0 2.5e-01   0.966       1.13 4.7299e-07  46.802       -303  -46.802   0.796  0.0353   38.0     1.00      1242  0.950
  24    0.0 2.4e-01   0.971       1.13 4.8374e-07  48.182       -304  -48.182   0.685  0.0419   38.0     1.00      1296  0.950
  25    0.0 2.2e-01   1.056       1.12 4.9998e-07  42.522       -283  -42.522   0.759  0.0227   38.0     1.00      1350  0.950
  26    0.0 2.1e-01   0.949       1.08 4.3782e-07  49.743       -297  -49.743   0.667  0.0318   38.0     1.00      1404  0.950
  27    0.0 2.0e-01   0.975       1.17 4.9203e-07  44.401       -299  -44.401   0.667  0.0364   38.0     1.00      1458  0.950
  28    0.0 1.9e-01   0.994       1.13 4.5693e-07  49.087       -314  -49.087   0.759  0.0445   38.0     1.00      1512  0.950
  29    0.0 1.8e-01   1.081       1.15 4.8773e-07  45.010       -295  -45.010   0.722  0.0406   38.0     1.00      1566  0.950
  30    0.0 1.7e-01   1.019       1.16 5.088e-07   44.519       -298  -44.519   0.778  0.0406   38.0     1.00      1620  0.950
  31    0.0 1.6e-01   1.035       1.15 4.5146e-07  49.062       -297  -49.062   0.685  0.0347   38.0     1.00      1674  0.950
  32    0.0 1.6e-01   1.020       1.13 4.1162e-07  51.578       -298  -51.578   0.685  0.0287   38.0     1.00      1728  0.950
  33    0.0 1.5e-01   1.010       1.13 4.7237e-07  45.826       -293  -45.826   0.778  0.0449   38.0     1.00      1782  0.950
  34    0.0 1.4e-01   1.012       1.18 4.785e-07   45.628       -297  -45.628   0.741  0.0333   38.0     1.00      1836  0.950
  35    0.0 1.3e-01   1.004       1.14 4.3722e-07  49.477       -308  -49.477   0.796  0.0363   38.0     1.00      1890  0.950
  36    0.0 1.3e-01   1.019       1.15 4.4851e-07  49.089       -305  -49.089   0.815  0.0504   38.0     1.00      1944  0.950
  37    0.0 1.1e-01   1.022       1.18 4.7778e-07  46.871       -300  -46.871   0.759  0.0290   38.0     1.00      1998  0.900
  38    0.0 1.1e-01   0.965       1.16 4.8816e-07  47.580       -312  -47.580   0.704  0.0378   38.0     1.00      2052  0.950
  39    0.0 1.0e-01   1.018       1.16 4.8535e-07  46.343       -291  -46.343   0.778  0.0456   38.0     1.00      2106  0.950
  40    0.0 9.8e-02   1.014       1.15 4.4645e-07  49.990       -305  -49.990   0.685  0.0285   38.0     1.00      2160  0.950
  41    0.0 9.3e-02   1.008       1.14 4.8021e-07  45.714       -298  -45.714   0.759  0.0327   38.0     1.00      2214  0.950
  42    0.0 8.9e-02   0.933       1.12 4.3041e-07  49.406       -308  -49.406   0.648  0.0627   38.0     1.00      2268  0.950
  43    0.0 8.4e-02   0.946       1.12 4.7699e-07  47.296       -302  -47.296   0.667  0.0390   38.0     1.00      2322  0.950
  44    0.0 8.0e-02   1.032       1.16 4.7547e-07  46.798       -293  -46.798   0.815  0.0386   38.0     1.00      2376  0.950
  45    0.0 7.2e-02   0.953       1.18 4.7741e-07  48.878       -312  -48.878   0.704  0.0239   38.0     1.00      2430  0.900
  46    0.0 6.9e-02   0.949       1.12 4.3941e-07  51.024       -307  -51.024   0.704  0.0346   38.0     1.00      2484  0.950
  47    0.0 6.5e-02   1.034       1.19 4.8079e-07  46.318       -294  -46.318   0.815  0.0456   38.0     1.00      2538  0.950
  48    0.0 5.9e-02   0.975       1.14 4.8588e-07  47.849       -311  -47.849   0.685  0.0345   38.0     1.00      2592  0.900
  49    0.0 5.6e-02   1.019       1.15 5.0143e-07  46.073       -299  -46.073   0.722  0.0380   38.0     1.00      2646  0.950
  50    0.0 5.3e-02   0.972       1.11 4.5156e-07  46.366       -299  -46.366   0.667  0.0264   38.0     1.00      2700  0.950
  51    0.0 5.0e-02   0.976       1.15 4.5588e-07  47.680       -296  -47.680   0.648  0.0469   38.0     1.00      2754  0.950
  52    0.0 4.8e-02   1.096       1.13 4.7221e-07  43.568       -291  -43.568   0.556  0.0415   38.0     1.00      2808  0.950
  53    0.0 4.5e-02   0.994       1.11 4.3896e-07  50.724       -310  -50.724   0.630  0.0281   38.0     1.00      2862  0.950
  54    0.0 4.3e-02   1.003       1.06 5.0947e-07  44.346       -295  -44.346   0.574  0.0226   38.0     1.00      2916  0.950
  55    0.0 4.1e-02   1.013       1.13 4.6922e-07  47.081       -305  -47.081   0.704  0.0409   38.0     1.00      2970  0.950
  56    0.0 3.9e-02   0.909       0.96 4.6952e-07  46.311       -298  -46.311   0.426  0.0283   38.0     1.00      3024  0.950
  57    0.0 3.7e-02   1.045       1.06 4.6201e-07  42.205       -279  -42.205   0.444  0.0311   37.5     1.10      3078  0.950
  58    0.0 3.5e-02   0.978       1.15 4.3913e-07  49.684       -308  -49.684   0.463  0.0233   37.6     1.07      3132  0.950
  59    0.0 3.3e-02   1.024       1.12 4.5548e-07  46.890       -295  -46.890   0.648  0.0439   38.0     1.00      3186  0.950
  60    0.0 3.2e-02   1.039       1.20 4.3377e-07  51.578       -299  -51.578   0.574  0.0323   38.0     1.00      3240  0.950
  61    0.0 3.0e-02   0.956       1.13 4.7263e-07  45.299       -295  -45.299   0.537  0.0345   38.0     1.00      3294  0.950
  62    0.0 2.9e-02   0.989       1.06 4.5653e-07  46.647       -301  -46.647   0.481  0.0282   38.0     1.00      3348  0.950
  63    0.0 2.7e-02   0.981       1.05 4.3676e-07  46.679       -298  -46.679   0.463  0.0184   38.0     1.00      3402  0.950
  64    0.0 2.6e-02   1.040       1.08 4.1992e-07  50.737       -305  -50.737   0.630  0.0236   38.0     1.00      3456  0.950
  65    0.0 2.5e-02   0.956       1.08 4.1875e-07  50.320       -307  -50.320   0.630  0.0297   38.0     1.00      3510  0.950
  66    0.0 2.3e-02   1.015       1.10 4.6193e-07  45.512       -296  -45.512   0.519  0.0128   38.0     1.00      3564  0.950
  67    0.0 2.2e-02   0.978       1.02 4.2652e-07  50.667       -301  -50.667   0.407  0.0286   38.0     1.00      3618  0.950
  68    0.0 2.1e-02   0.970       1.05 4.4888e-07  43.818       -291  -43.818   0.593  0.0293   36.8     1.23      3672  0.950
  69    0.0 2.0e-02   0.982       0.97 4.2691e-07  48.763       -303  -48.763   0.315  0.0225   38.0     1.00      3726  0.950
  70    0.0 1.9e-02   1.038       1.02 3.7388e-07  45.723       -288  -45.723   0.444  0.0184   33.2     1.90      3780  0.950
  71    0.0 1.8e-02   0.976       0.99 3.9738e-07  44.413       -291  -44.413   0.296  0.0148   33.4     1.87      3834  0.950
  72    0.0 1.7e-02   1.021       1.02 3.7704e-07  43.343       -287  -43.343   0.407  0.0224   28.6     2.78      3888  0.950
  73    0.0 1.6e-02   1.005       1.06 3.1353e-07  47.992       -298  -47.992   0.426  0.0231   27.7     2.96      3942  0.950
  74    0.0 1.5e-02   0.934       1.00 3.2322e-07  46.820       -300  -46.820   0.463  0.0138   27.3     3.03      3996  0.950
  75    0.0 1.5e-02   0.954       0.97 3.6862e-07  43.818       -288  -43.818   0.481  0.0486   27.9     2.91      4050  0.950
  76    0.0 1.4e-02   1.012       0.96 3.8174e-07  44.333       -292  -44.333   0.352  0.0143   29.1     2.69      4104  0.950
  77    0.0 1.3e-02   1.010       0.98 2.9512e-07  45.924       -284  -45.924   0.315  0.0058   26.5     3.18      4158  0.950
  78    0.0 1.3e-02   0.994       0.98 3.2359e-07  45.508       -291  -45.508   0.352  0.0234   23.2     3.80      4212  0.950
  79    0.0 1.2e-02   1.023       1.00 3.3536e-07  42.623       -280  -42.623   0.389  0.0221   21.1     4.19      4266  0.950
  80    0.0 1.1e-02   0.955       0.95 3.4519e-07  42.949       -287  -42.949   0.370  0.0158   20.1     4.40      4320  0.950
  81    0.0 1.1e-02   0.998       0.92 3.177e-07   42.953       -285  -42.953   0.204  0.0133   18.7     4.66      4374  0.950
  82    0.0 1.0e-02   1.023       0.95 3.1776e-07  42.044       -280  -42.044   0.296  0.0181   14.2     5.49      4428  0.950
  83    0.0 9.7e-03   1.002       0.97 3.1446e-07  42.641       -285  -42.641   0.370  0.0221   12.2     5.88      4482  0.950
  84    0.0 9.2e-03   1.011       0.96 2.2681e-07  44.095       -281  -44.095   0.389  0.0112   11.4     6.04      4536  0.950
  85    0.0 8.8e-03   0.967       0.95 3.3292e-07  42.581       -288  -42.581   0.444  0.0229   10.8     6.15      4590  0.950
  86    0.0 8.3e-03   1.016       0.94 2.9101e-07  42.083       -281  -42.083   0.426  0.0058   10.8     6.14      4644  0.950
  87    0.0 7.9e-03   0.973       0.93 3.1915e-07  42.083       -286  -42.083   0.463  0.0144   10.7     6.17      4698  0.950
  88    0.0 7.5e-03   0.995       0.92 2.442e-07   43.217       -281  -43.217   0.296  0.0105   10.9     6.12      4752  0.950
  89    0.0 7.2e-03   0.973       0.95 1.3063e-07  49.272       -289  -49.272   0.444  0.0264    9.3     6.42      4806  0.950
  90    0.0 6.8e-03   0.997       0.91 2.3822e-07  43.328       -282  -43.328   0.315  0.0084    9.4     6.41      4860  0.950
  91    0.0 6.5e-03   0.980       0.93 2.0469e-07  45.299       -289  -45.299   0.333  0.0156    8.2     6.64      4914  0.950
  92    0.0 6.1e-03   1.017       0.92 3.0307e-07  41.659       -281  -41.659   0.204  0.0172    7.3     6.80      4968  0.950
  93    0.0 5.8e-03   1.004       0.95 2.841e-07   42.638       -285  -42.638   0.519  0.0184    5.6     7.13      5022  0.950
  94    0.0 5.5e-03   0.998       0.92 2.5858e-07  42.536       -281  -42.536   0.278  0.0055    6.0     7.05      5076  0.950
  95    0.0 5.3e-03   0.994       0.92 2.5352e-07  42.377       -278  -42.377   0.315  0.0092    5.1     7.23      5130  0.950
  96    0.0 5.0e-03   0.981       0.90 1.354e-07   46.890       -282  -46.890   0.278  0.0090    4.4     7.35      5184  0.950
  97    0.0 4.7e-03   0.993       0.88 2.3682e-07  43.026       -282  -43.026   0.296  0.0076    3.7     7.49      5238  0.950
  98    0.0 4.5e-03   1.008       0.89 2.7033e-07  41.192       -275  -41.192   0.241  0.0068    3.2     7.59      5292  0.950
  99    0.0 4.3e-03   1.001       0.89 1.8861e-07  44.303       -282  -44.303   0.241  0.0067    2.5     7.71      5346  0.950
 100    0.0 4.1e-03   0.996       0.90 2.0451e-07  43.804       -283  -43.804   0.296  0.0053    2.0     7.80      5400  0.950
 101    0.0 3.9e-03   0.993       0.90 1.7535e-07  45.335       -287  -45.335   0.481  0.0076    1.7     7.86      5454  0.950
 102    0.0 3.7e-03   0.996       0.88 2.4111e-07  42.607       -282  -42.607   0.407  0.0033    1.8     7.85      5508  0.950
 103    0.0 3.5e-03   0.988       0.89 2.275e-07   43.677       -289  -43.677   0.537  0.0091    1.8     7.86      5562  0.950
 104    0.0 3.3e-03   0.984       0.87 2.4161e-07  42.840       -286  -42.840   0.389  0.0041    1.9     7.82      5616  0.950
 105    0.0 3.1e-03   0.999       0.87 2.1503e-07  43.026       -282  -43.026   0.389  0.0083    1.8     7.84      5670  0.950
 106    0.0 3.0e-03   1.017       0.89 2.0883e-07  43.086       -279  -43.086   0.426  0.0063    1.7     7.86      5724  0.950
 107    0.0 2.8e-03   0.992       0.89 2.6395e-07  42.428       -283  -42.428   0.426  0.0068    1.7     7.87      5778  0.950
 108    0.0 2.7e-03   0.993       0.88 2.7238e-07  41.973       -283  -41.973   0.407  0.0040    1.7     7.87      5832  0.950
 109    0.0 2.6e-03   0.995       0.87 3.2064e-07  40.709       -278  -40.709   0.426  0.0036    1.6     7.88      5886  0.950
 110    0.0 2.4e-03   0.999       0.87 2.7447e-07  41.172       -277  -41.172   0.333  0.0059    1.6     7.88      5940  0.950
 111    0.0 2.3e-03   1.003       0.86 2.1633e-07  42.335       -276  -42.335   0.278  0.0026    1.4     7.92      5994  0.950
 112    0.0 2.2e-03   0.997       0.87 2.3355e-07  41.973       -276  -41.973   0.241  0.0059    1.2     7.96      6048  0.950
 113    0.0 2.1e-03   1.008       0.88 2.3287e-07  42.102       -279  -42.102   0.222  0.0012    1.0     8.00      6102  0.950
 114    0.0 2.0e-03   0.999       0.88 2.3462e-07  42.102       -280  -42.102   0.241  0.0027    1.0     8.00      6156  0.950
 115    0.0 1.9e-03   0.993       0.87 2.7363e-07  40.944       -275  -40.944   0.278  0.0036    1.0     8.00      6210  0.950
 116    0.0 1.8e-03   1.001       0.87 2.3284e-07  42.102       -278  -42.102   0.204  0.0013    1.0     8.00      6264  0.950
 117    0.0 1.7e-03   0.997       0.87 2.1841e-07  42.102       -275  -42.102   0.278  0.0016    1.0     8.00      6318  0.950
 118    0.0 1.6e-03   1.002       0.87 2.3353e-07  42.102       -277  -42.102   0.204  0.0023    1.0     8.00      6372  0.950
 119    0.0 1.5e-03   0.999       0.87 2.6781e-07  41.172       -275  -41.172   0.241  0.0020    1.0     8.00      6426  0.950
 120    0.0 1.5e-03   0.991       0.86 2.4496e-07  41.565       -275  -41.565   0.148  0.0020    1.0     8.00      6480  0.950
 121    0.0 1.2e-03   0.996       0.86 2.1684e-07  42.083       -275  -42.083   0.111  0.0011    1.0     8.00      6534  0.800
 122    0.0 9.3e-04   0.998       0.86 2.3291e-07  41.854       -276  -41.854   0.130  0.0009    1.0     8.00      6588  0.800
 123    0.0 7.5e-04   1.000       0.86 3.0818e-07  40.151       -273  -40.151   0.185  0.0010    1.0     8.00      6642  0.800
 124    0.0 7.1e-04   0.999       0.85 3.0215e-07  40.151       -273  -40.151   0.056  0.0006    1.0     8.00      6696  0.950
 125    0.0 5.7e-04   0.999       0.86 2.9736e-07  40.151       -272  -40.151   0.037  0.0003    1.0     8.00      6750  0.800
 126    0.0 4.5e-04   1.000       0.86 2.7037e-07  40.780       -273  -40.780   0.056  0.0005    1.0     8.00      6804  0.800
 127    0.0 0.0e+00   0.998       0.86 2.3726e-07  41.854       -276  -41.854   0.056  0.0007    1.0     8.00      6858  0.800
## Placement Quench took 0.00 seconds (max_rss 448.0 MiB)

BB estimate of min-dist (placement) wire length: 595

Completed placement consistency check successfully.

Swaps called: 6878

Aborted Move Reasons:
  No moves aborted

Placement estimated critical path delay (least slack): 41.0179 ns, Fmax: 24.3796 MHz
Placement estimated setup Worst Negative Slack (sWNS): -41.0179 ns
Placement estimated setup Total Negative Slack (sTNS): -273.93 ns

Placement estimated setup slack histogram:
[ -4.1e-08: -4.1e-08) 2 ( 28.6%) |*************************************************
[ -4.1e-08:   -4e-08) 0 (  0.0%) |
[   -4e-08:   -4e-08) 0 (  0.0%) |
[   -4e-08:   -4e-08) 0 (  0.0%) |
[   -4e-08: -3.9e-08) 1 ( 14.3%) |*************************
[ -3.9e-08: -3.9e-08) 2 ( 28.6%) |*************************************************
[ -3.9e-08: -3.8e-08) 0 (  0.0%) |
[ -3.8e-08: -3.8e-08) 0 (  0.0%) |
[ -3.8e-08: -3.8e-08) 1 ( 14.3%) |*************************
[ -3.8e-08: -3.7e-08) 1 ( 14.3%) |*************************

Placement estimated geomean non-virtual intra-domain period: nan ns (nan MHz)
Placement estimated fanout-weighted geomean non-virtual intra-domain period: nan ns (nan MHz)

Placement cost: 0.997769, bb_cost: 0.855116, td_cost: 2.64784e-07, 

Placement resource usage:
  PB-LOGIC   implemented as TL-LOGIC  : 7
  PB-SYN_VCC implemented as TL-SYN_VCC: 1
  PB-BIDIR   implemented as TL-BIDIR  : 11
  PB-SYN_GND implemented as TL-SYN_GND: 1

Placement number of temperatures: 127
Placement total # of swap attempts: 6878
	Swaps accepted: 3545 (51.5 %)
	Swaps rejected: 1840 (26.8 %)
	Swaps aborted : 1493 (21.7 %)
Placement Quench timing analysis took 4.0105e-05 seconds (2.948e-05 STA, 1.0625e-05 slack) (1 full updates: 1 setup, 0 hold, 0 combined).
Placement Total  timing analysis took 0.00479354 seconds (0.0033251 STA, 0.00146844 slack) (129 full updates: 129 setup, 0 hold, 0 combined).
update_td_costs: connections 0 nets 0 sum_nets 0 total 0
Incr Slack updates 129 in 0.000376191 sec
Full Max Req/Worst Slack updates 87 in 0.000136299 sec
Incr Max Req/Worst Slack updates 42 in 6.0156e-05 sec
Incr Criticality updates 6 in 2.1667e-05 sec
Full Criticality updates 123 in 0.000442665 sec
# Placement took 1.13 seconds (max_rss 448.0 MiB, delta_rss +58.0 MiB)

Flow timing analysis took 0.00479354 seconds (0.0033251 STA, 0.00146844 slack) (129 full updates: 129 setup, 0 hold, 0 combined).
VPR succeeded
The entire flow of VPR took 29.35 seconds (max_rss 448.0 MiB)
