#Timing report of worst 7 path(s)
# Unit scale: 1e-09 seconds
# Output precision: 3

#Path 1
Startpoint: W.inpad[0] (.input clocked by virtual_io_clock)
Endpoint  : out:g.outpad[0] (.output clocked by virtual_io_clock)
Path Type : setup

Point                                                                        Incr      Path
-------------------------------------------------------------------------------------------
clock virtual_io_clock (rise edge)                                          0.000     0.000
clock source latency                                                        0.000     0.000
input external delay                                                        0.000     0.000
W.inpad[0] (.input)                                                         0.000     0.000
$iopadmap$helloworldfpga.W.I_PAD_$inp[0] (BIDIR_CELL)                       0.000     0.000
$iopadmap$helloworldfpga.W.I_DAT[0] (BIDIR_CELL)                           10.958    10.958
g_LUT4_O.c_frag.TBS[0] (C_FRAG)                                             9.538    20.496
g_LUT4_O.c_frag.CZ[0] (C_FRAG)                                              0.996    21.491
$iopadmap$helloworldfpga.g.O_DAT[0] (BIDIR_CELL)                           10.014    31.506
$iopadmap$helloworldfpga.g.O_PAD_$out[0] (BIDIR_CELL)                       9.809    41.315
out:g.outpad[0] (.output)                                                   0.000    41.315
data arrival time                                                                    41.315

clock virtual_io_clock (rise edge)                                          0.000     0.000
clock source latency                                                        0.000     0.000
clock uncertainty                                                           0.000     0.000
output external delay                                                       0.000     0.000
data required time                                                                    0.000
-------------------------------------------------------------------------------------------
data required time                                                                    0.000
data arrival time                                                                   -41.315
-------------------------------------------------------------------------------------------
slack (VIOLATED)                                                                    -41.315


#Path 2
Startpoint: W.inpad[0] (.input clocked by virtual_io_clock)
Endpoint  : out:d.outpad[0] (.output clocked by virtual_io_clock)
Path Type : setup

Point                                                                        Incr      Path
-------------------------------------------------------------------------------------------
clock virtual_io_clock (rise edge)                                          0.000     0.000
clock source latency                                                        0.000     0.000
input external delay                                                        0.000     0.000
W.inpad[0] (.input)                                                         0.000     0.000
$iopadmap$helloworldfpga.W.I_PAD_$inp[0] (BIDIR_CELL)                       0.000     0.000
$iopadmap$helloworldfpga.W.I_DAT[0] (BIDIR_CELL)                           10.958    10.958
d_LUT4_O.c_frag.TA2[0] (C_FRAG)                                            10.353    21.311
d_LUT4_O.c_frag.CZ[0] (C_FRAG)                                              1.705    23.017
$iopadmap$helloworldfpga.d.O_DAT[0] (BIDIR_CELL)                            8.349    31.366
$iopadmap$helloworldfpga.d.O_PAD_$out[0] (BIDIR_CELL)                       9.809    41.175
out:d.outpad[0] (.output)                                                   0.000    41.175
data arrival time                                                                    41.175

clock virtual_io_clock (rise edge)                                          0.000     0.000
clock source latency                                                        0.000     0.000
clock uncertainty                                                           0.000     0.000
output external delay                                                       0.000     0.000
data required time                                                                    0.000
-------------------------------------------------------------------------------------------
data required time                                                                    0.000
data arrival time                                                                   -41.175
-------------------------------------------------------------------------------------------
slack (VIOLATED)                                                                    -41.175


#Path 3
Startpoint: W.inpad[0] (.input clocked by virtual_io_clock)
Endpoint  : out:a.outpad[0] (.output clocked by virtual_io_clock)
Path Type : setup

Point                                                                        Incr      Path
-------------------------------------------------------------------------------------------
clock virtual_io_clock (rise edge)                                          0.000     0.000
clock source latency                                                        0.000     0.000
input external delay                                                        0.000     0.000
W.inpad[0] (.input)                                                         0.000     0.000
$iopadmap$helloworldfpga.W.I_PAD_$inp[0] (BIDIR_CELL)                       0.000     0.000
$iopadmap$helloworldfpga.W.I_DAT[0] (BIDIR_CELL)                           10.958    10.958
a_LUT4_O.c_frag.TA2[0] (C_FRAG)                                             9.425    20.383
a_LUT4_O.c_frag.CZ[0] (C_FRAG)                                              1.705    22.088
$iopadmap$helloworldfpga.a.O_DAT[0] (BIDIR_CELL)                            9.210    31.298
$iopadmap$helloworldfpga.a.O_PAD_$out[0] (BIDIR_CELL)                       9.809    41.107
out:a.outpad[0] (.output)                                                   0.000    41.107
data arrival time                                                                    41.107

clock virtual_io_clock (rise edge)                                          0.000     0.000
clock source latency                                                        0.000     0.000
clock uncertainty                                                           0.000     0.000
output external delay                                                       0.000     0.000
data required time                                                                    0.000
-------------------------------------------------------------------------------------------
data required time                                                                    0.000
data arrival time                                                                   -41.107
-------------------------------------------------------------------------------------------
slack (VIOLATED)                                                                    -41.107


#Path 4
Startpoint: W.inpad[0] (.input clocked by virtual_io_clock)
Endpoint  : out:b.outpad[0] (.output clocked by virtual_io_clock)
Path Type : setup

Point                                                                        Incr      Path
-------------------------------------------------------------------------------------------
clock virtual_io_clock (rise edge)                                          0.000     0.000
clock source latency                                                        0.000     0.000
input external delay                                                        0.000     0.000
W.inpad[0] (.input)                                                         0.000     0.000
$iopadmap$helloworldfpga.W.I_PAD_$inp[0] (BIDIR_CELL)                       0.000     0.000
$iopadmap$helloworldfpga.W.I_DAT[0] (BIDIR_CELL)                           10.958    10.958
b_LUT4_O.c_frag.BSL[0] (C_FRAG)                                             9.497    20.455
b_LUT4_O.c_frag.CZ[0] (C_FRAG)                                              1.462    21.917
$iopadmap$helloworldfpga.b.O_DAT[0] (BIDIR_CELL)                            8.325    30.242
$iopadmap$helloworldfpga.b.O_PAD_$out[0] (BIDIR_CELL)                       9.809    40.051
out:b.outpad[0] (.output)                                                   0.000    40.051
data arrival time                                                                    40.051

clock virtual_io_clock (rise edge)                                          0.000     0.000
clock source latency                                                        0.000     0.000
clock uncertainty                                                           0.000     0.000
output external delay                                                       0.000     0.000
data required time                                                                    0.000
-------------------------------------------------------------------------------------------
data required time                                                                    0.000
data arrival time                                                                   -40.051
-------------------------------------------------------------------------------------------
slack (VIOLATED)                                                                    -40.051


#Path 5
Startpoint: W.inpad[0] (.input clocked by virtual_io_clock)
Endpoint  : out:f.outpad[0] (.output clocked by virtual_io_clock)
Path Type : setup

Point                                                                        Incr      Path
-------------------------------------------------------------------------------------------
clock virtual_io_clock (rise edge)                                          0.000     0.000
clock source latency                                                        0.000     0.000
input external delay                                                        0.000     0.000
W.inpad[0] (.input)                                                         0.000     0.000
$iopadmap$helloworldfpga.W.I_PAD_$inp[0] (BIDIR_CELL)                       0.000     0.000
$iopadmap$helloworldfpga.W.I_DAT[0] (BIDIR_CELL)                           10.958    10.958
f_LUT4_O.c_frag.TSL[0] (C_FRAG)                                             8.708    19.666
f_LUT4_O.c_frag.CZ[0] (C_FRAG)                                              1.593    21.259
$iopadmap$helloworldfpga.f.O_DAT[0] (BIDIR_CELL)                            8.844    30.103
$iopadmap$helloworldfpga.f.O_PAD_$out[0] (BIDIR_CELL)                       9.809    39.912
out:f.outpad[0] (.output)                                                   0.000    39.912
data arrival time                                                                    39.912

clock virtual_io_clock (rise edge)                                          0.000     0.000
clock source latency                                                        0.000     0.000
clock uncertainty                                                           0.000     0.000
output external delay                                                       0.000     0.000
data required time                                                                    0.000
-------------------------------------------------------------------------------------------
data required time                                                                    0.000
data arrival time                                                                   -39.912
-------------------------------------------------------------------------------------------
slack (VIOLATED)                                                                    -39.912


#Path 6
Startpoint: X.inpad[0] (.input clocked by virtual_io_clock)
Endpoint  : out:e.outpad[0] (.output clocked by virtual_io_clock)
Path Type : setup

Point                                                                        Incr      Path
-------------------------------------------------------------------------------------------
clock virtual_io_clock (rise edge)                                          0.000     0.000
clock source latency                                                        0.000     0.000
input external delay                                                        0.000     0.000
X.inpad[0] (.input)                                                         0.000     0.000
$iopadmap$helloworldfpga.X.I_PAD_$inp[0] (BIDIR_CELL)                       0.000     0.000
$iopadmap$helloworldfpga.X.I_DAT[0] (BIDIR_CELL)                           10.958    10.958
e_LUT4_O.c_frag.BAB[0] (C_FRAG)                                             9.750    20.708
e_LUT4_O.c_frag.CZ[0] (C_FRAG)                                              1.305    22.014
$iopadmap$helloworldfpga.e.O_DAT[0] (BIDIR_CELL)                            6.958    28.972
$iopadmap$helloworldfpga.e.O_PAD_$out[0] (BIDIR_CELL)                       9.809    38.781
out:e.outpad[0] (.output)                                                   0.000    38.781
data arrival time                                                                    38.781

clock virtual_io_clock (rise edge)                                          0.000     0.000
clock source latency                                                        0.000     0.000
clock uncertainty                                                           0.000     0.000
output external delay                                                       0.000     0.000
data required time                                                                    0.000
-------------------------------------------------------------------------------------------
data required time                                                                    0.000
data arrival time                                                                   -38.781
-------------------------------------------------------------------------------------------
slack (VIOLATED)                                                                    -38.781


#Path 7
Startpoint: W.inpad[0] (.input clocked by virtual_io_clock)
Endpoint  : out:c.outpad[0] (.output clocked by virtual_io_clock)
Path Type : setup

Point                                                                        Incr      Path
-------------------------------------------------------------------------------------------
clock virtual_io_clock (rise edge)                                          0.000     0.000
clock source latency                                                        0.000     0.000
input external delay                                                        0.000     0.000
W.inpad[0] (.input)                                                         0.000     0.000
$iopadmap$helloworldfpga.W.I_PAD_$inp[0] (BIDIR_CELL)                       0.000     0.000
$iopadmap$helloworldfpga.W.I_DAT[0] (BIDIR_CELL)                           10.958    10.958
c_LUT4_O.c_frag.TSL[0] (C_FRAG)                                             9.070    20.028
c_LUT4_O.c_frag.CZ[0] (C_FRAG)                                              1.593    21.621
$iopadmap$helloworldfpga.c.O_DAT[0] (BIDIR_CELL)                            6.958    28.579
$iopadmap$helloworldfpga.c.O_PAD_$out[0] (BIDIR_CELL)                       9.809    38.388
out:c.outpad[0] (.output)                                                   0.000    38.388
data arrival time                                                                    38.388

clock virtual_io_clock (rise edge)                                          0.000     0.000
clock source latency                                                        0.000     0.000
clock uncertainty                                                           0.000     0.000
output external delay                                                       0.000     0.000
data required time                                                                    0.000
-------------------------------------------------------------------------------------------
data required time                                                                    0.000
data arrival time                                                                   -38.388
-------------------------------------------------------------------------------------------
slack (VIOLATED)                                                                    -38.388


#End of timing report
