VPR FPGA Placement and Routing.
Version: 8.1.0-dev+dadca7ecf
Revision: v8.0.0-rc2-2894-gdadca7ecf
Compiled: 2021-01-14T13:13:16
Compiler: GNU 9.3.0 on Linux-5.4.0-faked aarch64
Build Info: release IPO VTR_ASSERT_LEVEL=2

University of Toronto
verilogtorouting.org
vtr-users@googlegroups.com
This is free open source code under MIT license.

VPR was run with the following command-line:
vpr /root/symbiflow/quicklogic-arch-defs/share/arch/ql-eos-s3_wlcsp/arch.timing.xml helloworldfpga.eblif --device ql-eos-s3 --max_router_iterations 500 --routing_failure_predictor off --router_high_fanout_threshold -1 --constant_net_method route --route_chan_width 100 --clock_modeling route --place_delay_model delta_override --router_lookahead map --check_route quick --strict_checks off --allow_dangling_combinational_nodes on --disable_errors check_unbuffered_edges:check_route --congested_routing_iteration_threshold 0.8 --incremental_reroute_delay_ripup off --base_cost_type delay_normalized_length_bounded --bb_factor 10 --initial_pres_fac 4.0 --check_rr_graph off --suppress_warnings ,sum_pin_class:check_unbuffered_edges:load_rr_indexed_data_T_values:check_rr_node:trans_per_R:check_route:set_rr_graph_tool_comment:warn_model_missing_timing --read_rr_graph /root/symbiflow/quicklogic-arch-defs/share/arch/ql-eos-s3_wlcsp/rr_graph_ql-eos-s3_wlcsp.rr_graph.real.bin --read_placement_delay_lookup /root/symbiflow/quicklogic-arch-defs/share/arch/ql-eos-s3_wlcsp/rr_graph_ql-eos-s3_wlcsp.place_delay.bin --sdc_file /storage/emulated/0/github/vaman/fpga/boolean/codes/decoders/build/helloworldfpga_dummy.sdc --fix_clusters helloworldfpga_constraints.place --place


Architecture file: /root/symbiflow/quicklogic-arch-defs/share/arch/ql-eos-s3_wlcsp/arch.timing.xml
Circuit name: helloworldfpga

# Loading Architecture Description
# Loading Architecture Description took 0.40 seconds (max_rss 27.0 MiB, delta_rss +23.8 MiB)
# Building complex block graph
# Building complex block graph took 0.09 seconds (max_rss 33.8 MiB, delta_rss +6.8 MiB)
# Load circuit
# Load circuit took 0.00 seconds (max_rss 33.8 MiB, delta_rss +0.0 MiB)
# Clean circuit
Absorbed 114 LUT buffers
Inferred    3 additional primitive pins as constant generators since they have no combinationally connected inputs
Inferred    0 additional primitive pins as constant generators due to constant inputs
Inferred    0 additional primitive pins as constant generators since they have no combinationally connected inputs
Inferred    0 additional primitive pins as constant generators due to constant inputs
Inferred    0 additional primitive pins as constant generators since they have no combinationally connected inputs
Inferred    0 additional primitive pins as constant generators due to constant inputs
Swept input(s)      : 0
Swept output(s)     : 0 (0 dangling, 0 constant)
Swept net(s)        : 1
Swept block(s)      : 1
Constant Pins Marked: 3
# Clean circuit took 0.00 seconds (max_rss 33.8 MiB, delta_rss +0.0 MiB)
# Compress circuit
# Compress circuit took 0.00 seconds (max_rss 33.8 MiB, delta_rss +0.0 MiB)
# Verify circuit
# Verify circuit took 0.00 seconds (max_rss 33.8 MiB, delta_rss +0.0 MiB)
Circuit Statistics:
  Blocks: 31
    .input    :       4
    .output   :       7
    BIDIR_CELL:      11
    C_FRAG    :       6
    GND       :       1
    T_FRAG    :       1
    VCC       :       1
  Nets  : 24
    Avg Fanout:     5.2
    Max Fanout:    45.0
    Min Fanout:     1.0
  Netlist Clocks: 0
# Build Timing Graph
  Timing Graph Nodes: 149
  Timing Graph Edges: 232
  Timing Graph Levels: 8
# Build Timing Graph took 0.00 seconds (max_rss 33.8 MiB, delta_rss +0.0 MiB)
Netlist contains 0 clocks
# Load Timing Constraints

SDC file '/storage/emulated/0/github/vaman/fpga/boolean/codes/decoders/build/helloworldfpga_dummy.sdc' contained no SDC commands
Setting default timing constraints:
   * constrain all primay inputs and primary outputs on a virtual external clock 'virtual_io_clock'
   * optimize virtual clock to run as fast as possible
Timing constraints created 1 clocks
  Constrained Clock 'virtual_io_clock' (Virtual Clock)

# Load Timing Constraints took 0.00 seconds (max_rss 33.8 MiB, delta_rss +0.0 MiB)
Timing analysis: ON
Circuit netlist file: helloworldfpga.net
Circuit placement file: helloworldfpga.place
Circuit routing file: helloworldfpga.route
Circuit SDC file: /storage/emulated/0/github/vaman/fpga/boolean/codes/decoders/build/helloworldfpga_dummy.sdc

Packer: ENABLED
Placer: ENABLED
Router: DISABLED
Analysis: DISABLED

NetlistOpts.abosrb_buffer_luts            : true
NetlistOpts.sweep_dangling_primary_ios    : true
NetlistOpts.sweep_dangling_nets           : true
NetlistOpts.sweep_dangling_blocks         : true
NetlistOpts.sweep_constant_primary_outputs: false
NetlistOpts.netlist_verbosity             : 1
NetlistOpts.const_gen_inference           : COMB_SEQ

PackerOpts.allow_unrelated_clustering: auto
PackerOpts.alpha_clustering: 0.750000
PackerOpts.beta_clustering: 0.900000
PackerOpts.cluster_seed_type: BLEND2
PackerOpts.connection_driven: true
PackerOpts.global_clocks: true
PackerOpts.hill_climbing_flag: false
PackerOpts.inter_cluster_net_delay: 1.000000
PackerOpts.timing_driven: true
PackerOpts.target_external_pin_util: auto

PlacerOpts.place_freq: PLACE_ONCE
PlacerOpts.place_algorithm: CRITICALITY_TIMING_PLACE
PlacerOpts.pad_loc_type: FREE
PlacerOpts.constraints_file: Using constraints file 'helloworldfpga_constraints.place'
PlacerOpts.place_cost_exp: 1.000000
PlacerOpts.place_chan_width: 100
PlacerOpts.inner_loop_recompute_divider: 0
PlacerOpts.recompute_crit_iter: 1
PlacerOpts.timing_tradeoff: 0.500000
PlacerOpts.td_place_exp_first: 1.000000
PlacerOpts.td_place_exp_last: 8.000000
PlacerOpts.delay_offset: 0.000000
PlacerOpts.delay_ramp_delta_threshold: -1
PlacerOpts.delay_ramp_slope: 0.000000
PlacerOpts.tsu_rel_margin: 1.000000
PlacerOpts.tsu_abs_margin: 0.000000
PlacerOpts.post_place_timing_report_file: 
PlacerOpts.allowed_tiles_for_delay_model: 
PlacerOpts.delay_model_reducer: MIN
PlacerOpts.delay_model_type: DELTA_OVERRIDE
PlacerOpts.rlim_escape_fraction: 0.000000
PlacerOpts.move_stats_file: 
PlacerOpts.placement_saves_per_temperature: 0
PlacerOpts.effort_scaling: CIRCUIT
PlacerOpts.place_delta_delay_matrix_calculation_method: ASTAR_ROUTE
PlaceOpts.seed: 1
AnnealSched.type: AUTO_SCHED
AnnealSched.inner_num: 1.000000

RoutingArch.directionality: BI_DIRECTIONAL
RoutingArch.switch_block_type: WILTON
RoutingArch.Fs: 3

# Load Packing
Begin loading packed FPGA netlist file.
Netlist generated from file 'helloworldfpga.net'.
Detected 2 constant generators (to see names run with higher pack verbosity)
Finished loading packed FPGA netlist file (took 0.008836 seconds).
# Load Packing took 0.01 seconds (max_rss 34.0 MiB, delta_rss +0.2 MiB)
Warning 1: Netlist contains 0 global net to non-global architecture pin connections
Warning 2: Logic block #18 ($false) has only 1 output pin '$false.GND0_GND[0]'. It may be a constant generator.
Warning 3: Logic block #19 ($true) has only 1 output pin '$true.VCC0_VCC[0]'. It may be a constant generator.

Netlist num_nets: 13
Netlist num_blocks: 20
Netlist EMPTY blocks: 0.
Netlist PB-GMUX blocks: 0.
Netlist PB-LOGIC blocks: 7.
Netlist PB-CLOCK blocks: 0.
Netlist PB-MULT blocks: 0.
Netlist PB-SDIOMUX blocks: 0.
Netlist PB-RAM blocks: 0.
Netlist PB-SYN_VCC blocks: 1.
Netlist PB-BIDIR blocks: 11.
Netlist PB-SYN_GND blocks: 1.
Netlist PB-ASSP blocks: 0.
Netlist inputs pins: 4
Netlist output pins: 29


Pb types usage...
  PB-LOGIC          : 7
   LOGIC            : 7
    FRAGS           : 7
     c_frag_modes   : 7
      SINGLE        : 6
       c_frag       : 6
      SPLIT         : 1
       b_frag       : 1
  PB-SYN_VCC        : 1
   VCC              : 1
  PB-BIDIR          : 11
   BIDIR            : 11
    INPUT           : 4
     bidir          : 4
     inpad          : 4
    OUTPUT          : 7
     bidir          : 7
     outpad         : 7
  PB-SYN_GND        : 1
   GND              : 1

# Create Device
## Build Device Grid
FPGA sized to 39 x 35: 1365 grid tiles (ql-eos-s3)

Resource usage...
	Netlist
		0	blocks of type: PB-GMUX
	Architecture
		5	blocks of type: TL-GMUX
	Netlist
		7	blocks of type: PB-LOGIC
	Architecture
		891	blocks of type: TL-LOGIC
	Netlist
		0	blocks of type: PB-CLOCK
	Architecture
		5	blocks of type: TL-CLOCK
	Netlist
		0	blocks of type: PB-MULT
	Architecture
		2	blocks of type: TL-MULT
	Netlist
		0	blocks of type: PB-SDIOMUX
	Architecture
		14	blocks of type: TL-SDIOMUX
	Netlist
		0	blocks of type: PB-RAM
	Architecture
		4	blocks of type: TL-RAM
	Netlist
		1	blocks of type: PB-SYN_VCC
	Architecture
		1	blocks of type: TL-SYN_VCC
	Netlist
		11	blocks of type: PB-BIDIR
	Architecture
		32	blocks of type: TL-BIDIR
	Netlist
		1	blocks of type: PB-SYN_GND
	Architecture
		1	blocks of type: TL-SYN_GND
	Netlist
		0	blocks of type: PB-ASSP
	Architecture
		1	blocks of type: TL-ASSP

Device Utilization: 0.01 (target 1.00)
	Physical Tile TL-LOGIC:
	Block Utilization: 0.01 Logical Block: PB-LOGIC
	Physical Tile TL-RAM:
	Block Utilization: 0.00 Logical Block: PB-RAM
	Physical Tile TL-MULT:
	Block Utilization: 0.00 Logical Block: PB-MULT
	Physical Tile TL-BIDIR:
	Block Utilization: 0.34 Logical Block: PB-BIDIR
	Physical Tile TL-CLOCK:
	Block Utilization: 0.00 Logical Block: PB-CLOCK
	Physical Tile TL-SDIOMUX:
	Block Utilization: 0.00 Logical Block: PB-SDIOMUX
	Physical Tile TL-GMUX:
	Block Utilization: 0.00 Logical Block: PB-GMUX
	Physical Tile TL-ASSP:
	Block Utilization: 0.00 Logical Block: PB-ASSP
	Physical Tile TL-SYN_VCC:
	Block Utilization: 1.00 Logical Block: PB-SYN_VCC
	Physical Tile TL-SYN_GND:
	Block Utilization: 1.00 Logical Block: PB-SYN_GND

## Build Device Grid took 0.01 seconds (max_rss 34.1 MiB, delta_rss +0.0 MiB)
## Loading routing resource graph


## Loading routing resource graph took 0.55 seconds (max_rss 342.0 MiB, delta_rss +307.9 MiB)
  RR Graph Nodes: 1396446
  RR Graph Edges: 2337988
# Create Device took 1.76 seconds (max_rss 389.6 MiB, delta_rss +355.6 MiB)

# Computing router lookahead map
## Computing wire lookahead
Warning 4: Unable to find any sample location for segment CHANX type 'generic' (length 1)
Warning 5: Unable to find any sample location for segment CHANY type 'generic' (length 1)
Warning 6: Unable to find any sample location for segment CHANX type 'pad' (length 1)
Warning 7: Unable to find any sample location for segment CHANY type 'pad' (length 1)
## Computing wire lookahead took 25.72 seconds (max_rss 389.6 MiB, delta_rss +0.0 MiB)
## Computing src/opin lookahead
## Computing src/opin lookahead took 0.00 seconds (max_rss 389.6 MiB, delta_rss +0.0 MiB)
# Computing router lookahead map took 25.72 seconds (max_rss 389.6 MiB, delta_rss +0.0 MiB)
# Placement
## Computing placement delta delay look-up
  RR Graph Nodes: 1396446
  RR Graph Edges: 2337988
## Computing placement delta delay look-up took 1.10 seconds (max_rss 447.7 MiB, delta_rss +58.0 MiB)
Warning 8: CHANX place cost fac is 0 at 2 2
Warning 9: CHANX place cost fac is 0 at 34 34
Warning 10: CHANY place cost fac is 0 at 38 38
## Initial Placement
Reading helloworldfpga_constraints.place.

Successfully read helloworldfpga_constraints.place.

## Initial Placement took 0.00 seconds (max_rss 447.7 MiB, delta_rss +0.0 MiB)

There are 114 point to point connections in this circuit.


BB estimate of min-dist (placement) wire length: 785

Completed placement consistency check successfully.
Initial placement cost: 1 bb_cost: 1.16276 td_cost: 4.27482e-07
Initial placement estimated Critical Path Delay (CPD): 46.3204 ns
Initial placement estimated setup Total Negative Slack (sTNS): -300.089 ns
Initial placement estimated setup Worst Negative Slack (sWNS): -46.3204 ns

Initial placement estimated setup slack histogram:
[ -4.6e-08: -4.6e-08) 1 ( 14.3%) |*************************
[ -4.6e-08: -4.5e-08) 1 ( 14.3%) |*************************
[ -4.5e-08: -4.4e-08) 0 (  0.0%) |
[ -4.4e-08: -4.3e-08) 0 (  0.0%) |
[ -4.3e-08: -4.3e-08) 2 ( 28.6%) |*************************************************
[ -4.3e-08: -4.2e-08) 1 ( 14.3%) |*************************
[ -4.2e-08: -4.1e-08) 0 (  0.0%) |
[ -4.1e-08: -4.1e-08) 1 ( 14.3%) |*************************
[ -4.1e-08:   -4e-08) 0 (  0.0%) |
[   -4e-08: -3.9e-08) 1 ( 14.3%) |*************************
Placement contains 0 placement macros involving 0 blocks (average macro size nan)

Moves per temperature: 54
Warning 11: Starting t: 13 of 20 configurations accepted.

---- ------ ------- ------- ---------- ---------- ------- ---------- -------- ------- ------- ------ -------- --------- ------
Tnum   Time       T Av Cost Av BB Cost Av TD Cost     CPD       sTNS     sWNS Ac Rate Std Dev  R lim Crit Exp Tot Moves  Alpha
      (sec)                                          (ns)       (ns)     (ns)                                                 
---- ------ ------- ------- ---------- ---------- ------- ---------- -------- ------- ------- ------ -------- --------- ------
   1    0.0 9.9e-01   1.049       1.12 4.3433e-07  44.532       -288  -44.532   0.852  0.0437   38.0     1.00        54  0.200
   2    0.0 8.9e-01   1.094       1.16 4.4246e-07  46.208       -293  -46.208   0.685  0.0404   38.0     1.00       108  0.900
   3    0.0 8.4e-01   1.012       1.14 4.4767e-07  46.536       -311  -46.536   0.759  0.0328   38.0     1.00       162  0.950
   4    0.0 8.0e-01   0.963       1.10 4.2861e-07  49.470       -298  -49.470   0.667  0.0437   38.0     1.00       216  0.950
   5    0.0 7.6e-01   1.002       1.08 4.2212e-07  47.761       -294  -47.761   0.815  0.0355   38.0     1.00       270  0.950
   6    0.0 6.8e-01   1.010       1.09 4.3404e-07  46.318       -298  -46.318   0.778  0.0582   38.0     1.00       324  0.900
   7    0.0 6.5e-01   0.900       1.13 4.343e-07   50.405       -310  -50.405   0.796  0.0580   38.0     1.00       378  0.950
   8    0.0 6.2e-01   1.074       1.12 3.7516e-07  52.273       -292  -52.273   0.741  0.0396   38.0     1.00       432  0.950
   9    0.0 5.9e-01   1.037       1.18 4.2834e-07  51.054       -307  -51.054   0.704  0.0407   38.0     1.00       486  0.950
  10    0.0 5.6e-01   0.956       1.13 4.4896e-07  48.220       -304  -48.220   0.815  0.0337   38.0     1.00       540  0.950
  11    0.0 5.0e-01   1.025       1.10 4.4524e-07  45.775       -292  -45.775   0.759  0.0449   38.0     1.00       594  0.900
  12    0.0 4.8e-01   1.054       1.12 4.7481e-07  44.537       -294  -44.537   0.741  0.0363   38.0     1.00       648  0.950
  13    0.0 4.5e-01   1.039       1.08 4.4884e-07  44.666       -296  -44.666   0.722  0.0287   38.0     1.00       702  0.950
  14    0.0 4.3e-01   1.005       1.15 4.4342e-07  46.430       -302  -46.430   0.778  0.0417   38.0     1.00       756  0.950
  15    0.0 4.1e-01   0.947       1.10 4.2771e-07  50.322       -308  -50.322   0.741  0.0429   38.0     1.00       810  0.950
  16    0.0 3.9e-01   0.997       1.16 4.4607e-07  47.577       -298  -47.577   0.759  0.0424   38.0     1.00       864  0.950
  17    0.0 3.7e-01   1.040       1.18 4.0589e-07  48.557       -298  -48.557   0.593  0.0361   38.0     1.00       918  0.950
  18    0.0 3.5e-01   0.999       1.11 4.2083e-07  48.319       -301  -48.319   0.796  0.0279   38.0     1.00       972  0.950
  19    0.0 3.3e-01   1.036       1.13 4.315e-07   47.538       -297  -47.538   0.815  0.0327   38.0     1.00      1026  0.950
  20    0.0 3.0e-01   1.020       1.15 4.4774e-07  45.833       -290  -45.833   0.759  0.0563   38.0     1.00      1080  0.900
  21    0.0 2.8e-01   0.875       1.06 4.3101e-07  47.993       -306  -47.993   0.704  0.0385   38.0     1.00      1134  0.950
  22    0.0 2.7e-01   1.038       1.09 4.0365e-07  49.225       -295  -49.225   0.685  0.0285   38.0     1.00      1188  0.950
  23    0.0 2.6e-01   0.948       1.12 4.3431e-07  48.688       -303  -48.688   0.796  0.0496   38.0     1.00      1242  0.950
  24    0.0 2.4e-01   0.953       1.09 4.1787e-07  50.737       -308  -50.737   0.722  0.0416   38.0     1.00      1296  0.950
  25    0.0 2.3e-01   1.039       1.10 4.4162e-07  43.215       -288  -43.215   0.704  0.0426   38.0     1.00      1350  0.950
  26    0.0 2.2e-01   1.000       1.05 4.4154e-07  43.927       -298  -43.927   0.685  0.0409   38.0     1.00      1404  0.950
  27    0.0 2.1e-01   0.968       1.14 4.3586e-07  47.273       -304  -47.273   0.685  0.0380   38.0     1.00      1458  0.950
  28    0.0 2.0e-01   0.953       1.10 4.1657e-07  51.095       -309  -51.095   0.722  0.0344   38.0     1.00      1512  0.950
  29    0.0 1.9e-01   0.999       1.05 4.5189e-07  43.863       -287  -43.863   0.630  0.0282   38.0     1.00      1566  0.950
  30    0.0 1.8e-01   1.059       1.13 4.7698e-07  41.625       -279  -41.625   0.778  0.0413   38.0     1.00      1620  0.950
  31    0.0 1.7e-01   1.031       1.12 4.1834e-07  48.464       -300  -48.464   0.704  0.0258   38.0     1.00      1674  0.950
  32    0.0 1.6e-01   1.002       1.10 4.0036e-07  50.139       -298  -50.139   0.667  0.0344   38.0     1.00      1728  0.950
  33    0.0 1.5e-01   0.983       1.11 4.5616e-07  44.694       -300  -44.694   0.815  0.0441   38.0     1.00      1782  0.950
  34    0.0 1.4e-01   0.984       1.17 4.3913e-07  46.073       -294  -46.073   0.778  0.0273   38.0     1.00      1836  0.900
  35    0.0 1.3e-01   0.945       1.13 3.9713e-07  50.776       -306  -50.776   0.796  0.0282   38.0     1.00      1890  0.950
  36    0.0 1.2e-01   1.023       1.10 4.3287e-07  47.164       -294  -47.164   0.796  0.0592   38.0     1.00      1944  0.950
  37    0.0 1.2e-01   1.040       1.07 4.2334e-07  44.192       -291  -44.192   0.685  0.0375   38.0     1.00      1998  0.950
  38    0.0 1.1e-01   0.962       1.16 4.4746e-07  46.754       -306  -46.754   0.648  0.0237   38.0     1.00      2052  0.950
  39    0.0 1.1e-01   0.941       1.11 4.544e-07   46.499       -299  -46.499   0.741  0.0387   38.0     1.00      2106  0.950
  40    0.0 1.0e-01   1.007       1.09 4.492e-07   44.065       -293  -44.065   0.630  0.0381   38.0     1.00      2160  0.950
  41    0.0 9.7e-02   0.996       1.10 4.0833e-07  49.155       -301  -49.155   0.778  0.0473   38.0     1.00      2214  0.950
  42    0.0 9.2e-02   0.933       1.14 4.2685e-07  47.762       -306  -47.762   0.648  0.0727   38.0     1.00      2268  0.950
  43    0.0 8.7e-02   0.927       1.15 4.6182e-07  47.452       -302  -47.452   0.704  0.0402   38.0     1.00      2322  0.950
  44    0.0 8.3e-02   1.003       1.15 4.7902e-07  43.463       -293  -43.463   0.815  0.0278   38.0     1.00      2376  0.950
  45    0.0 7.5e-02   0.942       1.13 4.3842e-07  47.264       -306  -47.264   0.685  0.0307   38.0     1.00      2430  0.900
  46    0.0 7.1e-02   1.010       1.13 4.1421e-07  51.827       -306  -51.827   0.630  0.0475   38.0     1.00      2484  0.950
  47    0.0 6.7e-02   0.994       1.11 4.2686e-07  48.202       -295  -48.202   0.778  0.0315   38.0     1.00      2538  0.950
  48    0.0 6.4e-02   0.999       1.11 4.5859e-07  44.379       -290  -44.379   0.685  0.0237   38.0     1.00      2592  0.950
  49    0.0 6.1e-02   0.980       1.11 4.6946e-07  47.194       -301  -47.194   0.704  0.0353   38.0     1.00      2646  0.950
  50    0.0 5.8e-02   0.997       1.11 4.406e-07   46.366       -295  -46.366   0.704  0.0448   38.0     1.00      2700  0.950
  51    0.0 5.5e-02   0.966       1.08 3.9669e-07  50.139       -303  -50.139   0.648  0.0440   38.0     1.00      2754  0.950
  52    0.0 5.2e-02   1.104       1.15 4.4231e-07  42.842       -288  -42.842   0.667  0.0426   38.0     1.00      2808  0.950
  53    0.0 4.9e-02   1.018       1.12 4.0989e-07  52.018       -307  -52.018   0.648  0.0250   38.0     1.00      2862  0.950
  54    0.0 4.7e-02   0.988       1.09 4.5081e-07  44.725       -290  -44.725   0.667  0.0338   38.0     1.00      2916  0.950
  55    0.0 4.5e-02   1.019       1.11 4.6323e-07  45.118       -298  -45.118   0.648  0.0551   38.0     1.00      2970  0.950
  56    0.0 4.2e-02   0.903       1.00 4.4783e-07  45.537       -294  -45.537   0.556  0.0319   38.0     1.00      3024  0.950
  57    0.0 4.0e-02   1.041       1.04 4.4305e-07  41.480       -281  -41.480   0.444  0.0469   38.0     1.00      3078  0.950
  58    0.0 3.8e-02   1.008       1.14 4.1447e-07  49.086       -302  -49.086   0.574  0.0292   38.0     1.00      3132  0.950
  59    0.0 3.6e-02   0.960       1.08 4.2291e-07  45.612       -289  -45.612   0.593  0.0416   38.0     1.00      3186  0.950
  60    0.0 3.5e-02   1.033       1.12 4.2809e-07  46.572       -294  -46.572   0.500  0.0402   38.0     1.00      3240  0.950
  61    0.0 3.3e-02   1.054       1.14 4.1364e-07  45.722       -297  -45.722   0.444  0.0439   38.0     1.00      3294  0.950
  62    0.0 3.1e-02   0.931       1.06 4.179e-07   47.011       -311  -47.011   0.593  0.0320   38.0     1.00      3348  0.950
  63    0.0 3.0e-02   0.972       1.04 4.1332e-07  44.515       -291  -44.515   0.444  0.0340   38.0     1.00      3402  0.950
  64    0.0 2.8e-02   1.070       1.06 4.084e-07   47.436       -288  -47.436   0.648  0.0290   38.0     1.00      3456  0.950
  65    0.0 2.7e-02   0.988       1.03 4.4747e-07  44.445       -293  -44.445   0.500  0.0295   38.0     1.00      3510  0.950
  66    0.0 2.5e-02   0.982       1.07 4.3303e-07  44.440       -297  -44.440   0.333  0.0143   38.0     1.00      3564  0.950
  67    0.0 2.4e-02   0.995       1.04 3.6338e-07  47.796       -311  -47.796   0.463  0.0231   33.9     1.77      3618  0.950
  68    0.0 2.3e-02   0.986       1.00 3.8363e-07  46.480       -296  -46.480   0.500  0.0181   34.7     1.62      3672  0.950
  69    0.0 2.2e-02   1.016       1.01 3.9711e-07  45.754       -287  -45.754   0.407  0.0201   36.8     1.23      3726  0.950
  70    0.0 2.1e-02   0.948       0.97 3.844e-07   45.126       -290  -45.126   0.407  0.0183   35.6     1.45      3780  0.950
  71    0.0 2.0e-02   0.999       0.96 3.5805e-07  45.115       -291  -45.115   0.315  0.0119   34.4     1.67      3834  0.950
  72    0.0 1.9e-02   1.052       1.02 4.0392e-07  41.032       -279  -41.032   0.444  0.0345   30.1     2.49      3888  0.950
  73    0.0 1.8e-02   1.020       1.03 3.2594e-07  45.812       -292  -45.812   0.519  0.0150   30.3     2.46      3942  0.950
  74    0.0 1.7e-02   0.997       1.01 4.4568e-07  42.613       -290  -42.613   0.556  0.0330   32.6     2.01      3996  0.950
  75    0.0 1.6e-02   0.884       0.95 3.6461e-07  47.436       -297  -47.436   0.315  0.0511   36.4     1.30      4050  0.950
  76    0.0 1.5e-02   1.012       0.96 3.6401e-07  43.607       -288  -43.607   0.444  0.0141   31.9     2.16      4104  0.950
  77    0.0 1.4e-02   1.005       0.95 3.8614e-07  41.686       -281  -41.686   0.278  0.0262   32.0     2.13      4158  0.950
  78    0.0 1.4e-02   0.995       1.00 3.3147e-07  44.034       -286  -44.034   0.333  0.0233   26.8     3.12      4212  0.950
  79    0.0 1.3e-02   1.016       0.97 3.6459e-07  40.261       -274  -40.261   0.463  0.0205   24.0     3.66      4266  0.950
  80    0.0 1.2e-02   1.030       0.98 3.0044e-07  43.043       -284  -43.043   0.352  0.0247   24.5     3.55      4320  0.950
  81    0.0 1.2e-02   0.988       0.94 2.8094e-07  42.824       -280  -42.824   0.296  0.0168   22.3     3.96      4374  0.950
  82    0.0 1.1e-02   1.000       0.97 2.4107e-07  44.532       -288  -44.532   0.278  0.0120   19.1     4.57      4428  0.950
  83    0.0 1.1e-02   0.991       0.94 2.2687e-07  44.918       -289  -44.918   0.352  0.0152   16.0     5.16      4482  0.950
  84    0.0 1.0e-02   0.982       0.96 2.3977e-07  43.556       -283  -43.556   0.426  0.0107   14.6     5.42      4536  0.950
  85    0.0 9.6e-03   1.006       0.98 2.3436e-07  44.445       -290  -44.445   0.500  0.0088   14.4     5.46      4590  0.950
  86    0.0 9.1e-03   0.966       0.99 2.6404e-07  42.550       -285  -42.550   0.333  0.0239   15.3     5.30      4644  0.950
  87    0.0 8.6e-03   0.970       0.94 1.7097e-07  47.234       -295  -47.234   0.389  0.0125   13.6     5.61      4698  0.950
  88    0.0 8.2e-03   0.963       0.93 1.6109e-07  46.726       -285  -46.726   0.278  0.0269   12.9     5.74      4752  0.950
  89    0.0 7.8e-03   0.983       0.90 2.2906e-07  43.507       -281  -43.507   0.370  0.0129   10.8     6.14      4806  0.950
  90    0.0 7.4e-03   1.003       0.94 2.579e-07   42.359       -283  -42.359   0.315  0.0132   10.1     6.28      4860  0.950
  91    0.0 7.0e-03   0.963       0.96 1.4592e-07  48.839       -305  -48.839   0.685  0.0181    8.8     6.52      4914  0.950
  92    0.0 6.7e-03   0.993       0.98 2.2291e-07  45.621       -294  -45.621   0.352  0.0117   11.0     6.11      4968  0.950
  93    0.0 6.4e-03   0.963       0.99 2.4993e-07  43.776       -294  -43.776   0.426  0.0201   10.0     6.29      5022  0.950
  94    0.0 6.0e-03   0.990       0.96 2.3121e-07  43.435       -288  -43.435   0.352  0.0130    9.9     6.32      5076  0.950
  95    0.0 5.7e-03   0.947       0.93 3.0372e-07  42.720       -290  -42.720   0.463  0.0230    9.0     6.48      5130  0.950
  96    0.0 5.5e-03   0.958       0.91 1.8438e-07  44.775       -281  -44.775   0.278  0.0093    9.2     6.45      5184  0.950
  97    0.0 5.2e-03   0.994       0.90 2.8323e-07  40.473       -273  -40.473   0.185  0.0113    7.7     6.73      5238  0.950
  98    0.0 4.9e-03   0.997       0.91 2.5387e-07  40.467       -273  -40.467   0.278  0.0036    5.8     7.10      5292  0.950
  99    0.0 4.7e-03   0.973       0.89 2.653e-07   40.854       -275  -40.854   0.111  0.0105    4.8     7.28      5346  0.950
 100    0.0 4.4e-03   1.008       0.89 2.8497e-07  39.959       -271  -39.959   0.222  0.0083    3.2     7.58      5400  0.950
 101    0.0 4.2e-03   0.990       0.88 2.9765e-07  40.217       -275  -40.217   0.370  0.0070    2.5     7.71      5454  0.950
 102    0.0 4.0e-03   0.990       0.90 2.2231e-07  41.811       -277  -41.811   0.426  0.0071    2.4     7.74      5508  0.950
 103    0.0 3.8e-03   1.002       0.91 1.4627e-07  43.991       -276  -43.991   0.426  0.0077    2.3     7.75      5562  0.950
 104    0.0 3.6e-03   0.995       0.90 2.6564e-07  40.465       -277  -40.465   0.389  0.0044    2.3     7.76      5616  0.950
 105    0.0 3.4e-03   1.000       0.90 2.6194e-07  40.394       -276  -40.394   0.352  0.0050    2.2     7.78      5670  0.950
 106    0.0 3.3e-03   1.006       0.93 2.3389e-07  41.393       -275  -41.393   0.481  0.0054    2.0     7.81      5724  0.950
 107    0.0 3.1e-03   0.987       0.92 2.4899e-07  41.446       -281  -41.446   0.333  0.0080    2.1     7.80      5778  0.950
 108    0.0 2.9e-03   0.984       0.89 2.2811e-07  41.118       -273  -41.118   0.296  0.0045    1.8     7.84      5832  0.950
 109    0.0 2.8e-03   0.999       0.88 2.0738e-07  41.466       -271  -41.466   0.407  0.0047    1.6     7.89      5886  0.950
 110    0.0 2.7e-03   0.989       0.89 2.4312e-07  40.651       -273  -40.651   0.704  0.0052    1.5     7.90      5940  0.950
 111    0.0 2.5e-03   0.994       0.88 2.5815e-07  40.272       -272  -40.272   0.407  0.0034    1.9     7.82      5994  0.950
 112    0.0 2.4e-03   0.996       0.88 2.3516e-07  40.850       -273  -40.850   0.296  0.0037    1.9     7.84      6048  0.950
 113    0.0 2.3e-03   1.000       0.89 2.2608e-07  40.850       -271  -40.850   0.259  0.0051    1.6     7.89      6102  0.950
 114    0.0 2.2e-03   0.995       0.89 2.1046e-07  40.850       -271  -40.850   0.204  0.0053    1.3     7.94      6156  0.950
 115    0.0 2.1e-03   0.990       0.89 1.6795e-07  42.114       -272  -42.114   0.204  0.0040    1.0     8.00      6210  0.950
 116    0.0 2.0e-03   0.999       0.89 2.4272e-07  39.706       -269  -39.706   0.185  0.0030    1.0     8.00      6264  0.950
 117    0.0 1.9e-03   0.992       0.88 1.5566e-07  42.114       -270  -42.114   0.093  0.0011    1.0     8.00      6318  0.950
 118    0.0 1.5e-03   1.000       0.88 2.3296e-07  39.706       -267  -39.706   0.056  0.0008    1.0     8.00      6372  0.800
 119    0.0 1.2e-03   1.001       0.89 2.3399e-07  39.706       -268  -39.706   0.093  0.0008    1.0     8.00      6426  0.800
 120    0.0 9.5e-04   1.001       0.89 2.3395e-07  39.706       -268  -39.706   0.056  0.0009    1.0     8.00      6480  0.800
 121    0.0 7.6e-04   0.999       0.89 1.9154e-07  40.850       -269  -40.850   0.111  0.0012    1.0     8.00      6534  0.800
 122    0.0 6.1e-04   0.999       0.89 1.8823e-07  40.850       -269  -40.850   0.019  0.0000    1.0     8.00      6588  0.800
 123    0.0 4.9e-04   1.000       0.89 1.8985e-07  40.850       -270  -40.850   0.000  0.0000    1.0     8.00      6642  0.800
 124    0.0 3.9e-04   1.002       0.89 1.9085e-07  40.850       -270  -40.850   0.037  0.0007    1.0     8.00      6696  0.800
 125    0.0 0.0e+00   1.000       0.89 1.9046e-07  40.850       -269  -40.850   0.000  0.0000    1.0     8.00      6750  0.800
## Placement Quench took 0.00 seconds (max_rss 447.7 MiB)

BB estimate of min-dist (placement) wire length: 615

Completed placement consistency check successfully.

Swaps called: 6770

Aborted Move Reasons:
  No moves aborted

Placement estimated critical path delay (least slack): 40.8501 ns, Fmax: 24.4797 MHz
Placement estimated setup Worst Negative Slack (sWNS): -40.8501 ns
Placement estimated setup Total Negative Slack (sTNS): -269.442 ns

Placement estimated setup slack histogram:
[ -4.1e-08: -4.1e-08) 1 ( 14.3%) |****************
[ -4.1e-08:   -4e-08) 0 (  0.0%) |
[   -4e-08:   -4e-08) 0 (  0.0%) |
[   -4e-08:   -4e-08) 0 (  0.0%) |
[   -4e-08: -3.9e-08) 0 (  0.0%) |
[ -3.9e-08: -3.9e-08) 1 ( 14.3%) |****************
[ -3.9e-08: -3.8e-08) 1 ( 14.3%) |****************
[ -3.8e-08: -3.8e-08) 0 (  0.0%) |
[ -3.8e-08: -3.8e-08) 1 ( 14.3%) |****************
[ -3.8e-08: -3.7e-08) 3 ( 42.9%) |*************************************************

Placement estimated geomean non-virtual intra-domain period: nan ns (nan MHz)
Placement estimated fanout-weighted geomean non-virtual intra-domain period: nan ns (nan MHz)

Placement cost: 1, bb_cost: 0.888275, td_cost: 1.90465e-07, 

Placement resource usage:
  PB-LOGIC   implemented as TL-LOGIC  : 7
  PB-SYN_VCC implemented as TL-SYN_VCC: 1
  PB-BIDIR   implemented as TL-BIDIR  : 11
  PB-SYN_GND implemented as TL-SYN_GND: 1

Placement number of temperatures: 125
Placement total # of swap attempts: 6770
	Swaps accepted: 3489 (51.5 %)
	Swaps rejected: 1813 (26.8 %)
	Swaps aborted : 1468 (21.7 %)
Placement Quench timing analysis took 3.3645e-05 seconds (2.3177e-05 STA, 1.0468e-05 slack) (1 full updates: 1 setup, 0 hold, 0 combined).
Placement Total  timing analysis took 0.00454666 seconds (0.00313474 STA, 0.00141192 slack) (127 full updates: 127 setup, 0 hold, 0 combined).
update_td_costs: connections 0 nets 0 sum_nets 0 total 0
Incr Slack updates 127 in 0.000357922 sec
Full Max Req/Worst Slack updates 79 in 0.000121509 sec
Incr Max Req/Worst Slack updates 48 in 6.8594e-05 sec
Incr Criticality updates 9 in 3.1145e-05 sec
Full Criticality updates 118 in 0.000409059 sec
# Placement took 1.12 seconds (max_rss 447.7 MiB, delta_rss +58.0 MiB)

Flow timing analysis took 0.00454666 seconds (0.00313474 STA, 0.00141192 slack) (127 full updates: 127 setup, 0 hold, 0 combined).
VPR succeeded
The entire flow of VPR took 29.14 seconds (max_rss 447.7 MiB)
