VPR FPGA Placement and Routing.
Version: 8.1.0-dev+dadca7ecf
Revision: v8.0.0-rc2-2894-gdadca7ecf
Compiled: 2021-01-14T13:13:16
Compiler: GNU 9.3.0 on Linux-5.4.0-faked aarch64
Build Info: release IPO VTR_ASSERT_LEVEL=2

University of Toronto
verilogtorouting.org
vtr-users@googlegroups.com
This is free open source code under MIT license.

VPR was run with the following command-line:
vpr /root/symbiflow/quicklogic-arch-defs/share/arch/ql-eos-s3_wlcsp/arch.timing.xml helloworldfpga.eblif --device ql-eos-s3 --max_router_iterations 500 --routing_failure_predictor off --router_high_fanout_threshold -1 --constant_net_method route --route_chan_width 100 --clock_modeling route --place_delay_model delta_override --router_lookahead map --check_route quick --strict_checks off --allow_dangling_combinational_nodes on --disable_errors check_unbuffered_edges:check_route --congested_routing_iteration_threshold 0.8 --incremental_reroute_delay_ripup off --base_cost_type delay_normalized_length_bounded --bb_factor 10 --initial_pres_fac 4.0 --check_rr_graph off --suppress_warnings ,sum_pin_class:check_unbuffered_edges:load_rr_indexed_data_T_values:check_rr_node:trans_per_R:check_route:set_rr_graph_tool_comment:warn_model_missing_timing --read_rr_graph /root/symbiflow/quicklogic-arch-defs/share/arch/ql-eos-s3_wlcsp/rr_graph_ql-eos-s3_wlcsp.rr_graph.real.bin --read_placement_delay_lookup /root/symbiflow/quicklogic-arch-defs/share/arch/ql-eos-s3_wlcsp/rr_graph_ql-eos-s3_wlcsp.place_delay.bin --sdc_file /storage/emulated/0/Download/blink/build/helloworldfpga_dummy.sdc --route


Architecture file: /root/symbiflow/quicklogic-arch-defs/share/arch/ql-eos-s3_wlcsp/arch.timing.xml
Circuit name: helloworldfpga

# Loading Architecture Description
# Loading Architecture Description took 0.45 seconds (max_rss 27.0 MiB, delta_rss +23.7 MiB)
# Building complex block graph
# Building complex block graph took 0.09 seconds (max_rss 33.6 MiB, delta_rss +6.7 MiB)
# Load circuit
# Load circuit took 0.01 seconds (max_rss 34.2 MiB, delta_rss +0.6 MiB)
# Clean circuit
Absorbed 569 LUT buffers
Inferred  106 additional primitive pins as constant generators since they have no combinationally connected inputs
Inferred   38 additional primitive pins as constant generators due to constant inputs
Inferred    0 additional primitive pins as constant generators since they have no combinationally connected inputs
Inferred    0 additional primitive pins as constant generators due to constant inputs
Inferred    0 additional primitive pins as constant generators since they have no combinationally connected inputs
Inferred    0 additional primitive pins as constant generators due to constant inputs
Swept input(s)      : 0
Swept output(s)     : 0 (0 dangling, 0 constant)
Swept net(s)        : 141
Swept block(s)      : 1
Constant Pins Marked: 144
# Clean circuit took 0.00 seconds (max_rss 34.2 MiB, delta_rss +0.0 MiB)
# Compress circuit
# Compress circuit took 0.00 seconds (max_rss 34.2 MiB, delta_rss +0.0 MiB)
# Verify circuit
# Verify circuit took 0.00 seconds (max_rss 34.2 MiB, delta_rss +0.0 MiB)
Circuit Statistics:
  Blocks: 102
    .output   :      10
    ASSP      :       1
    BIDIR_CELL:      10
    C_FRAG    :       7
    F_FRAG    :       1
    GND       :       1
    Q_FRAG    :      25
    T_FRAG    :      46
    VCC       :       1
  Nets  : 92
    Avg Fanout:     8.6
    Max Fanout:   396.0
    Min Fanout:     1.0
  Netlist Clocks: 1
# Build Timing Graph
  Timing Graph Nodes: 884
  Timing Graph Edges: 1353
  Timing Graph Levels: 20
# Build Timing Graph took 0.00 seconds (max_rss 34.2 MiB, delta_rss +0.0 MiB)
Netlist contains 1 clocks
  Netlist Clock 'clk' Fanout: 25 pins (2.8%), 25 blocks (24.5%)
# Load Timing Constraints

SDC file '/storage/emulated/0/Download/blink/build/helloworldfpga_dummy.sdc' contained no SDC commands
Setting default timing constraints:
   * constrain all primay inputs and primary outputs on netlist clock 'clk'
   * optimize netlist clock to run as fast as possible
Timing constraints created 1 clocks
  Constrained Clock 'clk' Source: 'u_qlal4s3b_cell_macro.Sys_Clk0[0]'

# Load Timing Constraints took 0.00 seconds (max_rss 34.2 MiB, delta_rss +0.0 MiB)
Timing analysis: ON
Circuit netlist file: helloworldfpga.net
Circuit placement file: helloworldfpga.place
Circuit routing file: helloworldfpga.route
Circuit SDC file: /storage/emulated/0/Download/blink/build/helloworldfpga_dummy.sdc

Packer: ENABLED
Placer: ENABLED
Router: ENABLED
Analysis: ENABLED

NetlistOpts.abosrb_buffer_luts            : true
NetlistOpts.sweep_dangling_primary_ios    : true
NetlistOpts.sweep_dangling_nets           : true
NetlistOpts.sweep_dangling_blocks         : true
NetlistOpts.sweep_constant_primary_outputs: false
NetlistOpts.netlist_verbosity             : 1
NetlistOpts.const_gen_inference           : COMB_SEQ

PackerOpts.allow_unrelated_clustering: auto
PackerOpts.alpha_clustering: 0.750000
PackerOpts.beta_clustering: 0.900000
PackerOpts.cluster_seed_type: BLEND2
PackerOpts.connection_driven: true
PackerOpts.global_clocks: true
PackerOpts.hill_climbing_flag: false
PackerOpts.inter_cluster_net_delay: 1.000000
PackerOpts.timing_driven: true
PackerOpts.target_external_pin_util: auto

PlacerOpts.place_freq: PLACE_ONCE
PlacerOpts.place_algorithm: CRITICALITY_TIMING_PLACE
PlacerOpts.pad_loc_type: FREE
PlacerOpts.constraints_file: No constraints file given
PlacerOpts.place_cost_exp: 1.000000
PlacerOpts.place_chan_width: 100
PlacerOpts.inner_loop_recompute_divider: 0
PlacerOpts.recompute_crit_iter: 1
PlacerOpts.timing_tradeoff: 0.500000
PlacerOpts.td_place_exp_first: 1.000000
PlacerOpts.td_place_exp_last: 8.000000
PlacerOpts.delay_offset: 0.000000
PlacerOpts.delay_ramp_delta_threshold: -1
PlacerOpts.delay_ramp_slope: 0.000000
PlacerOpts.tsu_rel_margin: 1.000000
PlacerOpts.tsu_abs_margin: 0.000000
PlacerOpts.post_place_timing_report_file: 
PlacerOpts.allowed_tiles_for_delay_model: 
PlacerOpts.delay_model_reducer: MIN
PlacerOpts.delay_model_type: DELTA_OVERRIDE
PlacerOpts.rlim_escape_fraction: 0.000000
PlacerOpts.move_stats_file: 
PlacerOpts.placement_saves_per_temperature: 0
PlacerOpts.effort_scaling: CIRCUIT
PlacerOpts.place_delta_delay_matrix_calculation_method: ASTAR_ROUTE
PlaceOpts.seed: 1
AnnealSched.type: AUTO_SCHED
AnnealSched.inner_num: 1.000000

RouterOpts.route_type: DETAILED
RouterOpts.router_algorithm: TIMING_DRIVEN
RouterOpts.base_cost_type: DELAY_NORMALIZED_LENGTH_BOUNDED
RouterOpts.fixed_channel_width: 100
RouterOpts.check_route: QUICK
RouterOpts.trim_empty_chan: false
RouterOpts.trim_obs_chan: false
RouterOpts.acc_fac: 1.000000
RouterOpts.bb_factor: 10
RouterOpts.bend_cost: 0.000000
RouterOpts.first_iter_pres_fac: 0.000000
RouterOpts.initial_pres_fac: 4.000000
RouterOpts.pres_fac_mult: 1.300000
RouterOpts.max_router_iterations: 500
RouterOpts.min_incremental_reroute_fanout: 16
RouterOpts.do_check_rr_graph: false
RouterOpts.verify_binary_search: false
RouterOpts.min_channel_width_hint: 0
RouterOpts.read_rr_edge_metadata: false
RouterOpts.exit_after_first_routing_iteration: false
RouterOpts.astar_fac: 1.200000
RouterOpts.criticality_exp: 1.000000
RouterOpts.max_criticality: 0.990000
RouterOpts.init_wirelength_abort_threshold: 0.850000
RouterOpts.save_routing_per_iteration: false
RouterOpts.congested_routing_iteration_threshold_frac: 0.800000
RouterOpts.high_fanout_threshold: -1
RouterOpts.router_debug_net: -2
RouterOpts.router_debug_sink_rr: -2
RouterOpts.router_debug_iteration: -2
RouterOpts.max_convergence_count: 1
RouterOpts.reconvergence_cpd_threshold: 0.990000
RouterOpts.update_lower_bound_delays: true
RouterOpts.first_iteration_timing_report_file: 
RouterOpts.incr_reroute_delay_ripup: OFF
RouterOpts.route_bb_update: DYNAMIC
RouterOpts.lookahead_type: MAP
RouterOpts.initial_timing: LOOKAHEAD
RouterOpts.router_heap: BINARY_HEAP
RouterOpts.routing_failure_predictor = OFF
RouterOpts.routing_budgets_algorithm = DISABLE

AnalysisOpts.gen_post_synthesis_netlist: false
AnalysisOpts.timing_report_npaths: 100
AnalysisOpts.timing_report_skew: false
AnalysisOpts.echo_dot_timing_graph_node: -1
AnalysisOpts.timing_report_detail: NETLIST

RoutingArch.directionality: BI_DIRECTIONAL
RoutingArch.switch_block_type: WILTON
RoutingArch.Fs: 3

# Load Packing
Begin loading packed FPGA netlist file.
Netlist generated from file 'helloworldfpga.net'.
Detected 2 constant generators (to see names run with higher pack verbosity)
Finished loading packed FPGA netlist file (took 0.021008 seconds).
# Load Packing took 0.02 seconds (max_rss 35.1 MiB, delta_rss +0.9 MiB)
Warning 1: Netlist contains 0 global net to non-global architecture pin connections
Warning 2: Logic block #42 ($false) has only 1 output pin '$false.GND0_GND[0]'. It may be a constant generator.
Warning 3: Logic block #43 ($true) has only 1 output pin '$true.VCC0_VCC[0]'. It may be a constant generator.

Netlist num_nets: 58
Netlist num_blocks: 44
Netlist EMPTY blocks: 0.
Netlist PB-GMUX blocks: 0.
Netlist PB-LOGIC blocks: 31.
Netlist PB-CLOCK blocks: 0.
Netlist PB-MULT blocks: 0.
Netlist PB-SDIOMUX blocks: 0.
Netlist PB-RAM blocks: 0.
Netlist PB-SYN_VCC blocks: 1.
Netlist PB-BIDIR blocks: 10.
Netlist PB-SYN_GND blocks: 1.
Netlist PB-ASSP blocks: 1.
Netlist inputs pins: 0
Netlist output pins: 30


Pb types usage...
  PB-LOGIC          : 31
   LOGIC            : 31
    FRAGS           : 31
     c_frag_modes   : 30
      SINGLE        : 7
       c_frag       : 7
      SPLIT         : 23
       b_frag       : 23
       t_frag       : 23
     f_frag         : 1
     q_frag_modes   : 25
      INT           : 24
       q_frag       : 24
      EXT           : 1
       q_frag       : 1
  PB-SYN_VCC        : 1
   VCC              : 1
  PB-BIDIR          : 10
   BIDIR            : 10
    OUTPUT          : 10
     bidir          : 10
     outpad         : 10
  PB-SYN_GND        : 1
   GND              : 1
  PB-ASSP           : 1
   ASSP             : 1

# Create Device
## Build Device Grid
FPGA sized to 39 x 35: 1365 grid tiles (ql-eos-s3)

Resource usage...
	Netlist
		0	blocks of type: PB-GMUX
	Architecture
		5	blocks of type: TL-GMUX
	Netlist
		31	blocks of type: PB-LOGIC
	Architecture
		891	blocks of type: TL-LOGIC
	Netlist
		0	blocks of type: PB-CLOCK
	Architecture
		5	blocks of type: TL-CLOCK
	Netlist
		0	blocks of type: PB-MULT
	Architecture
		2	blocks of type: TL-MULT
	Netlist
		0	blocks of type: PB-SDIOMUX
	Architecture
		14	blocks of type: TL-SDIOMUX
	Netlist
		0	blocks of type: PB-RAM
	Architecture
		4	blocks of type: TL-RAM
	Netlist
		1	blocks of type: PB-SYN_VCC
	Architecture
		1	blocks of type: TL-SYN_VCC
	Netlist
		10	blocks of type: PB-BIDIR
	Architecture
		32	blocks of type: TL-BIDIR
	Netlist
		1	blocks of type: PB-SYN_GND
	Architecture
		1	blocks of type: TL-SYN_GND
	Netlist
		1	blocks of type: PB-ASSP
	Architecture
		1	blocks of type: TL-ASSP

Device Utilization: 0.03 (target 1.00)
	Physical Tile TL-LOGIC:
	Block Utilization: 0.03 Logical Block: PB-LOGIC
	Physical Tile TL-RAM:
	Block Utilization: 0.00 Logical Block: PB-RAM
	Physical Tile TL-MULT:
	Block Utilization: 0.00 Logical Block: PB-MULT
	Physical Tile TL-BIDIR:
	Block Utilization: 0.31 Logical Block: PB-BIDIR
	Physical Tile TL-CLOCK:
	Block Utilization: 0.00 Logical Block: PB-CLOCK
	Physical Tile TL-SDIOMUX:
	Block Utilization: 0.00 Logical Block: PB-SDIOMUX
	Physical Tile TL-GMUX:
	Block Utilization: 0.00 Logical Block: PB-GMUX
	Physical Tile TL-ASSP:
	Block Utilization: 1.00 Logical Block: PB-ASSP
	Physical Tile TL-SYN_VCC:
	Block Utilization: 1.00 Logical Block: PB-SYN_VCC
	Physical Tile TL-SYN_GND:
	Block Utilization: 1.00 Logical Block: PB-SYN_GND

## Build Device Grid took 0.01 seconds (max_rss 35.2 MiB, delta_rss +0.0 MiB)
## Loading routing resource graph


## Loading routing resource graph took 0.58 seconds (max_rss 343.0 MiB, delta_rss +307.8 MiB)
  RR Graph Nodes: 1396446
  RR Graph Edges: 2337988
# Create Device took 1.80 seconds (max_rss 390.7 MiB, delta_rss +355.5 MiB)

# Load Placement
Reading helloworldfpga.place.

Successfully read helloworldfpga.place.

# Load Placement took 0.00 seconds (max_rss 390.7 MiB, delta_rss +0.0 MiB)

# Computing router lookahead map
## Computing wire lookahead
Warning 4: Unable to find any sample location for segment CHANX type 'generic' (length 1)
Warning 5: Unable to find any sample location for segment CHANY type 'generic' (length 1)
Warning 6: Unable to find any sample location for segment CHANX type 'pad' (length 1)
Warning 7: Unable to find any sample location for segment CHANY type 'pad' (length 1)
## Computing wire lookahead took 25.75 seconds (max_rss 390.7 MiB, delta_rss +0.0 MiB)
## Computing src/opin lookahead
## Computing src/opin lookahead took 0.00 seconds (max_rss 390.7 MiB, delta_rss +0.0 MiB)
# Computing router lookahead map took 25.75 seconds (max_rss 390.7 MiB, delta_rss +0.0 MiB)
# Routing
  RR Graph Nodes: 1396446
  RR Graph Edges: 2337988
Confirming router algorithm: TIMING_DRIVEN.
## Initializing router criticalities
Initial Net Connection Criticality Histogram:
[        0:      0.1) 533 ( 72.5%) |***********************************************
[      0.1:      0.2)   0 (  0.0%) |
[      0.2:      0.3)   0 (  0.0%) |
[      0.3:      0.4)  70 (  9.5%) |******
[      0.4:      0.5)  15 (  2.0%) |*
[      0.5:      0.6)  14 (  1.9%) |*
[      0.6:      0.7)  19 (  2.6%) |**
[      0.7:      0.8)  40 (  5.4%) |****
[      0.8:      0.9)  20 (  2.7%) |**
[      0.9:        1)  24 (  3.3%) |**
## Initializing router criticalities took 0.00 seconds (max_rss 449.3 MiB, delta_rss +0.0 MiB)
---- ------ ------- ---- ------- ------- ------- ----------------- --------------- -------- ---------- ---------- ---------- ---------- --------
Iter   Time    pres  BBs    Heap  Re-Rtd  Re-Rtd Overused RR Nodes      Wirelength      CPD       sTNS       sWNS       hTNS       hWNS Est Succ
      (sec)     fac Updt    push    Nets   Conns                                       (ns)       (ns)       (ns)       (ns)       (ns)     Iter
---- ------ ------- ---- ------- ------- ------- ----------------- --------------- -------- ---------- ---------- ---------- ---------- --------
   1    9.4     0.0    0 2.7e+07      58     735     872 ( 0.062%)   18842 ( 1.3%)   43.339     -955.7    -43.339      0.000      0.000      N/A
   2    7.8     4.0    0 2.0e+07      49     430     302 ( 0.022%)   19140 ( 1.4%)   43.341     -957.7    -43.341      0.000      0.000      N/A
   3    6.5     5.2    0 1.6e+07      42     282     183 ( 0.013%)   19090 ( 1.3%)   43.341     -960.0    -43.341      0.000      0.000      N/A
   4    3.9     6.8    0 9595532      25     169     104 ( 0.007%)   19126 ( 1.4%)   43.341     -966.8    -43.341      0.000      0.000      N/A
   5    1.6     8.8    0 4544597      15     118      77 ( 0.006%)   19201 ( 1.4%)   43.341     -967.8    -43.341      0.000      0.000      N/A
   6    1.7    11.4    0 4677416      13      92      58 ( 0.004%)   19233 ( 1.4%)   43.341     -967.9    -43.341      0.000      0.000      N/A
   7    1.8    14.9    0 4681328      13      81      33 ( 0.002%)   19257 ( 1.4%)   43.318     -970.6    -43.318      0.000      0.000      N/A
   8    0.4    19.3    0  979225       7      39       6 ( 0.000%)   19266 ( 1.4%)   43.318     -970.6    -43.318      0.000      0.000      N/A
   9    0.2    25.1    0  671020       3      17       0 ( 0.000%)   19301 ( 1.4%)   43.318     -970.6    -43.318      0.000      0.000      N/A
Restoring best routing
Critical path: 43.3182 ns
Successfully routed after 9 routing iterations.
Final Net Connection Criticality Histogram:
[        0:      0.1) 533 ( 72.5%) |***********************************************
[      0.1:      0.2)   0 (  0.0%) |
[      0.2:      0.3)   0 (  0.0%) |
[      0.3:      0.4)  63 (  8.6%) |******
[      0.4:      0.5)  20 (  2.7%) |**
[      0.5:      0.6)  12 (  1.6%) |*
[      0.6:      0.7)  20 (  2.7%) |**
[      0.7:      0.8)  20 (  2.7%) |**
[      0.8:      0.9)  49 (  6.7%) |****
[      0.9:        1)  18 (  2.4%) |**
Router Stats: total_nets_routed: 225 total_connections_routed: 1963 total_heap_pushes: 88981977 total_heap_pops: 79489292
# Routing took 34.43 seconds (max_rss 449.3 MiB, delta_rss +58.5 MiB)

Checking to ensure routing is legal...
Completed routing consistency check successfully.

Serial number (magic cookie) for the routing is: -699736336
Circuit successfully routed with a channel width factor of 100.

Incr Slack updates 10 in 0.000202449 sec
Full Max Req/Worst Slack updates 2 in 1.276e-05 sec
Incr Max Req/Worst Slack updates 8 in 3.4583e-05 sec
Incr Criticality updates 6 in 8.9167e-05 sec
Full Criticality updates 4 in 6.0261e-05 sec

Average number of bends per net: 274.983  Maximum # of bends: 4864

Number of global nets: 0
Number of routed nets (nonglobal): 58
Wire length results (in units of 1 clb segments)...
	Total wirelength: 18947, average net length: 326.672
	Maximum net length: 6822

Wire length results in terms of physical segments...
	Total wiring segments used: 16461, average wire segments per net: 283.810
	Maximum segments used by a net: 5105
	Total local nets with reserved CLB opins: 0

Routing channel utilization histogram:
[        1:      inf)    0 (  0.0%) |
[      0.9:        1)   62 (  2.4%) |*
[      0.8:      0.9)    0 (  0.0%) |
[      0.7:      0.8)    6 (  0.2%) |
[      0.5:      0.6)    0 (  0.0%) |
[      0.4:      0.5)    0 (  0.0%) |
[      0.3:      0.4)    0 (  0.0%) |
[      0.2:      0.3)   50 (  1.9%) |*
[      0.1:      0.2)   42 (  1.6%) |*
[        0:      0.1) 2424 ( 93.8%) |**********************************************
Maximum routing channel utilization:         1 at (1,3)

X - Directed channels:   j max occ ave occ capacity
                      ---- ------- ------- --------
                         0       2   1.436        2
                         1     161  10.026      221
                         2       0   0.000        0
                         3      83  22.795      635
                         4      66   2.103      623
                         5      70   2.154      658
                         6      77   2.256      623
                         7      76   2.974      623
                         8      28   1.282      623
                         9       8   0.564      623
                        10      11   1.179      665
                        11      64   2.821      623
                        12     183  15.897      647
                        13     200  18.256      623
                        14     203  16.641      623
                        15     195  19.333      623
                        16     196  36.487      623
                        17     213  28.923      623
                        18     231  24.718      725
                        19     181   8.359      623
                        20     175   9.846      623
                        21     151   5.692      623
                        22       0   0.000      623
                        23       7   0.179      623
                        24       0   0.000      623
                        25       0   0.000      657
                        26       0   0.000      634
                        27       7   0.179      623
                        28       0   0.000      623
                        29       0   0.000      624
                        30       0   0.000      625
                        31       7   0.179      626
                        32      36   2.769      786
                        33       0   0.000      269
Y - Directed channels:   i max occ ave occ capacity
                      ---- ------- ------- --------
                         0       0   0.000        2
                         1      47   4.057      287
                         2       1   0.029        4
                         3     177  55.286      848
                         4      36   2.543      874
                         5      46   2.314      819
                         6      23   4.086      760
                         7      46   3.343      761
                         8      29   2.057      761
                         9      53   5.800      761
                        10      16   2.486      757
                        11      11   1.514      775
                        12      53   3.686      757
                        13      58   3.086      761
                        14      29   2.314      761
                        15      15   2.971      761
                        16      13   1.571      761
                        17      10   1.657      761
                        18      29   2.314      761
                        19     164   9.571      816
                        20     170  18.943      761
                        21     170  24.086      883
                        22     197  45.429      761
                        23     220  36.657      761
                        24     188  23.429      761
                        25     162  13.400      761
                        26      25   1.657      757
                        27       0   0.000      775
                        28      11   0.314      757
                        29       0   0.000      761
                        30      29   2.600      761
                        31       0   0.000      761
                        32       0   0.000      761
                        33       0   0.000      763
                        34       0   0.000      762
                        35       0   0.000      764
                        36       0   0.000     1024
                        37       0   0.000      164

Total tracks in x-direction: 19611, in y-direction: 27046

Logic area (in minimum width transistor areas, excludes I/Os and empty grid tiles)...
	Total logic block area (Warning, need to add pitch of routing to blocks with height > 3): 1.3515e+07
	Total used logic block area: 510000

Routing area (in minimum width transistor areas)...
	Assuming no buffer sharing (pessimistic). Total: 1.07847e+09, per logic tile: 790090.
	Assuming buffer sharing (slightly optimistic). Total: 8.38760e+08, per logic tile: 614476.


Segment usage by type (index):    name type utilization
                               ------- ---- -----------
                                  sbox    2      0.0104
                                   vcc    3      0.0898
                                   gnd    4       0.101
                                  hop1    5      0.0101
                                  hop2    6      0.0268
                                  hop3    7      0.0128
                                  hop4    8      0.0117
                                 clock    9           0
                               special   10      0.0828

Segment usage by length: length utilization
                         ------ -----------
                              1       0.011
                              2      0.0268
                              3      0.0128
                              4      0.0117


Final hold Worst Negative Slack (hWNS): 0 ns
Final hold Total Negative Slack (hTNS): 0 ns

Final hold slack histogram:
[  3.8e-09:  7.1e-09) 24 ( 72.7%) |************************************************
[  7.1e-09:    1e-08)  1 (  3.0%) |**
[    1e-08:  1.4e-08)  1 (  3.0%) |**
[  1.4e-08:  1.7e-08)  0 (  0.0%) |
[  1.7e-08:    2e-08)  0 (  0.0%) |
[    2e-08:  2.4e-08)  0 (  0.0%) |
[  2.4e-08:  2.7e-08)  0 (  0.0%) |
[  2.7e-08:    3e-08)  0 (  0.0%) |
[    3e-08:  3.3e-08)  1 (  3.0%) |**
[  3.3e-08:  3.7e-08)  6 ( 18.2%) |************

Final critical path delay (least slack): 43.3182 ns, Fmax: 23.085 MHz
Final setup Worst Negative Slack (sWNS): -43.3182 ns
Final setup Total Negative Slack (sTNS): -970.616 ns

Final setup slack histogram:
[ -4.3e-08:   -4e-08)  4 ( 12.1%) |****************
[   -4e-08: -3.6e-08)  5 ( 15.2%) |********************
[ -3.6e-08: -3.2e-08) 12 ( 36.4%) |************************************************
[ -3.2e-08: -2.8e-08)  1 (  3.0%) |****
[ -2.8e-08: -2.4e-08)  1 (  3.0%) |****
[ -2.4e-08: -2.1e-08)  3 (  9.1%) |************
[ -2.1e-08: -1.7e-08)  2 (  6.1%) |********
[ -1.7e-08: -1.3e-08)  1 (  3.0%) |****
[ -1.3e-08: -9.2e-09)  2 (  6.1%) |********
[ -9.2e-09: -5.4e-09)  2 (  6.1%) |********

Final geomean non-virtual intra-domain period: 43.3182 ns (23.085 MHz)
Final fanout-weighted geomean non-virtual intra-domain period: 43.3182 ns (23.085 MHz)

Incr Slack updates 1 in 1.9635e-05 sec
Full Max Req/Worst Slack updates 1 in 6.094e-06 sec
Incr Max Req/Worst Slack updates 0 in 0 sec
Incr Criticality updates 0 in 0 sec
Full Criticality updates 1 in 1.6666e-05 sec
Flow timing analysis took 0.00636609 seconds (0.00565052 STA, 0.000715572 slack) (11 full updates: 0 setup, 0 hold, 11 combined).
VPR succeeded
The entire flow of VPR took 62.69 seconds (max_rss 449.3 MiB)
