VPR FPGA Placement and Routing.
Version: 8.1.0-dev+dadca7ecf
Revision: v8.0.0-rc2-2894-gdadca7ecf
Compiled: 2021-01-14T13:13:16
Compiler: GNU 9.3.0 on Linux-5.4.0-faked aarch64
Build Info: release IPO VTR_ASSERT_LEVEL=2

University of Toronto
verilogtorouting.org
vtr-users@googlegroups.com
This is free open source code under MIT license.

VPR was run with the following command-line:
vpr /root/symbiflow/quicklogic-arch-defs/share/arch/ql-eos-s3_wlcsp/arch.timing.xml helloworldfpga.eblif --device ql-eos-s3 --max_router_iterations 500 --routing_failure_predictor off --router_high_fanout_threshold -1 --constant_net_method route --route_chan_width 100 --clock_modeling route --place_delay_model delta_override --router_lookahead map --check_route quick --strict_checks off --allow_dangling_combinational_nodes on --disable_errors check_unbuffered_edges:check_route --congested_routing_iteration_threshold 0.8 --incremental_reroute_delay_ripup off --base_cost_type delay_normalized_length_bounded --bb_factor 10 --initial_pres_fac 4.0 --check_rr_graph off --suppress_warnings ,sum_pin_class:check_unbuffered_edges:load_rr_indexed_data_T_values:check_rr_node:trans_per_R:check_route:set_rr_graph_tool_comment:warn_model_missing_timing --read_rr_graph /root/symbiflow/quicklogic-arch-defs/share/arch/ql-eos-s3_wlcsp/rr_graph_ql-eos-s3_wlcsp.rr_graph.real.bin --read_placement_delay_lookup /root/symbiflow/quicklogic-arch-defs/share/arch/ql-eos-s3_wlcsp/rr_graph_ql-eos-s3_wlcsp.place_delay.bin --sdc_file /storage/emulated/0/github/vaman/fpga/boolean/codes/decoders/build/helloworldfpga_dummy.sdc --fix_clusters helloworldfpga_constraints.place --place


Architecture file: /root/symbiflow/quicklogic-arch-defs/share/arch/ql-eos-s3_wlcsp/arch.timing.xml
Circuit name: helloworldfpga

# Loading Architecture Description
# Loading Architecture Description took 0.42 seconds (max_rss 27.0 MiB, delta_rss +23.7 MiB)
# Building complex block graph
# Building complex block graph took 0.09 seconds (max_rss 33.7 MiB, delta_rss +6.7 MiB)
# Load circuit
# Load circuit took 0.00 seconds (max_rss 33.7 MiB, delta_rss +0.0 MiB)
# Clean circuit
Absorbed 122 LUT buffers
Inferred    3 additional primitive pins as constant generators since they have no combinationally connected inputs
Inferred    0 additional primitive pins as constant generators due to constant inputs
Inferred    0 additional primitive pins as constant generators since they have no combinationally connected inputs
Inferred    0 additional primitive pins as constant generators due to constant inputs
Inferred    0 additional primitive pins as constant generators since they have no combinationally connected inputs
Inferred    0 additional primitive pins as constant generators due to constant inputs
Swept input(s)      : 0
Swept output(s)     : 0 (0 dangling, 0 constant)
Swept net(s)        : 1
Swept block(s)      : 1
Constant Pins Marked: 3
# Clean circuit took 0.00 seconds (max_rss 33.7 MiB, delta_rss +0.0 MiB)
# Compress circuit
# Compress circuit took 0.00 seconds (max_rss 33.7 MiB, delta_rss +0.0 MiB)
# Verify circuit
# Verify circuit took 0.00 seconds (max_rss 33.7 MiB, delta_rss +0.0 MiB)
Circuit Statistics:
  Blocks: 31
    .input    :       4
    .output   :       7
    BIDIR_CELL:      11
    C_FRAG    :       7
    GND       :       1
    VCC       :       1
  Nets  : 24
    Avg Fanout:     5.5
    Max Fanout:    48.0
    Min Fanout:     1.0
  Netlist Clocks: 0
# Build Timing Graph
  Timing Graph Nodes: 155
  Timing Graph Edges: 244
  Timing Graph Levels: 8
# Build Timing Graph took 0.00 seconds (max_rss 33.7 MiB, delta_rss +0.0 MiB)
Netlist contains 0 clocks
# Load Timing Constraints

SDC file '/storage/emulated/0/github/vaman/fpga/boolean/codes/decoders/build/helloworldfpga_dummy.sdc' contained no SDC commands
Setting default timing constraints:
   * constrain all primay inputs and primary outputs on a virtual external clock 'virtual_io_clock'
   * optimize virtual clock to run as fast as possible
Timing constraints created 1 clocks
  Constrained Clock 'virtual_io_clock' (Virtual Clock)

# Load Timing Constraints took 0.00 seconds (max_rss 33.7 MiB, delta_rss +0.0 MiB)
Timing analysis: ON
Circuit netlist file: helloworldfpga.net
Circuit placement file: helloworldfpga.place
Circuit routing file: helloworldfpga.route
Circuit SDC file: /storage/emulated/0/github/vaman/fpga/boolean/codes/decoders/build/helloworldfpga_dummy.sdc

Packer: ENABLED
Placer: ENABLED
Router: DISABLED
Analysis: DISABLED

NetlistOpts.abosrb_buffer_luts            : true
NetlistOpts.sweep_dangling_primary_ios    : true
NetlistOpts.sweep_dangling_nets           : true
NetlistOpts.sweep_dangling_blocks         : true
NetlistOpts.sweep_constant_primary_outputs: false
NetlistOpts.netlist_verbosity             : 1
NetlistOpts.const_gen_inference           : COMB_SEQ

PackerOpts.allow_unrelated_clustering: auto
PackerOpts.alpha_clustering: 0.750000
PackerOpts.beta_clustering: 0.900000
PackerOpts.cluster_seed_type: BLEND2
PackerOpts.connection_driven: true
PackerOpts.global_clocks: true
PackerOpts.hill_climbing_flag: false
PackerOpts.inter_cluster_net_delay: 1.000000
PackerOpts.timing_driven: true
PackerOpts.target_external_pin_util: auto

PlacerOpts.place_freq: PLACE_ONCE
PlacerOpts.place_algorithm: CRITICALITY_TIMING_PLACE
PlacerOpts.pad_loc_type: FREE
PlacerOpts.constraints_file: Using constraints file 'helloworldfpga_constraints.place'
PlacerOpts.place_cost_exp: 1.000000
PlacerOpts.place_chan_width: 100
PlacerOpts.inner_loop_recompute_divider: 0
PlacerOpts.recompute_crit_iter: 1
PlacerOpts.timing_tradeoff: 0.500000
PlacerOpts.td_place_exp_first: 1.000000
PlacerOpts.td_place_exp_last: 8.000000
PlacerOpts.delay_offset: 0.000000
PlacerOpts.delay_ramp_delta_threshold: -1
PlacerOpts.delay_ramp_slope: 0.000000
PlacerOpts.tsu_rel_margin: 1.000000
PlacerOpts.tsu_abs_margin: 0.000000
PlacerOpts.post_place_timing_report_file: 
PlacerOpts.allowed_tiles_for_delay_model: 
PlacerOpts.delay_model_reducer: MIN
PlacerOpts.delay_model_type: DELTA_OVERRIDE
PlacerOpts.rlim_escape_fraction: 0.000000
PlacerOpts.move_stats_file: 
PlacerOpts.placement_saves_per_temperature: 0
PlacerOpts.effort_scaling: CIRCUIT
PlacerOpts.place_delta_delay_matrix_calculation_method: ASTAR_ROUTE
PlaceOpts.seed: 1
AnnealSched.type: AUTO_SCHED
AnnealSched.inner_num: 1.000000

RoutingArch.directionality: BI_DIRECTIONAL
RoutingArch.switch_block_type: WILTON
RoutingArch.Fs: 3

# Load Packing
Begin loading packed FPGA netlist file.
Netlist generated from file 'helloworldfpga.net'.
Detected 2 constant generators (to see names run with higher pack verbosity)
Finished loading packed FPGA netlist file (took 0.008904 seconds).
# Load Packing took 0.01 seconds (max_rss 33.9 MiB, delta_rss +0.2 MiB)
Warning 1: Netlist contains 0 global net to non-global architecture pin connections
Warning 2: Logic block #18 ($false) has only 1 output pin '$false.GND0_GND[0]'. It may be a constant generator.
Warning 3: Logic block #19 ($true) has only 1 output pin '$true.VCC0_VCC[0]'. It may be a constant generator.

Netlist num_nets: 13
Netlist num_blocks: 20
Netlist EMPTY blocks: 0.
Netlist PB-GMUX blocks: 0.
Netlist PB-LOGIC blocks: 7.
Netlist PB-CLOCK blocks: 0.
Netlist PB-MULT blocks: 0.
Netlist PB-SDIOMUX blocks: 0.
Netlist PB-RAM blocks: 0.
Netlist PB-SYN_VCC blocks: 1.
Netlist PB-BIDIR blocks: 11.
Netlist PB-SYN_GND blocks: 1.
Netlist PB-ASSP blocks: 0.
Netlist inputs pins: 4
Netlist output pins: 29


Pb types usage...
  PB-LOGIC          : 7
   LOGIC            : 7
    FRAGS           : 7
     c_frag_modes   : 7
      SINGLE        : 7
       c_frag       : 7
  PB-SYN_VCC        : 1
   VCC              : 1
  PB-BIDIR          : 11
   BIDIR            : 11
    INPUT           : 4
     bidir          : 4
     inpad          : 4
    OUTPUT          : 7
     bidir          : 7
     outpad         : 7
  PB-SYN_GND        : 1
   GND              : 1

# Create Device
## Build Device Grid
FPGA sized to 39 x 35: 1365 grid tiles (ql-eos-s3)

Resource usage...
	Netlist
		0	blocks of type: PB-GMUX
	Architecture
		5	blocks of type: TL-GMUX
	Netlist
		7	blocks of type: PB-LOGIC
	Architecture
		891	blocks of type: TL-LOGIC
	Netlist
		0	blocks of type: PB-CLOCK
	Architecture
		5	blocks of type: TL-CLOCK
	Netlist
		0	blocks of type: PB-MULT
	Architecture
		2	blocks of type: TL-MULT
	Netlist
		0	blocks of type: PB-SDIOMUX
	Architecture
		14	blocks of type: TL-SDIOMUX
	Netlist
		0	blocks of type: PB-RAM
	Architecture
		4	blocks of type: TL-RAM
	Netlist
		1	blocks of type: PB-SYN_VCC
	Architecture
		1	blocks of type: TL-SYN_VCC
	Netlist
		11	blocks of type: PB-BIDIR
	Architecture
		32	blocks of type: TL-BIDIR
	Netlist
		1	blocks of type: PB-SYN_GND
	Architecture
		1	blocks of type: TL-SYN_GND
	Netlist
		0	blocks of type: PB-ASSP
	Architecture
		1	blocks of type: TL-ASSP

Device Utilization: 0.01 (target 1.00)
	Physical Tile TL-LOGIC:
	Block Utilization: 0.01 Logical Block: PB-LOGIC
	Physical Tile TL-RAM:
	Block Utilization: 0.00 Logical Block: PB-RAM
	Physical Tile TL-MULT:
	Block Utilization: 0.00 Logical Block: PB-MULT
	Physical Tile TL-BIDIR:
	Block Utilization: 0.34 Logical Block: PB-BIDIR
	Physical Tile TL-CLOCK:
	Block Utilization: 0.00 Logical Block: PB-CLOCK
	Physical Tile TL-SDIOMUX:
	Block Utilization: 0.00 Logical Block: PB-SDIOMUX
	Physical Tile TL-GMUX:
	Block Utilization: 0.00 Logical Block: PB-GMUX
	Physical Tile TL-ASSP:
	Block Utilization: 0.00 Logical Block: PB-ASSP
	Physical Tile TL-SYN_VCC:
	Block Utilization: 1.00 Logical Block: PB-SYN_VCC
	Physical Tile TL-SYN_GND:
	Block Utilization: 1.00 Logical Block: PB-SYN_GND

## Build Device Grid took 0.01 seconds (max_rss 34.1 MiB, delta_rss +0.0 MiB)
## Loading routing resource graph


## Loading routing resource graph took 0.56 seconds (max_rss 342.0 MiB, delta_rss +307.9 MiB)
  RR Graph Nodes: 1396446
  RR Graph Edges: 2337988
# Create Device took 1.76 seconds (max_rss 389.6 MiB, delta_rss +355.6 MiB)

# Computing router lookahead map
## Computing wire lookahead
Warning 4: Unable to find any sample location for segment CHANX type 'generic' (length 1)
Warning 5: Unable to find any sample location for segment CHANY type 'generic' (length 1)
Warning 6: Unable to find any sample location for segment CHANX type 'pad' (length 1)
Warning 7: Unable to find any sample location for segment CHANY type 'pad' (length 1)
## Computing wire lookahead took 25.93 seconds (max_rss 389.6 MiB, delta_rss +0.0 MiB)
## Computing src/opin lookahead
## Computing src/opin lookahead took 0.00 seconds (max_rss 389.6 MiB, delta_rss +0.0 MiB)
# Computing router lookahead map took 25.93 seconds (max_rss 389.6 MiB, delta_rss +0.0 MiB)
# Placement
## Computing placement delta delay look-up
  RR Graph Nodes: 1396446
  RR Graph Edges: 2337988
## Computing placement delta delay look-up took 1.11 seconds (max_rss 447.7 MiB, delta_rss +58.0 MiB)
Warning 8: CHANX place cost fac is 0 at 2 2
Warning 9: CHANX place cost fac is 0 at 34 34
Warning 10: CHANY place cost fac is 0 at 38 38
## Initial Placement
Reading helloworldfpga_constraints.place.

Successfully read helloworldfpga_constraints.place.

## Initial Placement took 0.00 seconds (max_rss 447.7 MiB, delta_rss +0.0 MiB)

There are 120 point to point connections in this circuit.


BB estimate of min-dist (placement) wire length: 768

Completed placement consistency check successfully.
Initial placement cost: 1 bb_cost: 1.1274 td_cost: 4.6994e-07
Initial placement estimated Critical Path Delay (CPD): 44.9765 ns
Initial placement estimated setup Total Negative Slack (sTNS): -292.068 ns
Initial placement estimated setup Worst Negative Slack (sWNS): -44.9765 ns

Initial placement estimated setup slack histogram:
[ -4.5e-08: -4.4e-08) 1 ( 14.3%) |*************************
[ -4.4e-08: -4.4e-08) 1 ( 14.3%) |*************************
[ -4.4e-08: -4.3e-08) 0 (  0.0%) |
[ -4.3e-08: -4.3e-08) 1 ( 14.3%) |*************************
[ -4.3e-08: -4.2e-08) 0 (  0.0%) |
[ -4.2e-08: -4.2e-08) 0 (  0.0%) |
[ -4.2e-08: -4.1e-08) 0 (  0.0%) |
[ -4.1e-08:   -4e-08) 1 ( 14.3%) |*************************
[   -4e-08:   -4e-08) 2 ( 28.6%) |*************************************************
[   -4e-08: -3.9e-08) 1 ( 14.3%) |*************************
Placement contains 0 placement macros involving 0 blocks (average macro size nan)

Moves per temperature: 54
Warning 11: Starting t: 13 of 20 configurations accepted.

---- ------ ------- ------- ---------- ---------- ------- ---------- -------- ------- ------- ------ -------- --------- ------
Tnum   Time       T Av Cost Av BB Cost Av TD Cost     CPD       sTNS     sWNS Ac Rate Std Dev  R lim Crit Exp Tot Moves  Alpha
      (sec)                                          (ns)       (ns)     (ns)                                                 
---- ------ ------- ------- ---------- ---------- ------- ---------- -------- ------- ------- ------ -------- --------- ------
   1    0.0 6.9e-01   1.032       1.13 4.7696e-07  43.533       -284  -43.533   0.852  0.0453   38.0     1.00        54  0.200
   2    0.0 6.2e-01   0.981       1.20 4.7872e-07  48.376       -301  -48.376   0.685  0.0151   38.0     1.00       108  0.900
   3    0.0 5.9e-01   0.976       1.19 4.8184e-07  48.350       -310  -48.350   0.741  0.0497   38.0     1.00       162  0.950
   4    0.0 5.6e-01   0.982       1.14 4.6496e-07  47.783       -301  -47.783   0.722  0.0564   38.0     1.00       216  0.950
   5    0.0 5.4e-01   1.065       1.12 4.7387e-07  46.636       -290  -46.636   0.796  0.0489   38.0     1.00       270  0.950
   6    0.0 5.1e-01   0.983       1.13 4.6498e-07  46.229       -291  -46.229   0.778  0.0504   38.0     1.00       324  0.950
   7    0.0 4.8e-01   0.975       1.14 4.6681e-07  48.241       -303  -48.241   0.722  0.0321   38.0     1.00       378  0.950
   8    0.0 4.6e-01   1.028       1.13 4.9089e-07  44.896       -293  -44.896   0.759  0.0530   38.0     1.00       432  0.950
   9    0.0 4.4e-01   1.113       1.22 4.4145e-07  52.587       -300  -52.587   0.741  0.0540   38.0     1.00       486  0.950
  10    0.0 4.1e-01   0.920       1.14 4.746e-07   48.884       -311  -48.884   0.796  0.0400   38.0     1.00       540  0.950
  11    0.0 3.9e-01   0.959       1.09 4.59e-07    47.684       -299  -47.684   0.741  0.0324   38.0     1.00       594  0.950
  12    0.0 3.7e-01   1.092       1.16 5.0816e-07  45.700       -298  -45.700   0.759  0.0282   38.0     1.00       648  0.950
  13    0.0 3.6e-01   0.954       1.13 4.8782e-07  44.633       -296  -44.633   0.704  0.0324   38.0     1.00       702  0.950
  14    0.0 3.4e-01   0.996       1.16 4.3981e-07  48.302       -300  -48.302   0.833  0.0494   38.0     1.00       756  0.950
  15    0.0 3.0e-01   1.107       1.10 4.8955e-07  44.743       -289  -44.743   0.704  0.0533   38.0     1.00       810  0.900
  16    0.0 2.9e-01   0.997       1.19 4.7275e-07  47.577       -293  -47.577   0.741  0.0217   38.0     1.00       864  0.950
  17    0.0 2.7e-01   0.987       1.18 4.8156e-07  46.483       -299  -46.483   0.593  0.0332   38.0     1.00       918  0.950
  18    0.0 2.6e-01   0.940       1.13 4.5798e-07  48.757       -300  -48.757   0.815  0.0476   38.0     1.00       972  0.950
  19    0.0 2.3e-01   0.968       1.15 4.8624e-07  44.420       -296  -44.420   0.778  0.0465   38.0     1.00      1026  0.900
  20    0.0 2.2e-01   1.137       1.20 4.7792e-07  47.385       -296  -47.385   0.704  0.0563   38.0     1.00      1080  0.950
  21    0.0 2.1e-01   0.926       1.08 4.8183e-07  45.795       -292  -45.795   0.667  0.0389   38.0     1.00      1134  0.950
  22    0.0 2.0e-01   1.012       1.13 4.4605e-07  49.225       -303  -49.225   0.759  0.0298   38.0     1.00      1188  0.950
  23    0.0 1.9e-01   0.966       1.15 4.848e-07   46.850       -301  -46.850   0.778  0.0503   38.0     1.00      1242  0.950
  24    0.0 1.8e-01   0.975       1.11 5.1828e-07  44.349       -294  -44.349   0.685  0.0353   38.0     1.00      1296  0.950
  25    0.0 1.7e-01   0.994       1.13 4.7302e-07  44.842       -291  -44.842   0.778  0.0321   38.0     1.00      1350  0.950
  26    0.0 1.6e-01   1.016       1.08 4.9035e-07  43.993       -286  -43.993   0.704  0.0585   38.0     1.00      1404  0.950
  27    0.0 1.6e-01   1.010       1.14 4.9235e-07  44.757       -290  -44.757   0.630  0.0227   38.0     1.00      1458  0.950
  28    0.0 1.5e-01   0.947       1.11 4.6444e-07  47.661       -305  -47.661   0.704  0.0478   38.0     1.00      1512  0.950
  29    0.0 1.4e-01   1.046       1.09 4.775e-07   45.294       -292  -45.294   0.667  0.0295   38.0     1.00      1566  0.950
  30    0.0 1.3e-01   1.022       1.16 4.9674e-07  45.295       -297  -45.295   0.778  0.0386   38.0     1.00      1620  0.950
  31    0.0 1.3e-01   0.989       1.17 5.0209e-07  45.290       -299  -45.290   0.685  0.0334   38.0     1.00      1674  0.950
  32    0.0 1.2e-01   1.015       1.12 4.1335e-07  52.020       -297  -52.020   0.667  0.0301   38.0     1.00      1728  0.950
  33    0.0 1.1e-01   1.006       1.12 4.5535e-07  48.174       -296  -48.174   0.796  0.0443   38.0     1.00      1782  0.950
  34    0.0 1.1e-01   1.030       1.17 5.0824e-07  43.577       -293  -43.577   0.741  0.0382   38.0     1.00      1836  0.950
  35    0.0 1.0e-01   0.979       1.14 4.7873e-07  46.261       -297  -46.261   0.833  0.0291   38.0     1.00      1890  0.950
  36    0.0 9.3e-02   0.979       1.12 4.7505e-07  47.335       -307  -47.335   0.778  0.0510   38.0     1.00      1944  0.900
  37    0.0 8.8e-02   0.991       1.08 4.6109e-07  47.161       -296  -47.161   0.593  0.0426   38.0     1.00      1998  0.950
  38    0.0 8.4e-02   1.048       1.14 4.8981e-07  44.296       -298  -44.296   0.759  0.0456   38.0     1.00      2052  0.950
  39    0.0 8.0e-02   0.953       1.16 5.0757e-07  45.003       -300  -45.003   0.704  0.0583   38.0     1.00      2106  0.950
  40    0.0 7.6e-02   1.041       1.15 4.3519e-07  49.264       -303  -49.264   0.667  0.0445   38.0     1.00      2160  0.950
  41    0.0 7.2e-02   1.065       1.15 4.4484e-07  50.663       -298  -50.663   0.741  0.0349   38.0     1.00      2214  0.950
  42    0.0 6.8e-02   0.976       1.12 4.3016e-07  49.847       -306  -49.847   0.611  0.0537   38.0     1.00      2268  0.950
  43    0.0 6.5e-02   0.948       1.12 4.8528e-07  46.862       -303  -46.862   0.685  0.0437   38.0     1.00      2322  0.950
  44    0.0 6.2e-02   1.007       1.17 5.1355e-07  44.639       -295  -44.639   0.833  0.0217   38.0     1.00      2376  0.950
  45    0.0 5.5e-02   0.963       1.12 4.5582e-07  46.111       -302  -46.111   0.630  0.0527   38.0     1.00      2430  0.900
  46    0.0 5.3e-02   0.929       1.12 4.4262e-07  50.298       -308  -50.298   0.611  0.0280   38.0     1.00      2484  0.950
  47    0.0 5.0e-02   1.029       1.19 5.0771e-07  44.413       -287  -44.413   0.759  0.0210   38.0     1.00      2538  0.950
  48    0.0 4.7e-02   0.988       1.08 4.5912e-07  48.290       -302  -48.290   0.611  0.0255   38.0     1.00      2592  0.950
  49    0.0 4.5e-02   1.050       1.16 4.8884e-07  46.498       -299  -46.498   0.648  0.0386   38.0     1.00      2646  0.950
  50    0.0 4.3e-02   0.977       1.09 4.5748e-07  45.165       -294  -45.165   0.611  0.0322   38.0     1.00      2700  0.950
  51    0.0 4.1e-02   0.983       1.14 4.4116e-07  47.668       -295  -47.668   0.593  0.0489   38.0     1.00      2754  0.950
  52    0.0 3.9e-02   1.055       1.17 3.916e-07   52.056       -305  -52.056   0.630  0.0540   38.0     1.00      2808  0.950
  53    0.0 3.7e-02   1.016       1.05 4.0857e-07  49.998       -304  -49.998   0.463  0.0431   38.0     1.00      2862  0.950
  54    0.0 3.5e-02   1.022       1.08 5.0591e-07  44.004       -292  -44.004   0.537  0.0315   38.0     1.00      2916  0.950
  55    0.0 3.3e-02   0.943       1.09 4.5122e-07  46.914       -299  -46.914   0.611  0.0389   38.0     1.00      2970  0.950
  56    0.0 3.2e-02   0.973       1.01 4.3407e-07  48.290       -306  -48.290   0.463  0.0163   38.0     1.00      3024  0.950
  57    0.0 3.0e-02   1.101       1.08 4.676e-07   42.523       -281  -42.523   0.463  0.0258   38.0     1.00      3078  0.950
  58    0.0 2.8e-02   1.016       1.13 4.2903e-07  46.522       -294  -46.522   0.389  0.0193   38.0     1.00      3132  0.950
  59    0.0 2.7e-02   0.985       1.03 4.3785e-07  47.002       -300  -47.002   0.537  0.0247   36.1     1.37      3186  0.950
  60    0.0 2.6e-02   1.037       1.07 4.7247e-07  44.690       -286  -44.690   0.407  0.0382   38.0     1.00      3240  0.950
  61    0.0 2.4e-02   0.988       1.10 4.4688e-07  44.848       -295  -44.848   0.519  0.0257   36.8     1.23      3294  0.950
  62    0.0 2.3e-02   0.925       1.02 4.3341e-07  47.276       -300  -47.276   0.444  0.0381   38.0     1.00      3348  0.950
  63    0.0 2.2e-02   0.931       1.02 4.2847e-07  46.927       -299  -46.927   0.426  0.0320   38.0     1.00      3402  0.950
  64    0.0 2.1e-02   1.023       1.07 4.3506e-07  48.881       -289  -48.881   0.648  0.0220   37.5     1.10      3456  0.950
  65    0.0 2.0e-02   1.007       1.07 4.5393e-07  44.976       -291  -44.976   0.481  0.0135   38.0     1.00      3510  0.950
  66    0.0 1.9e-02   0.988       1.06 4.6441e-07  45.350       -292  -45.350   0.444  0.0327   38.0     1.00      3564  0.950
  67    0.0 1.8e-02   1.020       1.00 4.2327e-07  46.557       -287  -46.557   0.407  0.0142   38.0     1.00      3618  0.950
  68    0.0 1.7e-02   0.983       0.97 4.226e-07   44.499       -281  -44.499   0.389  0.0127   36.8     1.23      3672  0.950
  69    0.0 1.6e-02   1.015       0.98 4.1132e-07  45.754       -288  -45.754   0.333  0.0233   34.9     1.59      3726  0.950
  70    0.0 1.5e-02   0.949       1.00 4.4405e-07  42.287       -289  -42.287   0.444  0.0129   31.2     2.29      3780  0.950
  71    0.0 1.5e-02   1.010       0.99 4.2333e-07  42.346       -280  -42.346   0.278  0.0097   31.3     2.27      3834  0.950
  72    0.0 1.4e-02   1.033       1.04 3.4736e-07  44.011       -285  -44.011   0.259  0.0231   26.2     3.23      3888  0.950
  73    0.0 1.3e-02   0.975       1.07 2.6969e-07  47.923       -300  -47.923   0.481  0.0235   21.5     4.12      3942  0.950
  74    0.0 1.3e-02   0.957       1.01 3.5956e-07  42.916       -285  -42.916   0.519  0.0213   22.4     3.96      3996  0.950
  75    0.0 1.2e-02   0.984       0.95 3.3016e-07  44.285       -292  -44.285   0.278  0.0091   24.1     3.62      4050  0.950
  76    0.0 1.1e-02   0.988       0.98 3.5528e-07  42.231       -284  -42.231   0.315  0.0119   20.2     4.36      4104  0.950
  77    0.0 1.1e-02   1.000       0.97 2.3224e-07  46.202       -294  -46.202   0.333  0.0155   17.7     4.84      4158  0.950
  78    0.0 1.0e-02   0.983       0.98 2.861e-07   44.023       -287  -44.023   0.315  0.0177   15.8     5.20      4212  0.950
  79    0.0 9.7e-03   0.982       0.94 2.2584e-07  45.499       -285  -45.499   0.352  0.0172   13.8     5.57      4266  0.950
  80    0.0 9.2e-03   0.993       0.92 2.1575e-07  45.030       -282  -45.030   0.278  0.0129   12.6     5.80      4320  0.950
  81    0.0 8.7e-03   0.986       0.91 3.2391e-07  41.968       -280  -41.968   0.407  0.0068   10.6     6.19      4374  0.950
  82    0.0 8.3e-03   0.968       0.90 2.8883e-07  43.026       -283  -43.026   0.204  0.0134   10.2     6.26      4428  0.950
  83    0.0 7.9e-03   1.005       0.89 3.565e-07   40.310       -274  -40.310   0.370  0.0199    7.8     6.71      4482  0.950
  84    0.0 7.5e-03   0.973       0.88 3.2058e-07  40.651       -277  -40.651   0.315  0.0102    7.3     6.82      4536  0.950
  85    0.0 7.1e-03   1.024       0.94 2.8102e-07  41.889       -280  -41.889   0.537  0.0130    6.3     6.99      4590  0.950
  86    0.0 6.8e-03   0.969       0.92 2.247e-07   43.863       -285  -43.863   0.481  0.0148    7.0     6.87      4644  0.950
  87    0.0 6.4e-03   1.004       0.91 2.3487e-07  42.801       -279  -42.801   0.407  0.0086    7.3     6.82      4698  0.950
  88    0.0 6.1e-03   0.966       0.90 3.051e-07   41.277       -279  -41.277   0.481  0.0146    7.0     6.86      4752  0.950
  89    0.0 5.8e-03   0.997       0.91 2.5616e-07  42.062       -281  -42.062   0.370  0.0053    7.3     6.81      4806  0.950
  90    0.0 5.5e-03   0.973       0.91 2.1484e-07  44.012       -291  -44.012   0.370  0.0149    6.8     6.90      4860  0.950
  91    0.0 5.2e-03   1.006       0.91 1.8526e-07  45.293       -292  -45.293   0.278  0.0086    6.3     6.99      4914  0.950
  92    0.0 5.0e-03   1.004       0.93 1.9016e-07  44.690       -285  -44.690   0.389  0.0066    5.3     7.19      4968  0.950
  93    0.0 4.7e-03   0.985       0.95 2.4992e-07  43.328       -291  -43.328   0.333  0.0134    5.0     7.24      5022  0.950
  94    0.0 4.5e-03   0.999       0.92 2.2328e-07  43.328       -288  -43.328   0.352  0.0036    4.5     7.34      5076  0.950
  95    0.0 4.3e-03   0.997       0.91 2.5763e-07  42.415       -286  -42.415   0.481  0.0082    4.1     7.41      5130  0.950
  96    0.0 4.0e-03   1.002       0.91 2.3811e-07  42.776       -286  -42.776   0.333  0.0071    4.3     7.38      5184  0.950
  97    0.0 3.8e-03   1.007       0.93 2.1167e-07  43.155       -286  -43.155   0.407  0.0040    3.8     7.47      5238  0.950
  98    0.0 3.7e-03   0.988       0.93 1.7684e-07  44.902       -288  -44.902   0.296  0.0066    3.7     7.49      5292  0.950
  99    0.0 3.5e-03   0.996       0.93 2.2388e-07  43.129       -286  -43.129   0.241  0.0093    3.2     7.59      5346  0.950
 100    0.0 3.3e-03   0.999       0.90 2.4314e-07  42.260       -284  -42.260   0.296  0.0019    2.5     7.71      5400  0.950
 101    0.0 3.1e-03   0.989       0.88 2.3187e-07  42.776       -284  -42.776   0.259  0.0072    2.2     7.78      5454  0.950
 102    0.0 3.0e-03   0.991       0.87 1.8759e-07  43.308       -282  -43.308   0.333  0.0072    1.8     7.85      5508  0.950
 103    0.0 2.8e-03   1.003       0.87 2.4098e-07  42.114       -287  -42.114   0.370  0.0016    1.6     7.89      5562  0.950
 104    0.0 2.7e-03   0.997       0.87 1.7515e-07  43.863       -284  -43.863   0.426  0.0039    1.5     7.91      5616  0.950
 105    0.0 2.6e-03   0.996       0.87 2.6098e-07  41.377       -282  -41.377   0.204  0.0045    1.5     7.91      5670  0.950
 106    0.0 2.4e-03   0.992       0.88 2.356e-07   41.975       -285  -41.975   0.352  0.0045    1.1     7.98      5724  0.950
 107    0.0 2.3e-03   0.991       0.87 1.9394e-07  42.972       -286  -42.972   0.204  0.0040    1.0     8.00      5778  0.950
 108    0.0 2.2e-03   0.997       0.87 2.6905e-07  40.850       -281  -40.850   0.241  0.0018    1.0     8.00      5832  0.950
 109    0.0 2.1e-03   1.002       0.87 2.5188e-07  41.221       -281  -41.221   0.130  0.0015    1.0     8.00      5886  0.950
 110    0.0 1.7e-03   0.996       0.87 2.2463e-07  42.060       -283  -42.060   0.204  0.0014    1.0     8.00      5940  0.800
 111    0.0 1.6e-03   1.002       0.88 1.9053e-07  42.972       -284  -42.972   0.222  0.0020    1.0     8.00      5994  0.950
 112    0.0 1.5e-03   0.995       0.88 1.9397e-07  43.201       -285  -43.201   0.241  0.0015    1.0     8.00      6048  0.950
 113    0.0 1.4e-03   0.996       0.89 2.2675e-07  42.075       -285  -42.075   0.167  0.0038    1.0     8.00      6102  0.950
 114    0.0 1.4e-03   1.000       0.88 2.1539e-07  42.075       -284  -42.075   0.222  0.0013    1.0     8.00      6156  0.950
 115    0.0 1.3e-03   1.001       0.88 2.4992e-07  41.221       -282  -41.221   0.130  0.0020    1.0     8.00      6210  0.950
 116    0.0 1.0e-03   0.997       0.88 2.3575e-07  41.630       -283  -41.630   0.037  0.0029    1.0     8.00      6264  0.800
 117    0.0 8.2e-04   1.000       0.88 2.3387e-07  41.630       -284  -41.630   0.019  0.0000    1.0     8.00      6318  0.800
 118    0.0 6.6e-04   0.999       0.88 2.3172e-07  41.630       -283  -41.630   0.019  0.0000    1.0     8.00      6372  0.800
 119    0.0 5.3e-04   1.000       0.88 2.3369e-07  41.630       -284  -41.630   0.037  0.0000    1.0     8.00      6426  0.800
 120    0.0 4.2e-04   1.000       0.88 2.3403e-07  41.630       -284  -41.630   0.019  0.0000    1.0     8.00      6480  0.800
 121    0.0 0.0e+00   1.000       0.88 2.3018e-07  41.630       -282  -41.630   0.000  0.0000    1.0     8.00      6534  0.800
## Placement Quench took 0.00 seconds (max_rss 447.7 MiB)

BB estimate of min-dist (placement) wire length: 612

Completed placement consistency check successfully.

Swaps called: 6554

Aborted Move Reasons:
  No moves aborted

Placement estimated critical path delay (least slack): 41.63 ns, Fmax: 24.0211 MHz
Placement estimated setup Worst Negative Slack (sWNS): -41.63 ns
Placement estimated setup Total Negative Slack (sTNS): -282.493 ns

Placement estimated setup slack histogram:
[ -4.2e-08: -4.1e-08) 1 ( 14.3%) |*************************
[ -4.1e-08: -4.1e-08) 1 ( 14.3%) |*************************
[ -4.1e-08: -4.1e-08) 1 ( 14.3%) |*************************
[ -4.1e-08: -4.1e-08) 0 (  0.0%) |
[ -4.1e-08:   -4e-08) 1 ( 14.3%) |*************************
[   -4e-08:   -4e-08) 1 ( 14.3%) |*************************
[   -4e-08:   -4e-08) 0 (  0.0%) |
[   -4e-08: -3.9e-08) 0 (  0.0%) |
[ -3.9e-08: -3.9e-08) 0 (  0.0%) |
[ -3.9e-08: -3.9e-08) 2 ( 28.6%) |*************************************************

Placement estimated geomean non-virtual intra-domain period: nan ns (nan MHz)
Placement estimated fanout-weighted geomean non-virtual intra-domain period: nan ns (nan MHz)

Placement cost: 1, bb_cost: 0.881584, td_cost: 2.3018e-07, 

Placement resource usage:
  PB-LOGIC   implemented as TL-LOGIC  : 7
  PB-SYN_VCC implemented as TL-SYN_VCC: 1
  PB-BIDIR   implemented as TL-BIDIR  : 11
  PB-SYN_GND implemented as TL-SYN_GND: 1

Placement number of temperatures: 121
Placement total # of swap attempts: 6554
	Swaps accepted: 3269 (49.9 %)
	Swaps rejected: 1866 (28.5 %)
	Swaps aborted : 1419 (21.7 %)
Placement Quench timing analysis took 3.4064e-05 seconds (2.3907e-05 STA, 1.0157e-05 slack) (1 full updates: 1 setup, 0 hold, 0 combined).
Placement Total  timing analysis took 0.00455694 seconds (0.00315902 STA, 0.00139792 slack) (123 full updates: 123 setup, 0 hold, 0 combined).
update_td_costs: connections 0 nets 0 sum_nets 0 total 0
Incr Slack updates 123 in 0.000357444 sec
Full Max Req/Worst Slack updates 81 in 0.000124791 sec
Incr Max Req/Worst Slack updates 42 in 6e-05 sec
Incr Criticality updates 8 in 2.8231e-05 sec
Full Criticality updates 115 in 0.000419215 sec
# Placement took 1.13 seconds (max_rss 447.7 MiB, delta_rss +58.0 MiB)

Flow timing analysis took 0.00455694 seconds (0.00315902 STA, 0.00139792 slack) (123 full updates: 123 setup, 0 hold, 0 combined).
VPR succeeded
The entire flow of VPR took 29.36 seconds (max_rss 447.7 MiB)
