#Timing report of worst 7 path(s)
# Unit scale: 1e-09 seconds
# Output precision: 3

#Path 1
Startpoint: W.inpad[0] (.input clocked by virtual_io_clock)
Endpoint  : out:a.outpad[0] (.output clocked by virtual_io_clock)
Path Type : setup

Point                                                                        Incr      Path
-------------------------------------------------------------------------------------------
clock virtual_io_clock (rise edge)                                          0.000     0.000
clock source latency                                                        0.000     0.000
input external delay                                                        0.000     0.000
W.inpad[0] (.input)                                                         0.000     0.000
$iopadmap$helloworldfpga.W.I_PAD_$inp[0] (BIDIR_CELL)                       0.000     0.000
$iopadmap$helloworldfpga.W.I_DAT[0] (BIDIR_CELL)                           10.958    10.958
a_LUT4_O.c_frag.TA1[0] (C_FRAG)                                             0.000    10.958
a_LUT4_O.c_frag.CZ[0] (C_FRAG)                                              1.721    12.679
$iopadmap$helloworldfpga.a.O_DAT[0] (BIDIR_CELL)                            0.000    12.679
$iopadmap$helloworldfpga.a.O_PAD_$out[0] (BIDIR_CELL)                       9.809    22.488
out:a.outpad[0] (.output)                                                   0.000    22.488
data arrival time                                                                    22.488

clock virtual_io_clock (rise edge)                                          0.000     0.000
clock source latency                                                        0.000     0.000
clock uncertainty                                                           0.000     0.000
output external delay                                                       0.000     0.000
data required time                                                                    0.000
-------------------------------------------------------------------------------------------
data required time                                                                    0.000
data arrival time                                                                   -22.488
-------------------------------------------------------------------------------------------
slack (VIOLATED)                                                                    -22.488


#Path 2
Startpoint: W.inpad[0] (.input clocked by virtual_io_clock)
Endpoint  : out:c.outpad[0] (.output clocked by virtual_io_clock)
Path Type : setup

Point                                                                        Incr      Path
-------------------------------------------------------------------------------------------
clock virtual_io_clock (rise edge)                                          0.000     0.000
clock source latency                                                        0.000     0.000
input external delay                                                        0.000     0.000
W.inpad[0] (.input)                                                         0.000     0.000
$iopadmap$helloworldfpga.W.I_PAD_$inp[0] (BIDIR_CELL)                       0.000     0.000
$iopadmap$helloworldfpga.W.I_DAT[0] (BIDIR_CELL)                           10.958    10.958
c_LUT4_O.c_frag.TA1[0] (C_FRAG)                                             0.000    10.958
c_LUT4_O.c_frag.CZ[0] (C_FRAG)                                              1.721    12.679
$iopadmap$helloworldfpga.c.O_DAT[0] (BIDIR_CELL)                            0.000    12.679
$iopadmap$helloworldfpga.c.O_PAD_$out[0] (BIDIR_CELL)                       9.809    22.488
out:c.outpad[0] (.output)                                                   0.000    22.488
data arrival time                                                                    22.488

clock virtual_io_clock (rise edge)                                          0.000     0.000
clock source latency                                                        0.000     0.000
clock uncertainty                                                           0.000     0.000
output external delay                                                       0.000     0.000
data required time                                                                    0.000
-------------------------------------------------------------------------------------------
data required time                                                                    0.000
data arrival time                                                                   -22.488
-------------------------------------------------------------------------------------------
slack (VIOLATED)                                                                    -22.488


#Path 3
Startpoint: X.inpad[0] (.input clocked by virtual_io_clock)
Endpoint  : out:d.outpad[0] (.output clocked by virtual_io_clock)
Path Type : setup

Point                                                                        Incr      Path
-------------------------------------------------------------------------------------------
clock virtual_io_clock (rise edge)                                          0.000     0.000
clock source latency                                                        0.000     0.000
input external delay                                                        0.000     0.000
X.inpad[0] (.input)                                                         0.000     0.000
$iopadmap$helloworldfpga.X.I_PAD_$inp[0] (BIDIR_CELL)                       0.000     0.000
$iopadmap$helloworldfpga.X.I_DAT[0] (BIDIR_CELL)                           10.958    10.958
d_LUT4_O.c_frag.TA1[0] (C_FRAG)                                             0.000    10.958
d_LUT4_O.c_frag.CZ[0] (C_FRAG)                                              1.721    12.679
$iopadmap$helloworldfpga.d.O_DAT[0] (BIDIR_CELL)                            0.000    12.679
$iopadmap$helloworldfpga.d.O_PAD_$out[0] (BIDIR_CELL)                       9.809    22.488
out:d.outpad[0] (.output)                                                   0.000    22.488
data arrival time                                                                    22.488

clock virtual_io_clock (rise edge)                                          0.000     0.000
clock source latency                                                        0.000     0.000
clock uncertainty                                                           0.000     0.000
output external delay                                                       0.000     0.000
data required time                                                                    0.000
-------------------------------------------------------------------------------------------
data required time                                                                    0.000
data arrival time                                                                   -22.488
-------------------------------------------------------------------------------------------
slack (VIOLATED)                                                                    -22.488


#Path 4
Startpoint: Z.inpad[0] (.input clocked by virtual_io_clock)
Endpoint  : out:g.outpad[0] (.output clocked by virtual_io_clock)
Path Type : setup

Point                                                                        Incr      Path
-------------------------------------------------------------------------------------------
clock virtual_io_clock (rise edge)                                          0.000     0.000
clock source latency                                                        0.000     0.000
input external delay                                                        0.000     0.000
Z.inpad[0] (.input)                                                         0.000     0.000
$iopadmap$helloworldfpga.Z.I_PAD_$inp[0] (BIDIR_CELL)                       0.000     0.000
$iopadmap$helloworldfpga.Z.I_DAT[0] (BIDIR_CELL)                           10.958    10.958
g_LUT4_O.c_frag.TA1[0] (C_FRAG)                                             0.000    10.958
g_LUT4_O.c_frag.CZ[0] (C_FRAG)                                              1.721    12.679
$iopadmap$helloworldfpga.g.O_DAT[0] (BIDIR_CELL)                            0.000    12.679
$iopadmap$helloworldfpga.g.O_PAD_$out[0] (BIDIR_CELL)                       9.809    22.488
out:g.outpad[0] (.output)                                                   0.000    22.488
data arrival time                                                                    22.488

clock virtual_io_clock (rise edge)                                          0.000     0.000
clock source latency                                                        0.000     0.000
clock uncertainty                                                           0.000     0.000
output external delay                                                       0.000     0.000
data required time                                                                    0.000
-------------------------------------------------------------------------------------------
data required time                                                                    0.000
data arrival time                                                                   -22.488
-------------------------------------------------------------------------------------------
slack (VIOLATED)                                                                    -22.488


#Path 5
Startpoint: X.inpad[0] (.input clocked by virtual_io_clock)
Endpoint  : out:e.outpad[0] (.output clocked by virtual_io_clock)
Path Type : setup

Point                                                                        Incr      Path
-------------------------------------------------------------------------------------------
clock virtual_io_clock (rise edge)                                          0.000     0.000
clock source latency                                                        0.000     0.000
input external delay                                                        0.000     0.000
X.inpad[0] (.input)                                                         0.000     0.000
$iopadmap$helloworldfpga.X.I_PAD_$inp[0] (BIDIR_CELL)                       0.000     0.000
$iopadmap$helloworldfpga.X.I_DAT[0] (BIDIR_CELL)                           10.958    10.958
e_LUT4_O.c_frag.TB1[0] (C_FRAG)                                             0.000    10.958
e_LUT4_O.c_frag.CZ[0] (C_FRAG)                                              1.688    12.646
$iopadmap$helloworldfpga.e.O_DAT[0] (BIDIR_CELL)                            0.000    12.646
$iopadmap$helloworldfpga.e.O_PAD_$out[0] (BIDIR_CELL)                       9.809    22.455
out:e.outpad[0] (.output)                                                   0.000    22.455
data arrival time                                                                    22.455

clock virtual_io_clock (rise edge)                                          0.000     0.000
clock source latency                                                        0.000     0.000
clock uncertainty                                                           0.000     0.000
output external delay                                                       0.000     0.000
data required time                                                                    0.000
-------------------------------------------------------------------------------------------
data required time                                                                    0.000
data arrival time                                                                   -22.455
-------------------------------------------------------------------------------------------
slack (VIOLATED)                                                                    -22.455


#Path 6
Startpoint: X.inpad[0] (.input clocked by virtual_io_clock)
Endpoint  : out:f.outpad[0] (.output clocked by virtual_io_clock)
Path Type : setup

Point                                                                        Incr      Path
-------------------------------------------------------------------------------------------
clock virtual_io_clock (rise edge)                                          0.000     0.000
clock source latency                                                        0.000     0.000
input external delay                                                        0.000     0.000
X.inpad[0] (.input)                                                         0.000     0.000
$iopadmap$helloworldfpga.X.I_PAD_$inp[0] (BIDIR_CELL)                       0.000     0.000
$iopadmap$helloworldfpga.X.I_DAT[0] (BIDIR_CELL)                           10.958    10.958
f_LUT4_O.c_frag.TB1[0] (C_FRAG)                                             0.000    10.958
f_LUT4_O.c_frag.CZ[0] (C_FRAG)                                              1.688    12.646
$iopadmap$helloworldfpga.f.O_DAT[0] (BIDIR_CELL)                            0.000    12.646
$iopadmap$helloworldfpga.f.O_PAD_$out[0] (BIDIR_CELL)                       9.809    22.455
out:f.outpad[0] (.output)                                                   0.000    22.455
data arrival time                                                                    22.455

clock virtual_io_clock (rise edge)                                          0.000     0.000
clock source latency                                                        0.000     0.000
clock uncertainty                                                           0.000     0.000
output external delay                                                       0.000     0.000
data required time                                                                    0.000
-------------------------------------------------------------------------------------------
data required time                                                                    0.000
data arrival time                                                                   -22.455
-------------------------------------------------------------------------------------------
slack (VIOLATED)                                                                    -22.455


#Path 7
Startpoint: Y.inpad[0] (.input clocked by virtual_io_clock)
Endpoint  : out:b.outpad[0] (.output clocked by virtual_io_clock)
Path Type : setup

Point                                                                        Incr      Path
-------------------------------------------------------------------------------------------
clock virtual_io_clock (rise edge)                                          0.000     0.000
clock source latency                                                        0.000     0.000
input external delay                                                        0.000     0.000
Y.inpad[0] (.input)                                                         0.000     0.000
$iopadmap$helloworldfpga.Y.I_PAD_$inp[0] (BIDIR_CELL)                       0.000     0.000
$iopadmap$helloworldfpga.Y.I_DAT[0] (BIDIR_CELL)                           10.958    10.958
b_LUT3_O.t_frag.XA1[0] (T_FRAG)                                             0.000    10.958
b_LUT3_O.t_frag.XZ[0] (T_FRAG)                                              1.549    12.507
$iopadmap$helloworldfpga.b.O_DAT[0] (BIDIR_CELL)                            0.000    12.507
$iopadmap$helloworldfpga.b.O_PAD_$out[0] (BIDIR_CELL)                       9.809    22.316
out:b.outpad[0] (.output)                                                   0.000    22.317
data arrival time                                                                    22.317

clock virtual_io_clock (rise edge)                                          0.000     0.000
clock source latency                                                        0.000     0.000
clock uncertainty                                                           0.000     0.000
output external delay                                                       0.000     0.000
data required time                                                                    0.000
-------------------------------------------------------------------------------------------
data required time                                                                    0.000
data arrival time                                                                   -22.317
-------------------------------------------------------------------------------------------
slack (VIOLATED)                                                                    -22.317


#End of timing report
