#Timing report of worst 7 path(s)
# Unit scale: 1e-09 seconds
# Output precision: 3

#Path 1
Startpoint: W.inpad[0] (.input clocked by virtual_io_clock)
Endpoint  : out:b.outpad[0] (.output clocked by virtual_io_clock)
Path Type : hold

Point                                                                        Incr      Path
-------------------------------------------------------------------------------------------
clock virtual_io_clock (rise edge)                                          0.000     0.000
clock source latency                                                        0.000     0.000
input external delay                                                        0.000     0.000
W.inpad[0] (.input)                                                         0.000     0.000
$iopadmap$helloworldfpga.W.I_PAD_$inp[0] (BIDIR_CELL)                       0.000     0.000
$iopadmap$helloworldfpga.W.I_DAT[0] (BIDIR_CELL)                           10.153    10.153
b_LUT4_O.c_frag.TSL[0] (C_FRAG)                                             4.601    14.754
b_LUT4_O.c_frag.CZ[0] (C_FRAG)                                              1.108    15.861
$iopadmap$helloworldfpga.b.O_DAT[0] (BIDIR_CELL)                            7.584    23.446
$iopadmap$helloworldfpga.b.O_PAD_$out[0] (BIDIR_CELL)                       9.726    33.172
out:b.outpad[0] (.output)                                                   0.000    33.172
data arrival time                                                                    33.172

clock virtual_io_clock (rise edge)                                          0.000     0.000
clock source latency                                                        0.000     0.000
clock uncertainty                                                           0.000     0.000
output external delay                                                       0.000     0.000
data required time                                                                    0.000
-------------------------------------------------------------------------------------------
data required time                                                                   -0.000
data arrival time                                                                    33.172
-------------------------------------------------------------------------------------------
slack (MET)                                                                          33.172


#Path 2
Startpoint: Y.inpad[0] (.input clocked by virtual_io_clock)
Endpoint  : out:a.outpad[0] (.output clocked by virtual_io_clock)
Path Type : hold

Point                                                                        Incr      Path
-------------------------------------------------------------------------------------------
clock virtual_io_clock (rise edge)                                          0.000     0.000
clock source latency                                                        0.000     0.000
input external delay                                                        0.000     0.000
Y.inpad[0] (.input)                                                         0.000     0.000
$iopadmap$helloworldfpga.Y.I_PAD_$inp[0] (BIDIR_CELL)                       0.000     0.000
$iopadmap$helloworldfpga.Y.I_DAT[0] (BIDIR_CELL)                           10.153    10.153
a_LUT4_O.c_frag.TSL[0] (C_FRAG)                                             5.513    15.666
a_LUT4_O.c_frag.CZ[0] (C_FRAG)                                              1.108    16.774
$iopadmap$helloworldfpga.a.O_DAT[0] (BIDIR_CELL)                            7.584    24.358
$iopadmap$helloworldfpga.a.O_PAD_$out[0] (BIDIR_CELL)                       9.726    34.084
out:a.outpad[0] (.output)                                                   0.000    34.084
data arrival time                                                                    34.084

clock virtual_io_clock (rise edge)                                          0.000     0.000
clock source latency                                                        0.000     0.000
clock uncertainty                                                           0.000     0.000
output external delay                                                       0.000     0.000
data required time                                                                    0.000
-------------------------------------------------------------------------------------------
data required time                                                                   -0.000
data arrival time                                                                    34.084
-------------------------------------------------------------------------------------------
slack (MET)                                                                          34.084


#Path 3
Startpoint: X.inpad[0] (.input clocked by virtual_io_clock)
Endpoint  : out:f.outpad[0] (.output clocked by virtual_io_clock)
Path Type : hold

Point                                                                        Incr      Path
-------------------------------------------------------------------------------------------
clock virtual_io_clock (rise edge)                                          0.000     0.000
clock source latency                                                        0.000     0.000
input external delay                                                        0.000     0.000
X.inpad[0] (.input)                                                         0.000     0.000
$iopadmap$helloworldfpga.X.I_PAD_$inp[0] (BIDIR_CELL)                       0.000     0.000
$iopadmap$helloworldfpga.X.I_DAT[0] (BIDIR_CELL)                           10.153    10.153
f_LUT4_O.c_frag.TAB[0] (C_FRAG)                                             4.563    14.716
f_LUT4_O.c_frag.CZ[0] (C_FRAG)                                              0.987    15.703
$iopadmap$helloworldfpga.f.O_DAT[0] (BIDIR_CELL)                            8.844    24.546
$iopadmap$helloworldfpga.f.O_PAD_$out[0] (BIDIR_CELL)                       9.726    34.272
out:f.outpad[0] (.output)                                                   0.000    34.272
data arrival time                                                                    34.272

clock virtual_io_clock (rise edge)                                          0.000     0.000
clock source latency                                                        0.000     0.000
clock uncertainty                                                           0.000     0.000
output external delay                                                       0.000     0.000
data required time                                                                    0.000
-------------------------------------------------------------------------------------------
data required time                                                                   -0.000
data arrival time                                                                    34.272
-------------------------------------------------------------------------------------------
slack (MET)                                                                          34.272


#Path 4
Startpoint: X.inpad[0] (.input clocked by virtual_io_clock)
Endpoint  : out:g.outpad[0] (.output clocked by virtual_io_clock)
Path Type : hold

Point                                                                        Incr      Path
-------------------------------------------------------------------------------------------
clock virtual_io_clock (rise edge)                                          0.000     0.000
clock source latency                                                        0.000     0.000
input external delay                                                        0.000     0.000
X.inpad[0] (.input)                                                         0.000     0.000
$iopadmap$helloworldfpga.X.I_PAD_$inp[0] (BIDIR_CELL)                       0.000     0.000
$iopadmap$helloworldfpga.X.I_DAT[0] (BIDIR_CELL)                           10.153    10.153
g_LUT4_O.c_frag.BSL[0] (C_FRAG)                                             3.831    13.984
g_LUT4_O.c_frag.CZ[0] (C_FRAG)                                              1.041    15.026
$iopadmap$helloworldfpga.g.O_DAT[0] (BIDIR_CELL)                           10.014    25.040
$iopadmap$helloworldfpga.g.O_PAD_$out[0] (BIDIR_CELL)                       9.726    34.766
out:g.outpad[0] (.output)                                                   0.000    34.766
data arrival time                                                                    34.766

clock virtual_io_clock (rise edge)                                          0.000     0.000
clock source latency                                                        0.000     0.000
clock uncertainty                                                           0.000     0.000
output external delay                                                       0.000     0.000
data required time                                                                    0.000
-------------------------------------------------------------------------------------------
data required time                                                                   -0.000
data arrival time                                                                    34.766
-------------------------------------------------------------------------------------------
slack (MET)                                                                          34.766


#Path 5
Startpoint: W.inpad[0] (.input clocked by virtual_io_clock)
Endpoint  : out:c.outpad[0] (.output clocked by virtual_io_clock)
Path Type : hold

Point                                                                        Incr      Path
-------------------------------------------------------------------------------------------
clock virtual_io_clock (rise edge)                                          0.000     0.000
clock source latency                                                        0.000     0.000
input external delay                                                        0.000     0.000
W.inpad[0] (.input)                                                         0.000     0.000
$iopadmap$helloworldfpga.W.I_PAD_$inp[0] (BIDIR_CELL)                       0.000     0.000
$iopadmap$helloworldfpga.W.I_DAT[0] (BIDIR_CELL)                           10.153    10.153
c_LUT4_O.c_frag.BSL[0] (C_FRAG)                                             6.230    16.383
c_LUT4_O.c_frag.CZ[0] (C_FRAG)                                              1.041    17.424
$iopadmap$helloworldfpga.c.O_DAT[0] (BIDIR_CELL)                            8.844    26.268
$iopadmap$helloworldfpga.c.O_PAD_$out[0] (BIDIR_CELL)                       9.726    35.994
out:c.outpad[0] (.output)                                                   0.000    35.994
data arrival time                                                                    35.994

clock virtual_io_clock (rise edge)                                          0.000     0.000
clock source latency                                                        0.000     0.000
clock uncertainty                                                           0.000     0.000
output external delay                                                       0.000     0.000
data required time                                                                    0.000
-------------------------------------------------------------------------------------------
data required time                                                                   -0.000
data arrival time                                                                    35.994
-------------------------------------------------------------------------------------------
slack (MET)                                                                          35.994


#Path 6
Startpoint: W.inpad[0] (.input clocked by virtual_io_clock)
Endpoint  : out:d.outpad[0] (.output clocked by virtual_io_clock)
Path Type : hold

Point                                                                        Incr      Path
-------------------------------------------------------------------------------------------
clock virtual_io_clock (rise edge)                                          0.000     0.000
clock source latency                                                        0.000     0.000
input external delay                                                        0.000     0.000
W.inpad[0] (.input)                                                         0.000     0.000
$iopadmap$helloworldfpga.W.I_PAD_$inp[0] (BIDIR_CELL)                       0.000     0.000
$iopadmap$helloworldfpga.W.I_DAT[0] (BIDIR_CELL)                           10.153    10.153
d_LUT4_O.c_frag.TB2[0] (C_FRAG)                                             5.648    15.801
d_LUT4_O.c_frag.CZ[0] (C_FRAG)                                              1.466    17.266
$iopadmap$helloworldfpga.d.O_DAT[0] (BIDIR_CELL)                            9.360    26.626
$iopadmap$helloworldfpga.d.O_PAD_$out[0] (BIDIR_CELL)                       9.726    36.352
out:d.outpad[0] (.output)                                                   0.000    36.352
data arrival time                                                                    36.352

clock virtual_io_clock (rise edge)                                          0.000     0.000
clock source latency                                                        0.000     0.000
clock uncertainty                                                           0.000     0.000
output external delay                                                       0.000     0.000
data required time                                                                    0.000
-------------------------------------------------------------------------------------------
data required time                                                                   -0.000
data arrival time                                                                    36.352
-------------------------------------------------------------------------------------------
slack (MET)                                                                          36.352


#Path 7
Startpoint: X.inpad[0] (.input clocked by virtual_io_clock)
Endpoint  : out:e.outpad[0] (.output clocked by virtual_io_clock)
Path Type : hold

Point                                                                        Incr      Path
-------------------------------------------------------------------------------------------
clock virtual_io_clock (rise edge)                                          0.000     0.000
clock source latency                                                        0.000     0.000
input external delay                                                        0.000     0.000
X.inpad[0] (.input)                                                         0.000     0.000
$iopadmap$helloworldfpga.X.I_PAD_$inp[0] (BIDIR_CELL)                       0.000     0.000
$iopadmap$helloworldfpga.X.I_DAT[0] (BIDIR_CELL)                           10.153    10.153
e_LUT4_O.c_frag.TAB[0] (C_FRAG)                                             7.045    17.198
e_LUT4_O.c_frag.CZ[0] (C_FRAG)                                              0.987    18.186
$iopadmap$helloworldfpga.e.O_DAT[0] (BIDIR_CELL)                            8.844    27.029
$iopadmap$helloworldfpga.e.O_PAD_$out[0] (BIDIR_CELL)                       9.726    36.755
out:e.outpad[0] (.output)                                                   0.000    36.755
data arrival time                                                                    36.755

clock virtual_io_clock (rise edge)                                          0.000     0.000
clock source latency                                                        0.000     0.000
clock uncertainty                                                           0.000     0.000
output external delay                                                       0.000     0.000
data required time                                                                    0.000
-------------------------------------------------------------------------------------------
data required time                                                                   -0.000
data arrival time                                                                    36.755
-------------------------------------------------------------------------------------------
slack (MET)                                                                          36.755


#End of timing report
