#Timing report of worst 7 path(s)
# Unit scale: 1e-09 seconds
# Output precision: 3

#Path 1
Startpoint: Z.inpad[0] (.input clocked by virtual_io_clock)
Endpoint  : out:g.outpad[0] (.output clocked by virtual_io_clock)
Path Type : setup

Point                                                                        Incr      Path
-------------------------------------------------------------------------------------------
clock virtual_io_clock (rise edge)                                          0.000     0.000
clock source latency                                                        0.000     0.000
input external delay                                                        0.000     0.000
Z.inpad[0] (.input)                                                         0.000     0.000
$iopadmap$helloworldfpga.Z.I_PAD_$inp[0] (BIDIR_CELL)                       0.000     0.000
$iopadmap$helloworldfpga.Z.I_DAT[0] (BIDIR_CELL)                           10.958    10.958
g_LUT4_O.c_frag.BAB[0] (C_FRAG)                                             9.606    20.564
g_LUT4_O.c_frag.CZ[0] (C_FRAG)                                              1.305    21.869
$iopadmap$helloworldfpga.g.O_DAT[0] (BIDIR_CELL)                           10.014    31.884
$iopadmap$helloworldfpga.g.O_PAD_$out[0] (BIDIR_CELL)                       9.809    41.693
out:g.outpad[0] (.output)                                                   0.000    41.693
data arrival time                                                                    41.693

clock virtual_io_clock (rise edge)                                          0.000     0.000
clock source latency                                                        0.000     0.000
clock uncertainty                                                           0.000     0.000
output external delay                                                       0.000     0.000
data required time                                                                    0.000
-------------------------------------------------------------------------------------------
data required time                                                                    0.000
data arrival time                                                                   -41.693
-------------------------------------------------------------------------------------------
slack (VIOLATED)                                                                    -41.693


#Path 2
Startpoint: Z.inpad[0] (.input clocked by virtual_io_clock)
Endpoint  : out:d.outpad[0] (.output clocked by virtual_io_clock)
Path Type : setup

Point                                                                        Incr      Path
-------------------------------------------------------------------------------------------
clock virtual_io_clock (rise edge)                                          0.000     0.000
clock source latency                                                        0.000     0.000
input external delay                                                        0.000     0.000
Z.inpad[0] (.input)                                                         0.000     0.000
$iopadmap$helloworldfpga.Z.I_PAD_$inp[0] (BIDIR_CELL)                       0.000     0.000
$iopadmap$helloworldfpga.Z.I_DAT[0] (BIDIR_CELL)                           10.958    10.958
d_LUT4_O.c_frag.TBS[0] (C_FRAG)                                            10.504    21.462
d_LUT4_O.c_frag.CZ[0] (C_FRAG)                                              0.996    22.458
$iopadmap$helloworldfpga.d.O_DAT[0] (BIDIR_CELL)                            9.360    31.818
$iopadmap$helloworldfpga.d.O_PAD_$out[0] (BIDIR_CELL)                       9.809    41.627
out:d.outpad[0] (.output)                                                   0.000    41.627
data arrival time                                                                    41.627

clock virtual_io_clock (rise edge)                                          0.000     0.000
clock source latency                                                        0.000     0.000
clock uncertainty                                                           0.000     0.000
output external delay                                                       0.000     0.000
data required time                                                                    0.000
-------------------------------------------------------------------------------------------
data required time                                                                    0.000
data arrival time                                                                   -41.627
-------------------------------------------------------------------------------------------
slack (VIOLATED)                                                                    -41.627


#Path 3
Startpoint: Z.inpad[0] (.input clocked by virtual_io_clock)
Endpoint  : out:b.outpad[0] (.output clocked by virtual_io_clock)
Path Type : setup

Point                                                                        Incr      Path
-------------------------------------------------------------------------------------------
clock virtual_io_clock (rise edge)                                          0.000     0.000
clock source latency                                                        0.000     0.000
input external delay                                                        0.000     0.000
Z.inpad[0] (.input)                                                         0.000     0.000
$iopadmap$helloworldfpga.Z.I_PAD_$inp[0] (BIDIR_CELL)                       0.000     0.000
$iopadmap$helloworldfpga.Z.I_DAT[0] (BIDIR_CELL)                           10.958    10.958
b_LUT4_O.c_frag.TBS[0] (C_FRAG)                                            12.106    23.064
b_LUT4_O.c_frag.CZ[0] (C_FRAG)                                              0.996    24.060
$iopadmap$helloworldfpga.b.O_DAT[0] (BIDIR_CELL)                            7.584    31.644
$iopadmap$helloworldfpga.b.O_PAD_$out[0] (BIDIR_CELL)                       9.809    41.453
out:b.outpad[0] (.output)                                                   0.000    41.453
data arrival time                                                                    41.453

clock virtual_io_clock (rise edge)                                          0.000     0.000
clock source latency                                                        0.000     0.000
clock uncertainty                                                           0.000     0.000
output external delay                                                       0.000     0.000
data required time                                                                    0.000
-------------------------------------------------------------------------------------------
data required time                                                                    0.000
data arrival time                                                                   -41.453
-------------------------------------------------------------------------------------------
slack (VIOLATED)                                                                    -41.453


#Path 4
Startpoint: Z.inpad[0] (.input clocked by virtual_io_clock)
Endpoint  : out:c.outpad[0] (.output clocked by virtual_io_clock)
Path Type : setup

Point                                                                        Incr      Path
-------------------------------------------------------------------------------------------
clock virtual_io_clock (rise edge)                                          0.000     0.000
clock source latency                                                        0.000     0.000
input external delay                                                        0.000     0.000
Z.inpad[0] (.input)                                                         0.000     0.000
$iopadmap$helloworldfpga.Z.I_PAD_$inp[0] (BIDIR_CELL)                       0.000     0.000
$iopadmap$helloworldfpga.Z.I_DAT[0] (BIDIR_CELL)                           10.958    10.958
c_LUT4_O.c_frag.TBS[0] (C_FRAG)                                            10.470    21.428
c_LUT4_O.c_frag.CZ[0] (C_FRAG)                                              0.996    22.423
$iopadmap$helloworldfpga.c.O_DAT[0] (BIDIR_CELL)                            8.844    31.267
$iopadmap$helloworldfpga.c.O_PAD_$out[0] (BIDIR_CELL)                       9.809    41.076
out:c.outpad[0] (.output)                                                   0.000    41.076
data arrival time                                                                    41.076

clock virtual_io_clock (rise edge)                                          0.000     0.000
clock source latency                                                        0.000     0.000
clock uncertainty                                                           0.000     0.000
output external delay                                                       0.000     0.000
data required time                                                                    0.000
-------------------------------------------------------------------------------------------
data required time                                                                    0.000
data arrival time                                                                   -41.076
-------------------------------------------------------------------------------------------
slack (VIOLATED)                                                                    -41.076


#Path 5
Startpoint: Z.inpad[0] (.input clocked by virtual_io_clock)
Endpoint  : out:a.outpad[0] (.output clocked by virtual_io_clock)
Path Type : setup

Point                                                                        Incr      Path
-------------------------------------------------------------------------------------------
clock virtual_io_clock (rise edge)                                          0.000     0.000
clock source latency                                                        0.000     0.000
input external delay                                                        0.000     0.000
Z.inpad[0] (.input)                                                         0.000     0.000
$iopadmap$helloworldfpga.Z.I_PAD_$inp[0] (BIDIR_CELL)                       0.000     0.000
$iopadmap$helloworldfpga.Z.I_DAT[0] (BIDIR_CELL)                           10.958    10.958
a_LUT4_O.c_frag.TBS[0] (C_FRAG)                                            11.364    22.322
a_LUT4_O.c_frag.CZ[0] (C_FRAG)                                              0.996    23.317
$iopadmap$helloworldfpga.a.O_DAT[0] (BIDIR_CELL)                            7.584    30.902
$iopadmap$helloworldfpga.a.O_PAD_$out[0] (BIDIR_CELL)                       9.809    40.711
out:a.outpad[0] (.output)                                                   0.000    40.711
data arrival time                                                                    40.711

clock virtual_io_clock (rise edge)                                          0.000     0.000
clock source latency                                                        0.000     0.000
clock uncertainty                                                           0.000     0.000
output external delay                                                       0.000     0.000
data required time                                                                    0.000
-------------------------------------------------------------------------------------------
data required time                                                                    0.000
data arrival time                                                                   -40.711
-------------------------------------------------------------------------------------------
slack (VIOLATED)                                                                    -40.711


#Path 6
Startpoint: Z.inpad[0] (.input clocked by virtual_io_clock)
Endpoint  : out:e.outpad[0] (.output clocked by virtual_io_clock)
Path Type : setup

Point                                                                        Incr      Path
-------------------------------------------------------------------------------------------
clock virtual_io_clock (rise edge)                                          0.000     0.000
clock source latency                                                        0.000     0.000
input external delay                                                        0.000     0.000
Z.inpad[0] (.input)                                                         0.000     0.000
$iopadmap$helloworldfpga.Z.I_PAD_$inp[0] (BIDIR_CELL)                       0.000     0.000
$iopadmap$helloworldfpga.Z.I_DAT[0] (BIDIR_CELL)                           10.958    10.958
e_LUT4_O.c_frag.TBS[0] (C_FRAG)                                             9.591    20.549
e_LUT4_O.c_frag.CZ[0] (C_FRAG)                                              0.996    21.544
$iopadmap$helloworldfpga.e.O_DAT[0] (BIDIR_CELL)                            8.844    30.388
$iopadmap$helloworldfpga.e.O_PAD_$out[0] (BIDIR_CELL)                       9.809    40.197
out:e.outpad[0] (.output)                                                   0.000    40.197
data arrival time                                                                    40.197

clock virtual_io_clock (rise edge)                                          0.000     0.000
clock source latency                                                        0.000     0.000
clock uncertainty                                                           0.000     0.000
output external delay                                                       0.000     0.000
data required time                                                                    0.000
-------------------------------------------------------------------------------------------
data required time                                                                    0.000
data arrival time                                                                   -40.197
-------------------------------------------------------------------------------------------
slack (VIOLATED)                                                                    -40.197


#Path 7
Startpoint: Z.inpad[0] (.input clocked by virtual_io_clock)
Endpoint  : out:f.outpad[0] (.output clocked by virtual_io_clock)
Path Type : setup

Point                                                                        Incr      Path
-------------------------------------------------------------------------------------------
clock virtual_io_clock (rise edge)                                          0.000     0.000
clock source latency                                                        0.000     0.000
input external delay                                                        0.000     0.000
Z.inpad[0] (.input)                                                         0.000     0.000
$iopadmap$helloworldfpga.Z.I_PAD_$inp[0] (BIDIR_CELL)                       0.000     0.000
$iopadmap$helloworldfpga.Z.I_DAT[0] (BIDIR_CELL)                           10.958    10.958
f_LUT4_O.c_frag.TB1[0] (C_FRAG)                                             8.595    19.553
f_LUT4_O.c_frag.CZ[0] (C_FRAG)                                              1.688    21.241
$iopadmap$helloworldfpga.f.O_DAT[0] (BIDIR_CELL)                            8.844    30.085
$iopadmap$helloworldfpga.f.O_PAD_$out[0] (BIDIR_CELL)                       9.809    39.894
out:f.outpad[0] (.output)                                                   0.000    39.894
data arrival time                                                                    39.894

clock virtual_io_clock (rise edge)                                          0.000     0.000
clock source latency                                                        0.000     0.000
clock uncertainty                                                           0.000     0.000
output external delay                                                       0.000     0.000
data required time                                                                    0.000
-------------------------------------------------------------------------------------------
data required time                                                                    0.000
data arrival time                                                                   -39.894
-------------------------------------------------------------------------------------------
slack (VIOLATED)                                                                    -39.894


#End of timing report
