#Timing report of worst 7 path(s)
# Unit scale: 1e-09 seconds
# Output precision: 3

#Path 1
Startpoint: Y.inpad[0] (.input clocked by virtual_io_clock)
Endpoint  : out:d.outpad[0] (.output clocked by virtual_io_clock)
Path Type : hold

Point                                                                        Incr      Path
-------------------------------------------------------------------------------------------
clock virtual_io_clock (rise edge)                                          0.000     0.000
clock source latency                                                        0.000     0.000
input external delay                                                        0.000     0.000
Y.inpad[0] (.input)                                                         0.000     0.000
$iopadmap$helloworldfpga.Y.I_PAD_$inp[0] (BIDIR_CELL)                       0.000     0.000
$iopadmap$helloworldfpga.Y.I_DAT[0] (BIDIR_CELL)                           10.153    10.153
d_LUT4_O.c_frag.BSL[0] (C_FRAG)                                             4.618    14.771
d_LUT4_O.c_frag.CZ[0] (C_FRAG)                                              1.041    15.812
$iopadmap$helloworldfpga.d.O_DAT[0] (BIDIR_CELL)                            8.349    24.161
$iopadmap$helloworldfpga.d.O_PAD_$out[0] (BIDIR_CELL)                       9.726    33.887
out:d.outpad[0] (.output)                                                   0.000    33.887
data arrival time                                                                    33.887

clock virtual_io_clock (rise edge)                                          0.000     0.000
clock source latency                                                        0.000     0.000
clock uncertainty                                                           0.000     0.000
output external delay                                                       0.000     0.000
data required time                                                                    0.000
-------------------------------------------------------------------------------------------
data required time                                                                   -0.000
data arrival time                                                                    33.887
-------------------------------------------------------------------------------------------
slack (MET)                                                                          33.887


#Path 2
Startpoint: Y.inpad[0] (.input clocked by virtual_io_clock)
Endpoint  : out:f.outpad[0] (.output clocked by virtual_io_clock)
Path Type : hold

Point                                                                        Incr      Path
-------------------------------------------------------------------------------------------
clock virtual_io_clock (rise edge)                                          0.000     0.000
clock source latency                                                        0.000     0.000
input external delay                                                        0.000     0.000
Y.inpad[0] (.input)                                                         0.000     0.000
$iopadmap$helloworldfpga.Y.I_PAD_$inp[0] (BIDIR_CELL)                       0.000     0.000
$iopadmap$helloworldfpga.Y.I_DAT[0] (BIDIR_CELL)                           10.153    10.153
f_LUT4_O.c_frag.TBS[0] (C_FRAG)                                             4.505    14.658
f_LUT4_O.c_frag.CZ[0] (C_FRAG)                                              0.705    15.363
$iopadmap$helloworldfpga.f.O_DAT[0] (BIDIR_CELL)                            8.844    24.206
$iopadmap$helloworldfpga.f.O_PAD_$out[0] (BIDIR_CELL)                       9.726    33.932
out:f.outpad[0] (.output)                                                   0.000    33.932
data arrival time                                                                    33.932

clock virtual_io_clock (rise edge)                                          0.000     0.000
clock source latency                                                        0.000     0.000
clock uncertainty                                                           0.000     0.000
output external delay                                                       0.000     0.000
data required time                                                                    0.000
-------------------------------------------------------------------------------------------
data required time                                                                   -0.000
data arrival time                                                                    33.932
-------------------------------------------------------------------------------------------
slack (MET)                                                                          33.932


#Path 3
Startpoint: Y.inpad[0] (.input clocked by virtual_io_clock)
Endpoint  : out:e.outpad[0] (.output clocked by virtual_io_clock)
Path Type : hold

Point                                                                        Incr      Path
-------------------------------------------------------------------------------------------
clock virtual_io_clock (rise edge)                                          0.000     0.000
clock source latency                                                        0.000     0.000
input external delay                                                        0.000     0.000
Y.inpad[0] (.input)                                                         0.000     0.000
$iopadmap$helloworldfpga.Y.I_PAD_$inp[0] (BIDIR_CELL)                       0.000     0.000
$iopadmap$helloworldfpga.Y.I_DAT[0] (BIDIR_CELL)                           10.153    10.153
e_LUT4_O.c_frag.BSL[0] (C_FRAG)                                             7.254    17.407
e_LUT4_O.c_frag.CZ[0] (C_FRAG)                                              1.041    18.449
$iopadmap$helloworldfpga.e.O_DAT[0] (BIDIR_CELL)                            6.958    25.406
$iopadmap$helloworldfpga.e.O_PAD_$out[0] (BIDIR_CELL)                       9.726    35.132
out:e.outpad[0] (.output)                                                   0.000    35.132
data arrival time                                                                    35.132

clock virtual_io_clock (rise edge)                                          0.000     0.000
clock source latency                                                        0.000     0.000
clock uncertainty                                                           0.000     0.000
output external delay                                                       0.000     0.000
data required time                                                                    0.000
-------------------------------------------------------------------------------------------
data required time                                                                   -0.000
data arrival time                                                                    35.132
-------------------------------------------------------------------------------------------
slack (MET)                                                                          35.132


#Path 4
Startpoint: Z.inpad[0] (.input clocked by virtual_io_clock)
Endpoint  : out:c.outpad[0] (.output clocked by virtual_io_clock)
Path Type : hold

Point                                                                        Incr      Path
-------------------------------------------------------------------------------------------
clock virtual_io_clock (rise edge)                                          0.000     0.000
clock source latency                                                        0.000     0.000
input external delay                                                        0.000     0.000
Z.inpad[0] (.input)                                                         0.000     0.000
$iopadmap$helloworldfpga.Z.I_PAD_$inp[0] (BIDIR_CELL)                       0.000     0.000
$iopadmap$helloworldfpga.Z.I_DAT[0] (BIDIR_CELL)                           10.153    10.153
c_LUT4_O.c_frag.TBS[0] (C_FRAG)                                             7.629    17.782
c_LUT4_O.c_frag.CZ[0] (C_FRAG)                                              0.705    18.487
$iopadmap$helloworldfpga.c.O_DAT[0] (BIDIR_CELL)                            6.958    25.445
$iopadmap$helloworldfpga.c.O_PAD_$out[0] (BIDIR_CELL)                       9.726    35.171
out:c.outpad[0] (.output)                                                   0.000    35.171
data arrival time                                                                    35.171

clock virtual_io_clock (rise edge)                                          0.000     0.000
clock source latency                                                        0.000     0.000
clock uncertainty                                                           0.000     0.000
output external delay                                                       0.000     0.000
data required time                                                                    0.000
-------------------------------------------------------------------------------------------
data required time                                                                   -0.000
data arrival time                                                                    35.171
-------------------------------------------------------------------------------------------
slack (MET)                                                                          35.171


#Path 5
Startpoint: Z.inpad[0] (.input clocked by virtual_io_clock)
Endpoint  : out:b.outpad[0] (.output clocked by virtual_io_clock)
Path Type : hold

Point                                                                        Incr      Path
-------------------------------------------------------------------------------------------
clock virtual_io_clock (rise edge)                                          0.000     0.000
clock source latency                                                        0.000     0.000
input external delay                                                        0.000     0.000
Z.inpad[0] (.input)                                                         0.000     0.000
$iopadmap$helloworldfpga.Z.I_PAD_$inp[0] (BIDIR_CELL)                       0.000     0.000
$iopadmap$helloworldfpga.Z.I_DAT[0] (BIDIR_CELL)                           10.153    10.153
b_LUT4_O.c_frag.TBS[0] (C_FRAG)                                             7.351    17.504
b_LUT4_O.c_frag.CZ[0] (C_FRAG)                                              0.705    18.209
$iopadmap$helloworldfpga.b.O_DAT[0] (BIDIR_CELL)                            8.325    26.534
$iopadmap$helloworldfpga.b.O_PAD_$out[0] (BIDIR_CELL)                       9.726    36.260
out:b.outpad[0] (.output)                                                   0.000    36.260
data arrival time                                                                    36.260

clock virtual_io_clock (rise edge)                                          0.000     0.000
clock source latency                                                        0.000     0.000
clock uncertainty                                                           0.000     0.000
output external delay                                                       0.000     0.000
data required time                                                                    0.000
-------------------------------------------------------------------------------------------
data required time                                                                   -0.000
data arrival time                                                                    36.260
-------------------------------------------------------------------------------------------
slack (MET)                                                                          36.260


#Path 6
Startpoint: Y.inpad[0] (.input clocked by virtual_io_clock)
Endpoint  : out:g.outpad[0] (.output clocked by virtual_io_clock)
Path Type : hold

Point                                                                        Incr      Path
-------------------------------------------------------------------------------------------
clock virtual_io_clock (rise edge)                                          0.000     0.000
clock source latency                                                        0.000     0.000
input external delay                                                        0.000     0.000
Y.inpad[0] (.input)                                                         0.000     0.000
$iopadmap$helloworldfpga.Y.I_PAD_$inp[0] (BIDIR_CELL)                       0.000     0.000
$iopadmap$helloworldfpga.Y.I_DAT[0] (BIDIR_CELL)                           10.153    10.153
g_LUT4_O.c_frag.BA2[0] (C_FRAG)                                             5.214    15.367
g_LUT4_O.c_frag.CZ[0] (C_FRAG)                                              1.435    16.801
$iopadmap$helloworldfpga.g.O_DAT[0] (BIDIR_CELL)                           10.014    26.816
$iopadmap$helloworldfpga.g.O_PAD_$out[0] (BIDIR_CELL)                       9.726    36.542
out:g.outpad[0] (.output)                                                   0.000    36.542
data arrival time                                                                    36.542

clock virtual_io_clock (rise edge)                                          0.000     0.000
clock source latency                                                        0.000     0.000
clock uncertainty                                                           0.000     0.000
output external delay                                                       0.000     0.000
data required time                                                                    0.000
-------------------------------------------------------------------------------------------
data required time                                                                   -0.000
data arrival time                                                                    36.542
-------------------------------------------------------------------------------------------
slack (MET)                                                                          36.542


#Path 7
Startpoint: Z.inpad[0] (.input clocked by virtual_io_clock)
Endpoint  : out:a.outpad[0] (.output clocked by virtual_io_clock)
Path Type : hold

Point                                                                        Incr      Path
-------------------------------------------------------------------------------------------
clock virtual_io_clock (rise edge)                                          0.000     0.000
clock source latency                                                        0.000     0.000
input external delay                                                        0.000     0.000
Z.inpad[0] (.input)                                                         0.000     0.000
$iopadmap$helloworldfpga.Z.I_PAD_$inp[0] (BIDIR_CELL)                       0.000     0.000
$iopadmap$helloworldfpga.Z.I_DAT[0] (BIDIR_CELL)                           10.153    10.153
a_LUT4_O.c_frag.TBS[0] (C_FRAG)                                             7.126    17.279
a_LUT4_O.c_frag.CZ[0] (C_FRAG)                                              0.705    17.984
$iopadmap$helloworldfpga.a.O_DAT[0] (BIDIR_CELL)                            9.210    27.194
$iopadmap$helloworldfpga.a.O_PAD_$out[0] (BIDIR_CELL)                       9.726    36.920
out:a.outpad[0] (.output)                                                   0.000    36.920
data arrival time                                                                    36.920

clock virtual_io_clock (rise edge)                                          0.000     0.000
clock source latency                                                        0.000     0.000
clock uncertainty                                                           0.000     0.000
output external delay                                                       0.000     0.000
data required time                                                                    0.000
-------------------------------------------------------------------------------------------
data required time                                                                   -0.000
data arrival time                                                                    36.920
-------------------------------------------------------------------------------------------
slack (MET)                                                                          36.920


#End of timing report
