#Packing pin usage report
Type: PB-SYN_GND
	Input Pin Usage:
		Max: 0.00 (-nan)
		Avg: 0.00 (-nan)
		Min: 0.00 (-nan)
	Output Pin Usage:
		Max: 1.00 (1.00)
		Avg: 1.00 (1.00)
		Min: 1.00 (1.00)
		Histogram:
		[        0:      0.1) 0 (  0.0%) |
		[      0.1:      0.2) 0 (  0.0%) |
		[      0.2:      0.3) 0 (  0.0%) |
		[      0.3:      0.4) 0 (  0.0%) |
		[      0.4:      0.5) 0 (  0.0%) |
		[      0.5:      0.6) 0 (  0.0%) |
		[      0.6:      0.7) 0 (  0.0%) |
		[      0.7:      0.8) 0 (  0.0%) |
		[      0.8:      0.9) 0 (  0.0%) |
		[      0.9:        1) 1 (100.0%) |**************************************************

Type: PB-BIDIR
	Input Pin Usage:
		Max: 3.00 (0.38)
		Avg: 3.00 (0.38)
		Min: 3.00 (0.38)
		Histogram:
		[        0:      0.8)  0 (  0.0%) |
		[      0.8:      1.6)  0 (  0.0%) |
		[      1.6:      2.4)  0 (  0.0%) |
		[      2.4:      3.2) 32 (100.0%) |************************************************
		[      3.2:        4)  0 (  0.0%) |
		[        4:      4.8)  0 (  0.0%) |
		[      4.8:      5.6)  0 (  0.0%) |
		[      5.6:      6.4)  0 (  0.0%) |
		[      6.4:      7.2)  0 (  0.0%) |
		[      7.2:        8)  0 (  0.0%) |
	Output Pin Usage:
		Max: 1.00 (0.50)
		Avg: 1.00 (0.50)
		Min: 1.00 (0.50)
		Histogram:
		[        0:      0.2)  0 (  0.0%) |
		[      0.2:      0.4)  0 (  0.0%) |
		[      0.4:      0.6)  0 (  0.0%) |
		[      0.6:      0.8)  0 (  0.0%) |
		[      0.8:        1) 32 (100.0%) |************************************************
		[        1:      1.2)  0 (  0.0%) |
		[      1.2:      1.4)  0 (  0.0%) |
		[      1.4:      1.6)  0 (  0.0%) |
		[      1.6:      1.8)  0 (  0.0%) |
		[      1.8:        2)  0 (  0.0%) |

Type: PB-ASSP
	Input Pin Usage:
		Max: 161.00 (1.00)
		Avg: 161.00 (1.00)
		Min: 161.00 (1.00)
		Histogram:
		[        0:       16) 0 (  0.0%) |
		[       16:       32) 0 (  0.0%) |
		[       32:       48) 0 (  0.0%) |
		[       48:       64) 0 (  0.0%) |
		[       64:       80) 0 (  0.0%) |
		[       80:       97) 0 (  0.0%) |
		[       97:  1.1e+02) 0 (  0.0%) |
		[  1.1e+02:  1.3e+02) 0 (  0.0%) |
		[  1.3e+02:  1.4e+02) 0 (  0.0%) |
		[  1.4e+02:  1.6e+02) 1 (100.0%) |**************************************************
	Output Pin Usage:
		Max: 57.00 (0.40)
		Avg: 57.00 (0.40)
		Min: 57.00 (0.40)
		Histogram:
		[        0:       14) 0 (  0.0%) |
		[       14:       28) 0 (  0.0%) |
		[       28:       42) 0 (  0.0%) |
		[       42:       56) 0 (  0.0%) |
		[       56:       70) 1 (100.0%) |**************************************************
		[       70:       85) 0 (  0.0%) |
		[       85:       99) 0 (  0.0%) |
		[       99:  1.1e+02) 0 (  0.0%) |
		[  1.1e+02:  1.3e+02) 0 (  0.0%) |
		[  1.3e+02:  1.4e+02) 0 (  0.0%) |

Type: PB-LOGIC
	Input Pin Usage:
		Max: 22.00 (0.96)
		Avg: 16.83 (0.73)
		Min: 7.00 (0.30)
		Histogram:
		[        0:      2.3)  0 (  0.0%) |
		[      2.3:      4.6)  0 (  0.0%) |
		[      4.6:      6.9)  0 (  0.0%) |
		[      6.9:      9.2)  1 (  0.9%) |*
		[      9.2:       12)  0 (  0.0%) |
		[       12:       14) 39 ( 35.1%) |***************************
		[       14:       16)  0 (  0.0%) |
		[       16:       18)  0 (  0.0%) |
		[       18:       21) 70 ( 63.1%) |************************************************
		[       21:       23)  1 (  0.9%) |*
	Output Pin Usage:
		Max: 3.00 (0.75)
		Avg: 1.85 (0.46)
		Min: 1.00 (0.25)
		Histogram:
		[        0:      0.4)  0 (  0.0%) |
		[      0.4:      0.8)  0 (  0.0%) |
		[      0.8:      1.2) 19 ( 17.1%) |**********
		[      1.2:      1.6)  0 (  0.0%) |
		[      1.6:        2) 90 ( 81.1%) |************************************************
		[        2:      2.4)  0 (  0.0%) |
		[      2.4:      2.8)  0 (  0.0%) |
		[      2.8:      3.2)  2 (  1.8%) |*
		[      3.2:      3.6)  0 (  0.0%) |
		[      3.6:        4)  0 (  0.0%) |

Type: PB-GMUX
	Input Pin Usage:
		Max: 2.00 (0.67)
		Avg: 2.00 (0.67)
		Min: 2.00 (0.67)
		Histogram:
		[        0:      0.3) 0 (  0.0%) |
		[      0.3:      0.6) 0 (  0.0%) |
		[      0.6:      0.9) 0 (  0.0%) |
		[      0.9:      1.2) 0 (  0.0%) |
		[      1.2:      1.5) 0 (  0.0%) |
		[      1.5:      1.8) 0 (  0.0%) |
		[      1.8:      2.1) 2 (100.0%) |*************************************************
		[      2.1:      2.4) 0 (  0.0%) |
		[      2.4:      2.7) 0 (  0.0%) |
		[      2.7:        3) 0 (  0.0%) |
	Output Pin Usage:
		Max: 1.00 (1.00)
		Avg: 1.00 (1.00)
		Min: 1.00 (1.00)
		Histogram:
		[        0:      0.1) 0 (  0.0%) |
		[      0.1:      0.2) 0 (  0.0%) |
		[      0.2:      0.3) 0 (  0.0%) |
		[      0.3:      0.4) 0 (  0.0%) |
		[      0.4:      0.5) 0 (  0.0%) |
		[      0.5:      0.6) 0 (  0.0%) |
		[      0.6:      0.7) 0 (  0.0%) |
		[      0.7:      0.8) 0 (  0.0%) |
		[      0.8:      0.9) 0 (  0.0%) |
		[      0.9:        1) 2 (100.0%) |*************************************************

Type: PB-SYN_VCC
	Input Pin Usage:
		Max: 0.00 (-nan)
		Avg: 0.00 (-nan)
		Min: 0.00 (-nan)
	Output Pin Usage:
		Max: 1.00 (1.00)
		Avg: 1.00 (1.00)
		Min: 1.00 (1.00)
		Histogram:
		[        0:      0.1) 0 (  0.0%) |
		[      0.1:      0.2) 0 (  0.0%) |
		[      0.2:      0.3) 0 (  0.0%) |
		[      0.3:      0.4) 0 (  0.0%) |
		[      0.4:      0.5) 0 (  0.0%) |
		[      0.5:      0.6) 0 (  0.0%) |
		[      0.6:      0.7) 0 (  0.0%) |
		[      0.7:      0.8) 0 (  0.0%) |
		[      0.8:      0.9) 0 (  0.0%) |
		[      0.9:        1) 1 (100.0%) |**************************************************

