#Packing pin usage report
Type: PB-SYN_VCC
	Input Pin Usage:
		Max: 0.00 (nan)
		Avg: 0.00 (nan)
		Min: 0.00 (nan)
	Output Pin Usage:
		Max: 1.00 (1.00)
		Avg: 1.00 (1.00)
		Min: 1.00 (1.00)
		Histogram:
		[        0:      0.1) 0 (  0.0%) |
		[      0.1:      0.2) 0 (  0.0%) |
		[      0.2:      0.3) 0 (  0.0%) |
		[      0.3:      0.4) 0 (  0.0%) |
		[      0.4:      0.5) 0 (  0.0%) |
		[      0.5:      0.6) 0 (  0.0%) |
		[      0.6:      0.7) 0 (  0.0%) |
		[      0.7:      0.8) 0 (  0.0%) |
		[      0.8:      0.9) 0 (  0.0%) |
		[      0.9:        1) 1 (100.0%) |**************************************************

Type: PB-BIDIR
	Input Pin Usage:
		Max: 3.00 (0.38)
		Avg: 3.00 (0.38)
		Min: 3.00 (0.38)
		Histogram:
		[        0:      0.8) 0 (  0.0%) |
		[      0.8:      1.6) 0 (  0.0%) |
		[      1.6:      2.4) 0 (  0.0%) |
		[      2.4:      3.2) 7 (100.0%) |*************************************************
		[      3.2:        4) 0 (  0.0%) |
		[        4:      4.8) 0 (  0.0%) |
		[      4.8:      5.6) 0 (  0.0%) |
		[      5.6:      6.4) 0 (  0.0%) |
		[      6.4:      7.2) 0 (  0.0%) |
		[      7.2:        8) 0 (  0.0%) |
	Output Pin Usage:
		Max: 0.00 (0.00)
		Avg: 0.00 (0.00)
		Min: 0.00 (0.00)
		Histogram:
		[        0:      0.2) 7 (100.0%) |*************************************************
		[      0.2:      0.4) 0 (  0.0%) |
		[      0.4:      0.6) 0 (  0.0%) |
		[      0.6:      0.8) 0 (  0.0%) |
		[      0.8:        1) 0 (  0.0%) |
		[        1:      1.2) 0 (  0.0%) |
		[      1.2:      1.4) 0 (  0.0%) |
		[      1.4:      1.6) 0 (  0.0%) |
		[      1.6:      1.8) 0 (  0.0%) |
		[      1.8:        2) 0 (  0.0%) |

Type: PB-SYN_GND
	Input Pin Usage:
		Max: 0.00 (nan)
		Avg: 0.00 (nan)
		Min: 0.00 (nan)
	Output Pin Usage:
		Max: 1.00 (1.00)
		Avg: 1.00 (1.00)
		Min: 1.00 (1.00)
		Histogram:
		[        0:      0.1) 0 (  0.0%) |
		[      0.1:      0.2) 0 (  0.0%) |
		[      0.2:      0.3) 0 (  0.0%) |
		[      0.3:      0.4) 0 (  0.0%) |
		[      0.4:      0.5) 0 (  0.0%) |
		[      0.5:      0.6) 0 (  0.0%) |
		[      0.6:      0.7) 0 (  0.0%) |
		[      0.7:      0.8) 0 (  0.0%) |
		[      0.8:      0.9) 0 (  0.0%) |
		[      0.9:        1) 1 (100.0%) |**************************************************

